[2025-05-09T15:56:45.854-0600] {processor.py:161} INFO - Started process (PID=53825) to work on /Users/crobles18/Downloads/fire_incidents_pipeline/airflow/venv/lib/python3.10/site-packages/airflow/example_dags/subdags/subdag.py
[2025-05-09T15:56:45.855-0600] {processor.py:830} INFO - Processing file /Users/crobles18/Downloads/fire_incidents_pipeline/airflow/venv/lib/python3.10/site-packages/airflow/example_dags/subdags/subdag.py for tasks to queue
[2025-05-09T15:56:45.855-0600] {logging_mixin.py:188} INFO - [2025-05-09T15:56:45.855-0600] {dagbag.py:538} INFO - Filling up the DagBag from /Users/crobles18/Downloads/fire_incidents_pipeline/airflow/venv/lib/python3.10/site-packages/airflow/example_dags/subdags/subdag.py
[2025-05-09T15:56:45.857-0600] {processor.py:842} WARNING - No viable dags retrieved from /Users/crobles18/Downloads/fire_incidents_pipeline/airflow/venv/lib/python3.10/site-packages/airflow/example_dags/subdags/subdag.py
[2025-05-09T15:56:45.916-0600] {processor.py:183} INFO - Processing /Users/crobles18/Downloads/fire_incidents_pipeline/airflow/venv/lib/python3.10/site-packages/airflow/example_dags/subdags/subdag.py took 0.063 seconds
[2025-05-09T15:58:15.015-0600] {processor.py:161} INFO - Started process (PID=54002) to work on /Users/crobles18/Downloads/fire_incidents_pipeline/airflow/venv/lib/python3.10/site-packages/airflow/example_dags/subdags/subdag.py
[2025-05-09T15:58:15.016-0600] {processor.py:830} INFO - Processing file /Users/crobles18/Downloads/fire_incidents_pipeline/airflow/venv/lib/python3.10/site-packages/airflow/example_dags/subdags/subdag.py for tasks to queue
[2025-05-09T15:58:15.016-0600] {logging_mixin.py:188} INFO - [2025-05-09T15:58:15.016-0600] {dagbag.py:538} INFO - Filling up the DagBag from /Users/crobles18/Downloads/fire_incidents_pipeline/airflow/venv/lib/python3.10/site-packages/airflow/example_dags/subdags/subdag.py
[2025-05-09T15:58:15.018-0600] {processor.py:842} WARNING - No viable dags retrieved from /Users/crobles18/Downloads/fire_incidents_pipeline/airflow/venv/lib/python3.10/site-packages/airflow/example_dags/subdags/subdag.py
[2025-05-09T15:58:15.072-0600] {processor.py:183} INFO - Processing /Users/crobles18/Downloads/fire_incidents_pipeline/airflow/venv/lib/python3.10/site-packages/airflow/example_dags/subdags/subdag.py took 0.057 seconds
[2025-05-09T15:59:08.643-0600] {processor.py:161} INFO - Started process (PID=54257) to work on /Users/crobles18/Downloads/fire_incidents_pipeline/airflow/venv/lib/python3.10/site-packages/airflow/example_dags/subdags/subdag.py
[2025-05-09T15:59:08.644-0600] {processor.py:830} INFO - Processing file /Users/crobles18/Downloads/fire_incidents_pipeline/airflow/venv/lib/python3.10/site-packages/airflow/example_dags/subdags/subdag.py for tasks to queue
[2025-05-09T15:59:08.644-0600] {logging_mixin.py:188} INFO - [2025-05-09T15:59:08.644-0600] {dagbag.py:538} INFO - Filling up the DagBag from /Users/crobles18/Downloads/fire_incidents_pipeline/airflow/venv/lib/python3.10/site-packages/airflow/example_dags/subdags/subdag.py
[2025-05-09T15:59:08.645-0600] {processor.py:842} WARNING - No viable dags retrieved from /Users/crobles18/Downloads/fire_incidents_pipeline/airflow/venv/lib/python3.10/site-packages/airflow/example_dags/subdags/subdag.py
[2025-05-09T15:59:08.700-0600] {processor.py:183} INFO - Processing /Users/crobles18/Downloads/fire_incidents_pipeline/airflow/venv/lib/python3.10/site-packages/airflow/example_dags/subdags/subdag.py took 0.057 seconds
[2025-05-09T16:00:24.931-0600] {processor.py:161} INFO - Started process (PID=54508) to work on /Users/crobles18/Downloads/fire_incidents_pipeline/airflow/venv/lib/python3.10/site-packages/airflow/example_dags/subdags/subdag.py
[2025-05-09T16:00:24.933-0600] {processor.py:830} INFO - Processing file /Users/crobles18/Downloads/fire_incidents_pipeline/airflow/venv/lib/python3.10/site-packages/airflow/example_dags/subdags/subdag.py for tasks to queue
[2025-05-09T16:00:24.933-0600] {logging_mixin.py:188} INFO - [2025-05-09T16:00:24.933-0600] {dagbag.py:538} INFO - Filling up the DagBag from /Users/crobles18/Downloads/fire_incidents_pipeline/airflow/venv/lib/python3.10/site-packages/airflow/example_dags/subdags/subdag.py
[2025-05-09T16:00:24.935-0600] {processor.py:842} WARNING - No viable dags retrieved from /Users/crobles18/Downloads/fire_incidents_pipeline/airflow/venv/lib/python3.10/site-packages/airflow/example_dags/subdags/subdag.py
[2025-05-09T16:00:24.990-0600] {processor.py:183} INFO - Processing /Users/crobles18/Downloads/fire_incidents_pipeline/airflow/venv/lib/python3.10/site-packages/airflow/example_dags/subdags/subdag.py took 0.059 seconds
[2025-05-09T16:02:02.883-0600] {processor.py:161} INFO - Started process (PID=54642) to work on /Users/crobles18/Downloads/fire_incidents_pipeline/airflow/venv/lib/python3.10/site-packages/airflow/example_dags/subdags/subdag.py
[2025-05-09T16:02:02.884-0600] {processor.py:830} INFO - Processing file /Users/crobles18/Downloads/fire_incidents_pipeline/airflow/venv/lib/python3.10/site-packages/airflow/example_dags/subdags/subdag.py for tasks to queue
[2025-05-09T16:02:02.884-0600] {logging_mixin.py:188} INFO - [2025-05-09T16:02:02.884-0600] {dagbag.py:538} INFO - Filling up the DagBag from /Users/crobles18/Downloads/fire_incidents_pipeline/airflow/venv/lib/python3.10/site-packages/airflow/example_dags/subdags/subdag.py
[2025-05-09T16:02:02.885-0600] {processor.py:842} WARNING - No viable dags retrieved from /Users/crobles18/Downloads/fire_incidents_pipeline/airflow/venv/lib/python3.10/site-packages/airflow/example_dags/subdags/subdag.py
[2025-05-09T16:02:02.935-0600] {processor.py:183} INFO - Processing /Users/crobles18/Downloads/fire_incidents_pipeline/airflow/venv/lib/python3.10/site-packages/airflow/example_dags/subdags/subdag.py took 0.053 seconds
