[2025-05-09T15:57:29.426-0600] {processor.py:161} INFO - Started process (PID=53912) to work on /Users/crobles18/Downloads/fire_incidents_pipeline/airflow/venv/lib/python3.10/site-packages/airflow/example_dags/example_sensor_decorator.py
[2025-05-09T15:57:29.426-0600] {processor.py:830} INFO - Processing file /Users/crobles18/Downloads/fire_incidents_pipeline/airflow/venv/lib/python3.10/site-packages/airflow/example_dags/example_sensor_decorator.py for tasks to queue
[2025-05-09T15:57:29.426-0600] {logging_mixin.py:188} INFO - [2025-05-09T15:57:29.426-0600] {dagbag.py:538} INFO - Filling up the DagBag from /Users/crobles18/Downloads/fire_incidents_pipeline/airflow/venv/lib/python3.10/site-packages/airflow/example_dags/example_sensor_decorator.py
[2025-05-09T15:57:29.462-0600] {processor.py:840} INFO - DAG(s) 'example_sensor_decorator' retrieved from /Users/crobles18/Downloads/fire_incidents_pipeline/airflow/venv/lib/python3.10/site-packages/airflow/example_dags/example_sensor_decorator.py
[2025-05-09T15:57:29.547-0600] {logging_mixin.py:188} INFO - [2025-05-09T15:57:29.546-0600] {override.py:1769} INFO - Created Permission View: can read on DAG:example_sensor_decorator
[2025-05-09T15:57:29.550-0600] {logging_mixin.py:188} INFO - [2025-05-09T15:57:29.550-0600] {override.py:1769} INFO - Created Permission View: can delete on DAG:example_sensor_decorator
[2025-05-09T15:57:29.552-0600] {logging_mixin.py:188} INFO - [2025-05-09T15:57:29.552-0600] {override.py:1769} INFO - Created Permission View: can edit on DAG:example_sensor_decorator
[2025-05-09T15:57:29.552-0600] {logging_mixin.py:188} INFO - [2025-05-09T15:57:29.552-0600] {dag.py:3036} INFO - Sync 1 DAGs
[2025-05-09T15:57:29.556-0600] {logging_mixin.py:188} INFO - [2025-05-09T15:57:29.556-0600] {dag.py:3058} INFO - Creating ORM DAG for example_sensor_decorator
[2025-05-09T15:57:29.556-0600] {logging_mixin.py:188} INFO - [2025-05-09T15:57:29.556-0600] {dag.py:3823} INFO - Setting next_dagrun for example_sensor_decorator to None, run_after=None
[2025-05-09T15:57:29.562-0600] {processor.py:183} INFO - Processing /Users/crobles18/Downloads/fire_incidents_pipeline/airflow/venv/lib/python3.10/site-packages/airflow/example_dags/example_sensor_decorator.py took 0.137 seconds
[2025-05-09T15:59:50.462-0600] {processor.py:161} INFO - Started process (PID=54292) to work on /Users/crobles18/Downloads/fire_incidents_pipeline/airflow/venv/lib/python3.10/site-packages/airflow/example_dags/example_sensor_decorator.py
[2025-05-09T15:59:50.463-0600] {processor.py:830} INFO - Processing file /Users/crobles18/Downloads/fire_incidents_pipeline/airflow/venv/lib/python3.10/site-packages/airflow/example_dags/example_sensor_decorator.py for tasks to queue
[2025-05-09T15:59:50.463-0600] {logging_mixin.py:188} INFO - [2025-05-09T15:59:50.463-0600] {dagbag.py:538} INFO - Filling up the DagBag from /Users/crobles18/Downloads/fire_incidents_pipeline/airflow/venv/lib/python3.10/site-packages/airflow/example_dags/example_sensor_decorator.py
[2025-05-09T15:59:50.502-0600] {processor.py:840} INFO - DAG(s) 'example_sensor_decorator' retrieved from /Users/crobles18/Downloads/fire_incidents_pipeline/airflow/venv/lib/python3.10/site-packages/airflow/example_dags/example_sensor_decorator.py
[2025-05-09T15:59:50.546-0600] {logging_mixin.py:188} INFO - [2025-05-09T15:59:50.546-0600] {dag.py:3036} INFO - Sync 1 DAGs
[2025-05-09T15:59:50.550-0600] {logging_mixin.py:188} INFO - [2025-05-09T15:59:50.550-0600] {dag.py:3823} INFO - Setting next_dagrun for example_sensor_decorator to None, run_after=None
[2025-05-09T15:59:50.558-0600] {processor.py:183} INFO - Processing /Users/crobles18/Downloads/fire_incidents_pipeline/airflow/venv/lib/python3.10/site-packages/airflow/example_dags/example_sensor_decorator.py took 0.096 seconds
[2025-05-09T16:01:18.947-0600] {processor.py:161} INFO - Started process (PID=54591) to work on /Users/crobles18/Downloads/fire_incidents_pipeline/airflow/venv/lib/python3.10/site-packages/airflow/example_dags/example_sensor_decorator.py
[2025-05-09T16:01:18.948-0600] {processor.py:830} INFO - Processing file /Users/crobles18/Downloads/fire_incidents_pipeline/airflow/venv/lib/python3.10/site-packages/airflow/example_dags/example_sensor_decorator.py for tasks to queue
[2025-05-09T16:01:18.948-0600] {logging_mixin.py:188} INFO - [2025-05-09T16:01:18.948-0600] {dagbag.py:538} INFO - Filling up the DagBag from /Users/crobles18/Downloads/fire_incidents_pipeline/airflow/venv/lib/python3.10/site-packages/airflow/example_dags/example_sensor_decorator.py
[2025-05-09T16:01:18.981-0600] {processor.py:840} INFO - DAG(s) 'example_sensor_decorator' retrieved from /Users/crobles18/Downloads/fire_incidents_pipeline/airflow/venv/lib/python3.10/site-packages/airflow/example_dags/example_sensor_decorator.py
[2025-05-09T16:01:19.022-0600] {logging_mixin.py:188} INFO - [2025-05-09T16:01:19.022-0600] {dag.py:3036} INFO - Sync 1 DAGs
[2025-05-09T16:01:19.026-0600] {logging_mixin.py:188} INFO - [2025-05-09T16:01:19.026-0600] {dag.py:3823} INFO - Setting next_dagrun for example_sensor_decorator to None, run_after=None
[2025-05-09T16:01:19.034-0600] {processor.py:183} INFO - Processing /Users/crobles18/Downloads/fire_incidents_pipeline/airflow/venv/lib/python3.10/site-packages/airflow/example_dags/example_sensor_decorator.py took 0.087 seconds
