[2025-05-09T15:57:36.555-0600] {processor.py:161} INFO - Started process (PID=53923) to work on /Users/crobles18/Downloads/fire_incidents_pipeline/airflow/venv/lib/python3.10/site-packages/airflow/example_dags/example_params_ui_tutorial.py
[2025-05-09T15:57:36.555-0600] {processor.py:830} INFO - Processing file /Users/crobles18/Downloads/fire_incidents_pipeline/airflow/venv/lib/python3.10/site-packages/airflow/example_dags/example_params_ui_tutorial.py for tasks to queue
[2025-05-09T15:57:36.556-0600] {logging_mixin.py:188} INFO - [2025-05-09T15:57:36.556-0600] {dagbag.py:538} INFO - Filling up the DagBag from /Users/crobles18/Downloads/fire_incidents_pipeline/airflow/venv/lib/python3.10/site-packages/airflow/example_dags/example_params_ui_tutorial.py
[2025-05-09T15:57:36.597-0600] {processor.py:840} INFO - DAG(s) 'example_params_ui_tutorial' retrieved from /Users/crobles18/Downloads/fire_incidents_pipeline/airflow/venv/lib/python3.10/site-packages/airflow/example_dags/example_params_ui_tutorial.py
[2025-05-09T15:57:36.691-0600] {logging_mixin.py:188} INFO - [2025-05-09T15:57:36.691-0600] {override.py:1769} INFO - Created Permission View: can delete on DAG:example_params_ui_tutorial
[2025-05-09T15:57:36.695-0600] {logging_mixin.py:188} INFO - [2025-05-09T15:57:36.695-0600] {override.py:1769} INFO - Created Permission View: can edit on DAG:example_params_ui_tutorial
[2025-05-09T15:57:36.697-0600] {logging_mixin.py:188} INFO - [2025-05-09T15:57:36.697-0600] {override.py:1769} INFO - Created Permission View: can read on DAG:example_params_ui_tutorial
[2025-05-09T15:57:36.697-0600] {logging_mixin.py:188} INFO - [2025-05-09T15:57:36.697-0600] {dag.py:3036} INFO - Sync 1 DAGs
[2025-05-09T15:57:36.701-0600] {logging_mixin.py:188} INFO - [2025-05-09T15:57:36.701-0600] {dag.py:3058} INFO - Creating ORM DAG for example_params_ui_tutorial
[2025-05-09T15:57:36.701-0600] {logging_mixin.py:188} INFO - [2025-05-09T15:57:36.701-0600] {dag.py:3823} INFO - Setting next_dagrun for example_params_ui_tutorial to None, run_after=None
[2025-05-09T15:57:36.708-0600] {processor.py:183} INFO - Processing /Users/crobles18/Downloads/fire_incidents_pipeline/airflow/venv/lib/python3.10/site-packages/airflow/example_dags/example_params_ui_tutorial.py took 0.153 seconds
[2025-05-09T15:59:58.308-0600] {processor.py:161} INFO - Started process (PID=54296) to work on /Users/crobles18/Downloads/fire_incidents_pipeline/airflow/venv/lib/python3.10/site-packages/airflow/example_dags/example_params_ui_tutorial.py
[2025-05-09T15:59:58.308-0600] {processor.py:830} INFO - Processing file /Users/crobles18/Downloads/fire_incidents_pipeline/airflow/venv/lib/python3.10/site-packages/airflow/example_dags/example_params_ui_tutorial.py for tasks to queue
[2025-05-09T15:59:58.309-0600] {logging_mixin.py:188} INFO - [2025-05-09T15:59:58.308-0600] {dagbag.py:538} INFO - Filling up the DagBag from /Users/crobles18/Downloads/fire_incidents_pipeline/airflow/venv/lib/python3.10/site-packages/airflow/example_dags/example_params_ui_tutorial.py
[2025-05-09T15:59:58.348-0600] {processor.py:840} INFO - DAG(s) 'example_params_ui_tutorial' retrieved from /Users/crobles18/Downloads/fire_incidents_pipeline/airflow/venv/lib/python3.10/site-packages/airflow/example_dags/example_params_ui_tutorial.py
[2025-05-09T15:59:58.399-0600] {logging_mixin.py:188} INFO - [2025-05-09T15:59:58.399-0600] {dag.py:3036} INFO - Sync 1 DAGs
[2025-05-09T15:59:58.403-0600] {logging_mixin.py:188} INFO - [2025-05-09T15:59:58.403-0600] {dag.py:3823} INFO - Setting next_dagrun for example_params_ui_tutorial to None, run_after=None
[2025-05-09T15:59:58.410-0600] {processor.py:183} INFO - Processing /Users/crobles18/Downloads/fire_incidents_pipeline/airflow/venv/lib/python3.10/site-packages/airflow/example_dags/example_params_ui_tutorial.py took 0.103 seconds
[2025-05-09T16:01:26.060-0600] {processor.py:161} INFO - Started process (PID=54601) to work on /Users/crobles18/Downloads/fire_incidents_pipeline/airflow/venv/lib/python3.10/site-packages/airflow/example_dags/example_params_ui_tutorial.py
[2025-05-09T16:01:26.060-0600] {processor.py:830} INFO - Processing file /Users/crobles18/Downloads/fire_incidents_pipeline/airflow/venv/lib/python3.10/site-packages/airflow/example_dags/example_params_ui_tutorial.py for tasks to queue
[2025-05-09T16:01:26.061-0600] {logging_mixin.py:188} INFO - [2025-05-09T16:01:26.060-0600] {dagbag.py:538} INFO - Filling up the DagBag from /Users/crobles18/Downloads/fire_incidents_pipeline/airflow/venv/lib/python3.10/site-packages/airflow/example_dags/example_params_ui_tutorial.py
[2025-05-09T16:01:26.102-0600] {processor.py:840} INFO - DAG(s) 'example_params_ui_tutorial' retrieved from /Users/crobles18/Downloads/fire_incidents_pipeline/airflow/venv/lib/python3.10/site-packages/airflow/example_dags/example_params_ui_tutorial.py
[2025-05-09T16:01:26.154-0600] {logging_mixin.py:188} INFO - [2025-05-09T16:01:26.154-0600] {dag.py:3036} INFO - Sync 1 DAGs
[2025-05-09T16:01:26.158-0600] {logging_mixin.py:188} INFO - [2025-05-09T16:01:26.158-0600] {dag.py:3823} INFO - Setting next_dagrun for example_params_ui_tutorial to None, run_after=None
[2025-05-09T16:01:26.166-0600] {processor.py:183} INFO - Processing /Users/crobles18/Downloads/fire_incidents_pipeline/airflow/venv/lib/python3.10/site-packages/airflow/example_dags/example_params_ui_tutorial.py took 0.106 seconds
