[2025-05-09T15:57:30.696-0600] {processor.py:161} INFO - Started process (PID=53913) to work on /Users/crobles18/Downloads/fire_incidents_pipeline/airflow/venv/lib/python3.10/site-packages/airflow/example_dags/example_python_operator.py
[2025-05-09T15:57:30.697-0600] {processor.py:830} INFO - Processing file /Users/crobles18/Downloads/fire_incidents_pipeline/airflow/venv/lib/python3.10/site-packages/airflow/example_dags/example_python_operator.py for tasks to queue
[2025-05-09T15:57:30.697-0600] {logging_mixin.py:188} INFO - [2025-05-09T15:57:30.697-0600] {dagbag.py:538} INFO - Filling up the DagBag from /Users/crobles18/Downloads/fire_incidents_pipeline/airflow/venv/lib/python3.10/site-packages/airflow/example_dags/example_python_operator.py
[2025-05-09T15:57:30.734-0600] {processor.py:840} INFO - DAG(s) 'example_python_operator' retrieved from /Users/crobles18/Downloads/fire_incidents_pipeline/airflow/venv/lib/python3.10/site-packages/airflow/example_dags/example_python_operator.py
[2025-05-09T15:57:30.809-0600] {logging_mixin.py:188} INFO - [2025-05-09T15:57:30.809-0600] {override.py:1769} INFO - Created Permission View: can edit on DAG:example_python_operator
[2025-05-09T15:57:30.812-0600] {logging_mixin.py:188} INFO - [2025-05-09T15:57:30.812-0600] {override.py:1769} INFO - Created Permission View: can delete on DAG:example_python_operator
[2025-05-09T15:57:30.814-0600] {logging_mixin.py:188} INFO - [2025-05-09T15:57:30.814-0600] {override.py:1769} INFO - Created Permission View: can read on DAG:example_python_operator
[2025-05-09T15:57:30.814-0600] {logging_mixin.py:188} INFO - [2025-05-09T15:57:30.814-0600] {dag.py:3036} INFO - Sync 1 DAGs
[2025-05-09T15:57:30.818-0600] {logging_mixin.py:188} INFO - [2025-05-09T15:57:30.818-0600] {dag.py:3058} INFO - Creating ORM DAG for example_python_operator
[2025-05-09T15:57:30.818-0600] {logging_mixin.py:188} INFO - [2025-05-09T15:57:30.818-0600] {dag.py:3823} INFO - Setting next_dagrun for example_python_operator to None, run_after=None
[2025-05-09T15:57:30.824-0600] {processor.py:183} INFO - Processing /Users/crobles18/Downloads/fire_incidents_pipeline/airflow/venv/lib/python3.10/site-packages/airflow/example_dags/example_python_operator.py took 0.128 seconds
[2025-05-09T15:59:52.449-0600] {processor.py:161} INFO - Started process (PID=54293) to work on /Users/crobles18/Downloads/fire_incidents_pipeline/airflow/venv/lib/python3.10/site-packages/airflow/example_dags/example_python_operator.py
[2025-05-09T15:59:52.450-0600] {processor.py:830} INFO - Processing file /Users/crobles18/Downloads/fire_incidents_pipeline/airflow/venv/lib/python3.10/site-packages/airflow/example_dags/example_python_operator.py for tasks to queue
[2025-05-09T15:59:52.450-0600] {logging_mixin.py:188} INFO - [2025-05-09T15:59:52.450-0600] {dagbag.py:538} INFO - Filling up the DagBag from /Users/crobles18/Downloads/fire_incidents_pipeline/airflow/venv/lib/python3.10/site-packages/airflow/example_dags/example_python_operator.py
[2025-05-09T15:59:52.484-0600] {processor.py:840} INFO - DAG(s) 'example_python_operator' retrieved from /Users/crobles18/Downloads/fire_incidents_pipeline/airflow/venv/lib/python3.10/site-packages/airflow/example_dags/example_python_operator.py
[2025-05-09T15:59:52.567-0600] {logging_mixin.py:188} INFO - [2025-05-09T15:59:52.567-0600] {dag.py:3036} INFO - Sync 1 DAGs
[2025-05-09T15:59:52.570-0600] {logging_mixin.py:188} INFO - [2025-05-09T15:59:52.570-0600] {dag.py:3823} INFO - Setting next_dagrun for example_python_operator to None, run_after=None
[2025-05-09T15:59:52.578-0600] {processor.py:183} INFO - Processing /Users/crobles18/Downloads/fire_incidents_pipeline/airflow/venv/lib/python3.10/site-packages/airflow/example_dags/example_python_operator.py took 0.129 seconds
[2025-05-09T16:01:20.638-0600] {processor.py:161} INFO - Started process (PID=54596) to work on /Users/crobles18/Downloads/fire_incidents_pipeline/airflow/venv/lib/python3.10/site-packages/airflow/example_dags/example_python_operator.py
[2025-05-09T16:01:20.638-0600] {processor.py:830} INFO - Processing file /Users/crobles18/Downloads/fire_incidents_pipeline/airflow/venv/lib/python3.10/site-packages/airflow/example_dags/example_python_operator.py for tasks to queue
[2025-05-09T16:01:20.639-0600] {logging_mixin.py:188} INFO - [2025-05-09T16:01:20.639-0600] {dagbag.py:538} INFO - Filling up the DagBag from /Users/crobles18/Downloads/fire_incidents_pipeline/airflow/venv/lib/python3.10/site-packages/airflow/example_dags/example_python_operator.py
[2025-05-09T16:01:20.672-0600] {processor.py:840} INFO - DAG(s) 'example_python_operator' retrieved from /Users/crobles18/Downloads/fire_incidents_pipeline/airflow/venv/lib/python3.10/site-packages/airflow/example_dags/example_python_operator.py
[2025-05-09T16:01:20.755-0600] {logging_mixin.py:188} INFO - [2025-05-09T16:01:20.755-0600] {dag.py:3036} INFO - Sync 1 DAGs
[2025-05-09T16:01:20.759-0600] {logging_mixin.py:188} INFO - [2025-05-09T16:01:20.759-0600] {dag.py:3823} INFO - Setting next_dagrun for example_python_operator to None, run_after=None
[2025-05-09T16:01:20.766-0600] {processor.py:183} INFO - Processing /Users/crobles18/Downloads/fire_incidents_pipeline/airflow/venv/lib/python3.10/site-packages/airflow/example_dags/example_python_operator.py took 0.129 seconds
