[2025-05-09T15:57:24.107-0600] {processor.py:161} INFO - Started process (PID=53907) to work on /Users/crobles18/Downloads/fire_incidents_pipeline/airflow/venv/lib/python3.10/site-packages/airflow/example_dags/example_setup_teardown_taskflow.py
[2025-05-09T15:57:24.108-0600] {processor.py:830} INFO - Processing file /Users/crobles18/Downloads/fire_incidents_pipeline/airflow/venv/lib/python3.10/site-packages/airflow/example_dags/example_setup_teardown_taskflow.py for tasks to queue
[2025-05-09T15:57:24.108-0600] {logging_mixin.py:188} INFO - [2025-05-09T15:57:24.108-0600] {dagbag.py:538} INFO - Filling up the DagBag from /Users/crobles18/Downloads/fire_incidents_pipeline/airflow/venv/lib/python3.10/site-packages/airflow/example_dags/example_setup_teardown_taskflow.py
[2025-05-09T15:57:24.143-0600] {processor.py:840} INFO - DAG(s) 'example_setup_teardown_taskflow' retrieved from /Users/crobles18/Downloads/fire_incidents_pipeline/airflow/venv/lib/python3.10/site-packages/airflow/example_dags/example_setup_teardown_taskflow.py
[2025-05-09T15:57:24.215-0600] {logging_mixin.py:188} INFO - [2025-05-09T15:57:24.215-0600] {override.py:1769} INFO - Created Permission View: can edit on DAG:example_setup_teardown_taskflow
[2025-05-09T15:57:24.218-0600] {logging_mixin.py:188} INFO - [2025-05-09T15:57:24.218-0600] {override.py:1769} INFO - Created Permission View: can read on DAG:example_setup_teardown_taskflow
[2025-05-09T15:57:24.220-0600] {logging_mixin.py:188} INFO - [2025-05-09T15:57:24.220-0600] {override.py:1769} INFO - Created Permission View: can delete on DAG:example_setup_teardown_taskflow
[2025-05-09T15:57:24.220-0600] {logging_mixin.py:188} INFO - [2025-05-09T15:57:24.220-0600] {dag.py:3036} INFO - Sync 1 DAGs
[2025-05-09T15:57:24.224-0600] {logging_mixin.py:188} INFO - [2025-05-09T15:57:24.223-0600] {dag.py:3058} INFO - Creating ORM DAG for example_setup_teardown_taskflow
[2025-05-09T15:57:24.227-0600] {logging_mixin.py:188} INFO - [2025-05-09T15:57:24.227-0600] {dag.py:3823} INFO - Setting next_dagrun for example_setup_teardown_taskflow to 2025-05-08 00:00:00+00:00, run_after=2025-05-09 00:00:00+00:00
[2025-05-09T15:57:24.233-0600] {processor.py:183} INFO - Processing /Users/crobles18/Downloads/fire_incidents_pipeline/airflow/venv/lib/python3.10/site-packages/airflow/example_dags/example_setup_teardown_taskflow.py took 0.126 seconds
[2025-05-09T15:59:44.964-0600] {processor.py:161} INFO - Started process (PID=54287) to work on /Users/crobles18/Downloads/fire_incidents_pipeline/airflow/venv/lib/python3.10/site-packages/airflow/example_dags/example_setup_teardown_taskflow.py
[2025-05-09T15:59:44.965-0600] {processor.py:830} INFO - Processing file /Users/crobles18/Downloads/fire_incidents_pipeline/airflow/venv/lib/python3.10/site-packages/airflow/example_dags/example_setup_teardown_taskflow.py for tasks to queue
[2025-05-09T15:59:44.965-0600] {logging_mixin.py:188} INFO - [2025-05-09T15:59:44.965-0600] {dagbag.py:538} INFO - Filling up the DagBag from /Users/crobles18/Downloads/fire_incidents_pipeline/airflow/venv/lib/python3.10/site-packages/airflow/example_dags/example_setup_teardown_taskflow.py
[2025-05-09T15:59:44.999-0600] {processor.py:840} INFO - DAG(s) 'example_setup_teardown_taskflow' retrieved from /Users/crobles18/Downloads/fire_incidents_pipeline/airflow/venv/lib/python3.10/site-packages/airflow/example_dags/example_setup_teardown_taskflow.py
[2025-05-09T15:59:45.037-0600] {logging_mixin.py:188} INFO - [2025-05-09T15:59:45.036-0600] {dag.py:3036} INFO - Sync 1 DAGs
[2025-05-09T15:59:45.043-0600] {logging_mixin.py:188} INFO - [2025-05-09T15:59:45.043-0600] {dag.py:3823} INFO - Setting next_dagrun for example_setup_teardown_taskflow to 2025-05-08 00:00:00+00:00, run_after=2025-05-09 00:00:00+00:00
[2025-05-09T15:59:45.050-0600] {processor.py:183} INFO - Processing /Users/crobles18/Downloads/fire_incidents_pipeline/airflow/venv/lib/python3.10/site-packages/airflow/example_dags/example_setup_teardown_taskflow.py took 0.086 seconds
[2025-05-09T16:01:13.509-0600] {processor.py:161} INFO - Started process (PID=54584) to work on /Users/crobles18/Downloads/fire_incidents_pipeline/airflow/venv/lib/python3.10/site-packages/airflow/example_dags/example_setup_teardown_taskflow.py
[2025-05-09T16:01:13.509-0600] {processor.py:830} INFO - Processing file /Users/crobles18/Downloads/fire_incidents_pipeline/airflow/venv/lib/python3.10/site-packages/airflow/example_dags/example_setup_teardown_taskflow.py for tasks to queue
[2025-05-09T16:01:13.510-0600] {logging_mixin.py:188} INFO - [2025-05-09T16:01:13.510-0600] {dagbag.py:538} INFO - Filling up the DagBag from /Users/crobles18/Downloads/fire_incidents_pipeline/airflow/venv/lib/python3.10/site-packages/airflow/example_dags/example_setup_teardown_taskflow.py
[2025-05-09T16:01:13.544-0600] {processor.py:840} INFO - DAG(s) 'example_setup_teardown_taskflow' retrieved from /Users/crobles18/Downloads/fire_incidents_pipeline/airflow/venv/lib/python3.10/site-packages/airflow/example_dags/example_setup_teardown_taskflow.py
[2025-05-09T16:01:13.581-0600] {logging_mixin.py:188} INFO - [2025-05-09T16:01:13.581-0600] {dag.py:3036} INFO - Sync 1 DAGs
[2025-05-09T16:01:13.587-0600] {logging_mixin.py:188} INFO - [2025-05-09T16:01:13.587-0600] {dag.py:3823} INFO - Setting next_dagrun for example_setup_teardown_taskflow to 2025-05-08 00:00:00+00:00, run_after=2025-05-09 00:00:00+00:00
[2025-05-09T16:01:13.594-0600] {processor.py:183} INFO - Processing /Users/crobles18/Downloads/fire_incidents_pipeline/airflow/venv/lib/python3.10/site-packages/airflow/example_dags/example_setup_teardown_taskflow.py took 0.085 seconds
