[2025-05-09T15:57:25.977-0600] {processor.py:161} INFO - Started process (PID=53908) to work on /Users/crobles18/Downloads/fire_incidents_pipeline/airflow/venv/lib/python3.10/site-packages/airflow/example_dags/example_setup_teardown.py
[2025-05-09T15:57:25.977-0600] {processor.py:830} INFO - Processing file /Users/crobles18/Downloads/fire_incidents_pipeline/airflow/venv/lib/python3.10/site-packages/airflow/example_dags/example_setup_teardown.py for tasks to queue
[2025-05-09T15:57:25.978-0600] {logging_mixin.py:188} INFO - [2025-05-09T15:57:25.978-0600] {dagbag.py:538} INFO - Filling up the DagBag from /Users/crobles18/Downloads/fire_incidents_pipeline/airflow/venv/lib/python3.10/site-packages/airflow/example_dags/example_setup_teardown.py
[2025-05-09T15:57:26.002-0600] {processor.py:840} INFO - DAG(s) 'example_setup_teardown' retrieved from /Users/crobles18/Downloads/fire_incidents_pipeline/airflow/venv/lib/python3.10/site-packages/airflow/example_dags/example_setup_teardown.py
[2025-05-09T15:57:26.079-0600] {logging_mixin.py:188} INFO - [2025-05-09T15:57:26.079-0600] {override.py:1769} INFO - Created Permission View: can read on DAG:example_setup_teardown
[2025-05-09T15:57:26.092-0600] {logging_mixin.py:188} INFO - [2025-05-09T15:57:26.092-0600] {override.py:1769} INFO - Created Permission View: can edit on DAG:example_setup_teardown
[2025-05-09T15:57:26.098-0600] {logging_mixin.py:188} INFO - [2025-05-09T15:57:26.098-0600] {override.py:1769} INFO - Created Permission View: can delete on DAG:example_setup_teardown
[2025-05-09T15:57:26.098-0600] {logging_mixin.py:188} INFO - [2025-05-09T15:57:26.098-0600] {dag.py:3036} INFO - Sync 1 DAGs
[2025-05-09T15:57:26.109-0600] {logging_mixin.py:188} INFO - [2025-05-09T15:57:26.109-0600] {dag.py:3058} INFO - Creating ORM DAG for example_setup_teardown
[2025-05-09T15:57:26.113-0600] {logging_mixin.py:188} INFO - [2025-05-09T15:57:26.113-0600] {dag.py:3823} INFO - Setting next_dagrun for example_setup_teardown to 2025-05-08 00:00:00+00:00, run_after=2025-05-09 00:00:00+00:00
[2025-05-09T15:57:26.127-0600] {processor.py:183} INFO - Processing /Users/crobles18/Downloads/fire_incidents_pipeline/airflow/venv/lib/python3.10/site-packages/airflow/example_dags/example_setup_teardown.py took 0.150 seconds
[2025-05-09T15:59:46.745-0600] {processor.py:161} INFO - Started process (PID=54288) to work on /Users/crobles18/Downloads/fire_incidents_pipeline/airflow/venv/lib/python3.10/site-packages/airflow/example_dags/example_setup_teardown.py
[2025-05-09T15:59:46.746-0600] {processor.py:830} INFO - Processing file /Users/crobles18/Downloads/fire_incidents_pipeline/airflow/venv/lib/python3.10/site-packages/airflow/example_dags/example_setup_teardown.py for tasks to queue
[2025-05-09T15:59:46.746-0600] {logging_mixin.py:188} INFO - [2025-05-09T15:59:46.746-0600] {dagbag.py:538} INFO - Filling up the DagBag from /Users/crobles18/Downloads/fire_incidents_pipeline/airflow/venv/lib/python3.10/site-packages/airflow/example_dags/example_setup_teardown.py
[2025-05-09T15:59:46.768-0600] {processor.py:840} INFO - DAG(s) 'example_setup_teardown' retrieved from /Users/crobles18/Downloads/fire_incidents_pipeline/airflow/venv/lib/python3.10/site-packages/airflow/example_dags/example_setup_teardown.py
[2025-05-09T15:59:46.805-0600] {logging_mixin.py:188} INFO - [2025-05-09T15:59:46.805-0600] {dag.py:3036} INFO - Sync 1 DAGs
[2025-05-09T15:59:46.811-0600] {logging_mixin.py:188} INFO - [2025-05-09T15:59:46.811-0600] {dag.py:3823} INFO - Setting next_dagrun for example_setup_teardown to 2025-05-08 00:00:00+00:00, run_after=2025-05-09 00:00:00+00:00
[2025-05-09T15:59:46.818-0600] {processor.py:183} INFO - Processing /Users/crobles18/Downloads/fire_incidents_pipeline/airflow/venv/lib/python3.10/site-packages/airflow/example_dags/example_setup_teardown.py took 0.073 seconds
[2025-05-09T16:01:15.316-0600] {processor.py:161} INFO - Started process (PID=54589) to work on /Users/crobles18/Downloads/fire_incidents_pipeline/airflow/venv/lib/python3.10/site-packages/airflow/example_dags/example_setup_teardown.py
[2025-05-09T16:01:15.317-0600] {processor.py:830} INFO - Processing file /Users/crobles18/Downloads/fire_incidents_pipeline/airflow/venv/lib/python3.10/site-packages/airflow/example_dags/example_setup_teardown.py for tasks to queue
[2025-05-09T16:01:15.317-0600] {logging_mixin.py:188} INFO - [2025-05-09T16:01:15.317-0600] {dagbag.py:538} INFO - Filling up the DagBag from /Users/crobles18/Downloads/fire_incidents_pipeline/airflow/venv/lib/python3.10/site-packages/airflow/example_dags/example_setup_teardown.py
[2025-05-09T16:01:15.339-0600] {processor.py:840} INFO - DAG(s) 'example_setup_teardown' retrieved from /Users/crobles18/Downloads/fire_incidents_pipeline/airflow/venv/lib/python3.10/site-packages/airflow/example_dags/example_setup_teardown.py
[2025-05-09T16:01:15.376-0600] {logging_mixin.py:188} INFO - [2025-05-09T16:01:15.376-0600] {dag.py:3036} INFO - Sync 1 DAGs
[2025-05-09T16:01:15.382-0600] {logging_mixin.py:188} INFO - [2025-05-09T16:01:15.382-0600] {dag.py:3823} INFO - Setting next_dagrun for example_setup_teardown to 2025-05-08 00:00:00+00:00, run_after=2025-05-09 00:00:00+00:00
[2025-05-09T16:01:15.389-0600] {processor.py:183} INFO - Processing /Users/crobles18/Downloads/fire_incidents_pipeline/airflow/venv/lib/python3.10/site-packages/airflow/example_dags/example_setup_teardown.py took 0.073 seconds
