[2025-05-09T15:57:16.641-0600] {processor.py:161} INFO - Started process (PID=53898) to work on /Users/crobles18/Downloads/fire_incidents_pipeline/airflow/venv/lib/python3.10/site-packages/airflow/example_dags/example_sla_dag.py
[2025-05-09T15:57:16.641-0600] {processor.py:830} INFO - Processing file /Users/crobles18/Downloads/fire_incidents_pipeline/airflow/venv/lib/python3.10/site-packages/airflow/example_dags/example_sla_dag.py for tasks to queue
[2025-05-09T15:57:16.641-0600] {logging_mixin.py:188} INFO - [2025-05-09T15:57:16.641-0600] {dagbag.py:538} INFO - Filling up the DagBag from /Users/crobles18/Downloads/fire_incidents_pipeline/airflow/venv/lib/python3.10/site-packages/airflow/example_dags/example_sla_dag.py
[2025-05-09T15:57:16.675-0600] {processor.py:840} INFO - DAG(s) 'example_sla_dag' retrieved from /Users/crobles18/Downloads/fire_incidents_pipeline/airflow/venv/lib/python3.10/site-packages/airflow/example_dags/example_sla_dag.py
[2025-05-09T15:57:16.744-0600] {logging_mixin.py:188} INFO - [2025-05-09T15:57:16.744-0600] {override.py:1769} INFO - Created Permission View: can edit on DAG:example_sla_dag
[2025-05-09T15:57:16.747-0600] {logging_mixin.py:188} INFO - [2025-05-09T15:57:16.747-0600] {override.py:1769} INFO - Created Permission View: can delete on DAG:example_sla_dag
[2025-05-09T15:57:16.749-0600] {logging_mixin.py:188} INFO - [2025-05-09T15:57:16.749-0600] {override.py:1769} INFO - Created Permission View: can read on DAG:example_sla_dag
[2025-05-09T15:57:16.749-0600] {logging_mixin.py:188} INFO - [2025-05-09T15:57:16.749-0600] {dag.py:3036} INFO - Sync 1 DAGs
[2025-05-09T15:57:16.752-0600] {logging_mixin.py:188} INFO - [2025-05-09T15:57:16.752-0600] {dag.py:3058} INFO - Creating ORM DAG for example_sla_dag
[2025-05-09T15:57:16.757-0600] {logging_mixin.py:188} INFO - [2025-05-09T15:57:16.756-0600] {dag.py:3823} INFO - Setting next_dagrun for example_sla_dag to 2025-05-09 21:54:00+00:00, run_after=2025-05-09 21:56:00+00:00
[2025-05-09T15:57:16.762-0600] {processor.py:183} INFO - Processing /Users/crobles18/Downloads/fire_incidents_pipeline/airflow/venv/lib/python3.10/site-packages/airflow/example_dags/example_sla_dag.py took 0.121 seconds
[2025-05-09T15:59:38.342-0600] {processor.py:161} INFO - Started process (PID=54283) to work on /Users/crobles18/Downloads/fire_incidents_pipeline/airflow/venv/lib/python3.10/site-packages/airflow/example_dags/example_sla_dag.py
[2025-05-09T15:59:38.343-0600] {processor.py:830} INFO - Processing file /Users/crobles18/Downloads/fire_incidents_pipeline/airflow/venv/lib/python3.10/site-packages/airflow/example_dags/example_sla_dag.py for tasks to queue
[2025-05-09T15:59:38.343-0600] {logging_mixin.py:188} INFO - [2025-05-09T15:59:38.343-0600] {dagbag.py:538} INFO - Filling up the DagBag from /Users/crobles18/Downloads/fire_incidents_pipeline/airflow/venv/lib/python3.10/site-packages/airflow/example_dags/example_sla_dag.py
[2025-05-09T15:59:38.378-0600] {processor.py:840} INFO - DAG(s) 'example_sla_dag' retrieved from /Users/crobles18/Downloads/fire_incidents_pipeline/airflow/venv/lib/python3.10/site-packages/airflow/example_dags/example_sla_dag.py
[2025-05-09T15:59:38.416-0600] {logging_mixin.py:188} INFO - [2025-05-09T15:59:38.416-0600] {dag.py:3036} INFO - Sync 1 DAGs
[2025-05-09T15:59:38.424-0600] {logging_mixin.py:188} INFO - [2025-05-09T15:59:38.424-0600] {dag.py:3823} INFO - Setting next_dagrun for example_sla_dag to 2025-05-09 21:56:00+00:00, run_after=2025-05-09 21:58:00+00:00
[2025-05-09T15:59:38.431-0600] {processor.py:183} INFO - Processing /Users/crobles18/Downloads/fire_incidents_pipeline/airflow/venv/lib/python3.10/site-packages/airflow/example_dags/example_sla_dag.py took 0.089 seconds
[2025-05-09T16:01:06.034-0600] {processor.py:161} INFO - Started process (PID=54578) to work on /Users/crobles18/Downloads/fire_incidents_pipeline/airflow/venv/lib/python3.10/site-packages/airflow/example_dags/example_sla_dag.py
[2025-05-09T16:01:06.035-0600] {processor.py:830} INFO - Processing file /Users/crobles18/Downloads/fire_incidents_pipeline/airflow/venv/lib/python3.10/site-packages/airflow/example_dags/example_sla_dag.py for tasks to queue
[2025-05-09T16:01:06.035-0600] {logging_mixin.py:188} INFO - [2025-05-09T16:01:06.035-0600] {dagbag.py:538} INFO - Filling up the DagBag from /Users/crobles18/Downloads/fire_incidents_pipeline/airflow/venv/lib/python3.10/site-packages/airflow/example_dags/example_sla_dag.py
[2025-05-09T16:01:06.071-0600] {processor.py:840} INFO - DAG(s) 'example_sla_dag' retrieved from /Users/crobles18/Downloads/fire_incidents_pipeline/airflow/venv/lib/python3.10/site-packages/airflow/example_dags/example_sla_dag.py
[2025-05-09T16:01:06.110-0600] {logging_mixin.py:188} INFO - [2025-05-09T16:01:06.110-0600] {dag.py:3036} INFO - Sync 1 DAGs
[2025-05-09T16:01:06.119-0600] {logging_mixin.py:188} INFO - [2025-05-09T16:01:06.119-0600] {dag.py:3823} INFO - Setting next_dagrun for example_sla_dag to 2025-05-09 21:58:00+00:00, run_after=2025-05-09 22:00:00+00:00
[2025-05-09T16:01:06.127-0600] {processor.py:183} INFO - Processing /Users/crobles18/Downloads/fire_incidents_pipeline/airflow/venv/lib/python3.10/site-packages/airflow/example_dags/example_sla_dag.py took 0.093 seconds
