[2025-05-09T15:57:12.770-0600] {processor.py:161} INFO - Started process (PID=53893) to work on /Users/crobles18/Downloads/fire_incidents_pipeline/airflow/venv/lib/python3.10/site-packages/airflow/example_dags/example_task_group.py
[2025-05-09T15:57:12.770-0600] {processor.py:830} INFO - Processing file /Users/crobles18/Downloads/fire_incidents_pipeline/airflow/venv/lib/python3.10/site-packages/airflow/example_dags/example_task_group.py for tasks to queue
[2025-05-09T15:57:12.771-0600] {logging_mixin.py:188} INFO - [2025-05-09T15:57:12.771-0600] {dagbag.py:538} INFO - Filling up the DagBag from /Users/crobles18/Downloads/fire_incidents_pipeline/airflow/venv/lib/python3.10/site-packages/airflow/example_dags/example_task_group.py
[2025-05-09T15:57:12.799-0600] {processor.py:840} INFO - DAG(s) 'example_task_group' retrieved from /Users/crobles18/Downloads/fire_incidents_pipeline/airflow/venv/lib/python3.10/site-packages/airflow/example_dags/example_task_group.py
[2025-05-09T15:57:12.882-0600] {logging_mixin.py:188} INFO - [2025-05-09T15:57:12.881-0600] {override.py:1769} INFO - Created Permission View: can read on DAG:example_task_group
[2025-05-09T15:57:12.885-0600] {logging_mixin.py:188} INFO - [2025-05-09T15:57:12.885-0600] {override.py:1769} INFO - Created Permission View: can edit on DAG:example_task_group
[2025-05-09T15:57:12.888-0600] {logging_mixin.py:188} INFO - [2025-05-09T15:57:12.888-0600] {override.py:1769} INFO - Created Permission View: can delete on DAG:example_task_group
[2025-05-09T15:57:12.888-0600] {logging_mixin.py:188} INFO - [2025-05-09T15:57:12.888-0600] {dag.py:3036} INFO - Sync 1 DAGs
[2025-05-09T15:57:12.894-0600] {logging_mixin.py:188} INFO - [2025-05-09T15:57:12.894-0600] {dag.py:3058} INFO - Creating ORM DAG for example_task_group
[2025-05-09T15:57:12.897-0600] {logging_mixin.py:188} INFO - [2025-05-09T15:57:12.897-0600] {dag.py:3823} INFO - Setting next_dagrun for example_task_group to 2025-05-08 00:00:00+00:00, run_after=2025-05-09 00:00:00+00:00
[2025-05-09T15:57:12.904-0600] {processor.py:183} INFO - Processing /Users/crobles18/Downloads/fire_incidents_pipeline/airflow/venv/lib/python3.10/site-packages/airflow/example_dags/example_task_group.py took 0.135 seconds
[2025-05-09T15:59:35.507-0600] {processor.py:161} INFO - Started process (PID=54281) to work on /Users/crobles18/Downloads/fire_incidents_pipeline/airflow/venv/lib/python3.10/site-packages/airflow/example_dags/example_task_group.py
[2025-05-09T15:59:35.508-0600] {processor.py:830} INFO - Processing file /Users/crobles18/Downloads/fire_incidents_pipeline/airflow/venv/lib/python3.10/site-packages/airflow/example_dags/example_task_group.py for tasks to queue
[2025-05-09T15:59:35.509-0600] {logging_mixin.py:188} INFO - [2025-05-09T15:59:35.509-0600] {dagbag.py:538} INFO - Filling up the DagBag from /Users/crobles18/Downloads/fire_incidents_pipeline/airflow/venv/lib/python3.10/site-packages/airflow/example_dags/example_task_group.py
[2025-05-09T15:59:35.537-0600] {processor.py:840} INFO - DAG(s) 'example_task_group' retrieved from /Users/crobles18/Downloads/fire_incidents_pipeline/airflow/venv/lib/python3.10/site-packages/airflow/example_dags/example_task_group.py
[2025-05-09T15:59:35.578-0600] {logging_mixin.py:188} INFO - [2025-05-09T15:59:35.578-0600] {dag.py:3036} INFO - Sync 1 DAGs
[2025-05-09T15:59:35.585-0600] {logging_mixin.py:188} INFO - [2025-05-09T15:59:35.585-0600] {dag.py:3823} INFO - Setting next_dagrun for example_task_group to 2025-05-08 00:00:00+00:00, run_after=2025-05-09 00:00:00+00:00
[2025-05-09T15:59:35.592-0600] {processor.py:183} INFO - Processing /Users/crobles18/Downloads/fire_incidents_pipeline/airflow/venv/lib/python3.10/site-packages/airflow/example_dags/example_task_group.py took 0.085 seconds
[2025-05-09T16:01:02.108-0600] {processor.py:161} INFO - Started process (PID=54572) to work on /Users/crobles18/Downloads/fire_incidents_pipeline/airflow/venv/lib/python3.10/site-packages/airflow/example_dags/example_task_group.py
[2025-05-09T16:01:02.108-0600] {processor.py:830} INFO - Processing file /Users/crobles18/Downloads/fire_incidents_pipeline/airflow/venv/lib/python3.10/site-packages/airflow/example_dags/example_task_group.py for tasks to queue
[2025-05-09T16:01:02.109-0600] {logging_mixin.py:188} INFO - [2025-05-09T16:01:02.109-0600] {dagbag.py:538} INFO - Filling up the DagBag from /Users/crobles18/Downloads/fire_incidents_pipeline/airflow/venv/lib/python3.10/site-packages/airflow/example_dags/example_task_group.py
[2025-05-09T16:01:02.138-0600] {processor.py:840} INFO - DAG(s) 'example_task_group' retrieved from /Users/crobles18/Downloads/fire_incidents_pipeline/airflow/venv/lib/python3.10/site-packages/airflow/example_dags/example_task_group.py
[2025-05-09T16:01:02.180-0600] {logging_mixin.py:188} INFO - [2025-05-09T16:01:02.180-0600] {dag.py:3036} INFO - Sync 1 DAGs
[2025-05-09T16:01:02.187-0600] {logging_mixin.py:188} INFO - [2025-05-09T16:01:02.187-0600] {dag.py:3823} INFO - Setting next_dagrun for example_task_group to 2025-05-08 00:00:00+00:00, run_after=2025-05-09 00:00:00+00:00
[2025-05-09T16:01:02.195-0600] {processor.py:183} INFO - Processing /Users/crobles18/Downloads/fire_incidents_pipeline/airflow/venv/lib/python3.10/site-packages/airflow/example_dags/example_task_group.py took 0.088 seconds
