[2025-05-09T15:57:02.917-0600] {processor.py:161} INFO - Started process (PID=53855) to work on /Users/crobles18/Downloads/fire_incidents_pipeline/airflow/venv/lib/python3.10/site-packages/airflow/example_dags/example_xcomargs.py
[2025-05-09T15:57:02.917-0600] {processor.py:830} INFO - Processing file /Users/crobles18/Downloads/fire_incidents_pipeline/airflow/venv/lib/python3.10/site-packages/airflow/example_dags/example_xcomargs.py for tasks to queue
[2025-05-09T15:57:02.917-0600] {logging_mixin.py:188} INFO - [2025-05-09T15:57:02.917-0600] {dagbag.py:538} INFO - Filling up the DagBag from /Users/crobles18/Downloads/fire_incidents_pipeline/airflow/venv/lib/python3.10/site-packages/airflow/example_dags/example_xcomargs.py
[2025-05-09T15:57:02.955-0600] {processor.py:840} INFO - DAG(s) 'example_xcom_args_with_operators', 'example_xcom_args' retrieved from /Users/crobles18/Downloads/fire_incidents_pipeline/airflow/venv/lib/python3.10/site-packages/airflow/example_dags/example_xcomargs.py
[2025-05-09T15:57:03.027-0600] {logging_mixin.py:188} INFO - [2025-05-09T15:57:03.027-0600] {override.py:1769} INFO - Created Permission View: can read on DAG:example_xcom_args_with_operators
[2025-05-09T15:57:03.030-0600] {logging_mixin.py:188} INFO - [2025-05-09T15:57:03.030-0600] {override.py:1769} INFO - Created Permission View: can delete on DAG:example_xcom_args_with_operators
[2025-05-09T15:57:03.032-0600] {logging_mixin.py:188} INFO - [2025-05-09T15:57:03.032-0600] {override.py:1769} INFO - Created Permission View: can edit on DAG:example_xcom_args_with_operators
[2025-05-09T15:57:03.036-0600] {logging_mixin.py:188} INFO - [2025-05-09T15:57:03.036-0600] {override.py:1769} INFO - Created Permission View: can read on DAG:example_xcom_args
[2025-05-09T15:57:03.038-0600] {logging_mixin.py:188} INFO - [2025-05-09T15:57:03.038-0600] {override.py:1769} INFO - Created Permission View: can delete on DAG:example_xcom_args
[2025-05-09T15:57:03.040-0600] {logging_mixin.py:188} INFO - [2025-05-09T15:57:03.040-0600] {override.py:1769} INFO - Created Permission View: can edit on DAG:example_xcom_args
[2025-05-09T15:57:03.040-0600] {logging_mixin.py:188} INFO - [2025-05-09T15:57:03.040-0600] {dag.py:3036} INFO - Sync 2 DAGs
[2025-05-09T15:57:03.044-0600] {logging_mixin.py:188} INFO - [2025-05-09T15:57:03.044-0600] {dag.py:3058} INFO - Creating ORM DAG for example_xcom_args_with_operators
[2025-05-09T15:57:03.044-0600] {logging_mixin.py:188} INFO - [2025-05-09T15:57:03.044-0600] {dag.py:3058} INFO - Creating ORM DAG for example_xcom_args
[2025-05-09T15:57:03.045-0600] {logging_mixin.py:188} INFO - [2025-05-09T15:57:03.044-0600] {dag.py:3823} INFO - Setting next_dagrun for example_xcom_args to None, run_after=None
[2025-05-09T15:57:03.045-0600] {logging_mixin.py:188} INFO - [2025-05-09T15:57:03.045-0600] {dag.py:3823} INFO - Setting next_dagrun for example_xcom_args_with_operators to None, run_after=None
[2025-05-09T15:57:03.051-0600] {processor.py:183} INFO - Processing /Users/crobles18/Downloads/fire_incidents_pipeline/airflow/venv/lib/python3.10/site-packages/airflow/example_dags/example_xcomargs.py took 0.135 seconds
[2025-05-09T15:58:31.532-0600] {processor.py:161} INFO - Started process (PID=54030) to work on /Users/crobles18/Downloads/fire_incidents_pipeline/airflow/venv/lib/python3.10/site-packages/airflow/example_dags/example_xcomargs.py
[2025-05-09T15:58:31.533-0600] {processor.py:830} INFO - Processing file /Users/crobles18/Downloads/fire_incidents_pipeline/airflow/venv/lib/python3.10/site-packages/airflow/example_dags/example_xcomargs.py for tasks to queue
[2025-05-09T15:58:31.534-0600] {logging_mixin.py:188} INFO - [2025-05-09T15:58:31.534-0600] {dagbag.py:538} INFO - Filling up the DagBag from /Users/crobles18/Downloads/fire_incidents_pipeline/airflow/venv/lib/python3.10/site-packages/airflow/example_dags/example_xcomargs.py
[2025-05-09T15:58:31.576-0600] {processor.py:840} INFO - DAG(s) 'example_xcom_args_with_operators', 'example_xcom_args' retrieved from /Users/crobles18/Downloads/fire_incidents_pipeline/airflow/venv/lib/python3.10/site-packages/airflow/example_dags/example_xcomargs.py
[2025-05-09T15:58:31.622-0600] {logging_mixin.py:188} INFO - [2025-05-09T15:58:31.621-0600] {dag.py:3036} INFO - Sync 2 DAGs
[2025-05-09T15:58:31.625-0600] {logging_mixin.py:188} INFO - [2025-05-09T15:58:31.625-0600] {dag.py:3823} INFO - Setting next_dagrun for example_xcom_args to None, run_after=None
[2025-05-09T15:58:31.626-0600] {logging_mixin.py:188} INFO - [2025-05-09T15:58:31.626-0600] {dag.py:3823} INFO - Setting next_dagrun for example_xcom_args_with_operators to None, run_after=None
[2025-05-09T15:58:31.635-0600] {processor.py:183} INFO - Processing /Users/crobles18/Downloads/fire_incidents_pipeline/airflow/venv/lib/python3.10/site-packages/airflow/example_dags/example_xcomargs.py took 0.103 seconds
[2025-05-09T15:59:24.335-0600] {processor.py:161} INFO - Started process (PID=54271) to work on /Users/crobles18/Downloads/fire_incidents_pipeline/airflow/venv/lib/python3.10/site-packages/airflow/example_dags/example_xcomargs.py
[2025-05-09T15:59:24.337-0600] {processor.py:830} INFO - Processing file /Users/crobles18/Downloads/fire_incidents_pipeline/airflow/venv/lib/python3.10/site-packages/airflow/example_dags/example_xcomargs.py for tasks to queue
[2025-05-09T15:59:24.337-0600] {logging_mixin.py:188} INFO - [2025-05-09T15:59:24.337-0600] {dagbag.py:538} INFO - Filling up the DagBag from /Users/crobles18/Downloads/fire_incidents_pipeline/airflow/venv/lib/python3.10/site-packages/airflow/example_dags/example_xcomargs.py
[2025-05-09T15:59:24.372-0600] {processor.py:840} INFO - DAG(s) 'example_xcom_args', 'example_xcom_args_with_operators' retrieved from /Users/crobles18/Downloads/fire_incidents_pipeline/airflow/venv/lib/python3.10/site-packages/airflow/example_dags/example_xcomargs.py
[2025-05-09T15:59:24.411-0600] {logging_mixin.py:188} INFO - [2025-05-09T15:59:24.411-0600] {dag.py:3036} INFO - Sync 2 DAGs
[2025-05-09T15:59:24.414-0600] {logging_mixin.py:188} INFO - [2025-05-09T15:59:24.414-0600] {dag.py:3823} INFO - Setting next_dagrun for example_xcom_args to None, run_after=None
[2025-05-09T15:59:24.415-0600] {logging_mixin.py:188} INFO - [2025-05-09T15:59:24.415-0600] {dag.py:3823} INFO - Setting next_dagrun for example_xcom_args_with_operators to None, run_after=None
[2025-05-09T15:59:24.422-0600] {processor.py:183} INFO - Processing /Users/crobles18/Downloads/fire_incidents_pipeline/airflow/venv/lib/python3.10/site-packages/airflow/example_dags/example_xcomargs.py took 0.087 seconds
[2025-05-09T16:00:40.067-0600] {processor.py:161} INFO - Started process (PID=54538) to work on /Users/crobles18/Downloads/fire_incidents_pipeline/airflow/venv/lib/python3.10/site-packages/airflow/example_dags/example_xcomargs.py
[2025-05-09T16:00:40.068-0600] {processor.py:830} INFO - Processing file /Users/crobles18/Downloads/fire_incidents_pipeline/airflow/venv/lib/python3.10/site-packages/airflow/example_dags/example_xcomargs.py for tasks to queue
[2025-05-09T16:00:40.068-0600] {logging_mixin.py:188} INFO - [2025-05-09T16:00:40.068-0600] {dagbag.py:538} INFO - Filling up the DagBag from /Users/crobles18/Downloads/fire_incidents_pipeline/airflow/venv/lib/python3.10/site-packages/airflow/example_dags/example_xcomargs.py
[2025-05-09T16:00:40.112-0600] {processor.py:840} INFO - DAG(s) 'example_xcom_args', 'example_xcom_args_with_operators' retrieved from /Users/crobles18/Downloads/fire_incidents_pipeline/airflow/venv/lib/python3.10/site-packages/airflow/example_dags/example_xcomargs.py
[2025-05-09T16:00:40.157-0600] {logging_mixin.py:188} INFO - [2025-05-09T16:00:40.157-0600] {dag.py:3036} INFO - Sync 2 DAGs
[2025-05-09T16:00:40.161-0600] {logging_mixin.py:188} INFO - [2025-05-09T16:00:40.161-0600] {dag.py:3823} INFO - Setting next_dagrun for example_xcom_args to None, run_after=None
[2025-05-09T16:00:40.162-0600] {logging_mixin.py:188} INFO - [2025-05-09T16:00:40.162-0600] {dag.py:3823} INFO - Setting next_dagrun for example_xcom_args_with_operators to None, run_after=None
[2025-05-09T16:00:40.170-0600] {processor.py:183} INFO - Processing /Users/crobles18/Downloads/fire_incidents_pipeline/airflow/venv/lib/python3.10/site-packages/airflow/example_dags/example_xcomargs.py took 0.103 seconds
[2025-05-09T16:02:18.689-0600] {processor.py:161} INFO - Started process (PID=54659) to work on /Users/crobles18/Downloads/fire_incidents_pipeline/airflow/venv/lib/python3.10/site-packages/airflow/example_dags/example_xcomargs.py
[2025-05-09T16:02:18.690-0600] {processor.py:830} INFO - Processing file /Users/crobles18/Downloads/fire_incidents_pipeline/airflow/venv/lib/python3.10/site-packages/airflow/example_dags/example_xcomargs.py for tasks to queue
[2025-05-09T16:02:18.690-0600] {logging_mixin.py:188} INFO - [2025-05-09T16:02:18.690-0600] {dagbag.py:538} INFO - Filling up the DagBag from /Users/crobles18/Downloads/fire_incidents_pipeline/airflow/venv/lib/python3.10/site-packages/airflow/example_dags/example_xcomargs.py
[2025-05-09T16:02:18.725-0600] {processor.py:840} INFO - DAG(s) 'example_xcom_args_with_operators', 'example_xcom_args' retrieved from /Users/crobles18/Downloads/fire_incidents_pipeline/airflow/venv/lib/python3.10/site-packages/airflow/example_dags/example_xcomargs.py
[2025-05-09T16:02:18.763-0600] {logging_mixin.py:188} INFO - [2025-05-09T16:02:18.763-0600] {dag.py:3036} INFO - Sync 2 DAGs
[2025-05-09T16:02:18.766-0600] {logging_mixin.py:188} INFO - [2025-05-09T16:02:18.766-0600] {dag.py:3823} INFO - Setting next_dagrun for example_xcom_args to None, run_after=None
[2025-05-09T16:02:18.767-0600] {logging_mixin.py:188} INFO - [2025-05-09T16:02:18.767-0600] {dag.py:3823} INFO - Setting next_dagrun for example_xcom_args_with_operators to None, run_after=None
[2025-05-09T16:02:18.774-0600] {processor.py:183} INFO - Processing /Users/crobles18/Downloads/fire_incidents_pipeline/airflow/venv/lib/python3.10/site-packages/airflow/example_dags/example_xcomargs.py took 0.085 seconds
