[2025-05-09T15:57:49.404-0600] {processor.py:161} INFO - Started process (PID=53949) to work on /Users/crobles18/Downloads/fire_incidents_pipeline/airflow/venv/lib/python3.10/site-packages/airflow/example_dags/example_external_task_marker_dag.py
[2025-05-09T15:57:49.405-0600] {processor.py:830} INFO - Processing file /Users/crobles18/Downloads/fire_incidents_pipeline/airflow/venv/lib/python3.10/site-packages/airflow/example_dags/example_external_task_marker_dag.py for tasks to queue
[2025-05-09T15:57:49.405-0600] {logging_mixin.py:188} INFO - [2025-05-09T15:57:49.405-0600] {dagbag.py:538} INFO - Filling up the DagBag from /Users/crobles18/Downloads/fire_incidents_pipeline/airflow/venv/lib/python3.10/site-packages/airflow/example_dags/example_external_task_marker_dag.py
[2025-05-09T15:57:49.436-0600] {processor.py:840} INFO - DAG(s) 'example_external_task_marker_child', 'example_external_task_marker_parent' retrieved from /Users/crobles18/Downloads/fire_incidents_pipeline/airflow/venv/lib/python3.10/site-packages/airflow/example_dags/example_external_task_marker_dag.py
[2025-05-09T15:57:49.515-0600] {logging_mixin.py:188} INFO - [2025-05-09T15:57:49.515-0600] {override.py:1769} INFO - Created Permission View: can delete on DAG:example_external_task_marker_child
[2025-05-09T15:57:49.519-0600] {logging_mixin.py:188} INFO - [2025-05-09T15:57:49.519-0600] {override.py:1769} INFO - Created Permission View: can edit on DAG:example_external_task_marker_child
[2025-05-09T15:57:49.521-0600] {logging_mixin.py:188} INFO - [2025-05-09T15:57:49.521-0600] {override.py:1769} INFO - Created Permission View: can read on DAG:example_external_task_marker_child
[2025-05-09T15:57:49.527-0600] {logging_mixin.py:188} INFO - [2025-05-09T15:57:49.527-0600] {override.py:1769} INFO - Created Permission View: can delete on DAG:example_external_task_marker_parent
[2025-05-09T15:57:49.530-0600] {logging_mixin.py:188} INFO - [2025-05-09T15:57:49.530-0600] {override.py:1769} INFO - Created Permission View: can edit on DAG:example_external_task_marker_parent
[2025-05-09T15:57:49.532-0600] {logging_mixin.py:188} INFO - [2025-05-09T15:57:49.532-0600] {override.py:1769} INFO - Created Permission View: can read on DAG:example_external_task_marker_parent
[2025-05-09T15:57:49.532-0600] {logging_mixin.py:188} INFO - [2025-05-09T15:57:49.532-0600] {dag.py:3036} INFO - Sync 2 DAGs
[2025-05-09T15:57:49.537-0600] {logging_mixin.py:188} INFO - [2025-05-09T15:57:49.537-0600] {dag.py:3058} INFO - Creating ORM DAG for example_external_task_marker_child
[2025-05-09T15:57:49.537-0600] {logging_mixin.py:188} INFO - [2025-05-09T15:57:49.537-0600] {dag.py:3058} INFO - Creating ORM DAG for example_external_task_marker_parent
[2025-05-09T15:57:49.537-0600] {logging_mixin.py:188} INFO - [2025-05-09T15:57:49.537-0600] {dag.py:3823} INFO - Setting next_dagrun for example_external_task_marker_child to None, run_after=None
[2025-05-09T15:57:49.537-0600] {logging_mixin.py:188} INFO - [2025-05-09T15:57:49.537-0600] {dag.py:3823} INFO - Setting next_dagrun for example_external_task_marker_parent to None, run_after=None
[2025-05-09T15:57:49.544-0600] {processor.py:183} INFO - Processing /Users/crobles18/Downloads/fire_incidents_pipeline/airflow/venv/lib/python3.10/site-packages/airflow/example_dags/example_external_task_marker_dag.py took 0.140 seconds
[2025-05-09T16:00:09.796-0600] {processor.py:161} INFO - Started process (PID=54310) to work on /Users/crobles18/Downloads/fire_incidents_pipeline/airflow/venv/lib/python3.10/site-packages/airflow/example_dags/example_external_task_marker_dag.py
[2025-05-09T16:00:09.797-0600] {processor.py:830} INFO - Processing file /Users/crobles18/Downloads/fire_incidents_pipeline/airflow/venv/lib/python3.10/site-packages/airflow/example_dags/example_external_task_marker_dag.py for tasks to queue
[2025-05-09T16:00:09.797-0600] {logging_mixin.py:188} INFO - [2025-05-09T16:00:09.797-0600] {dagbag.py:538} INFO - Filling up the DagBag from /Users/crobles18/Downloads/fire_incidents_pipeline/airflow/venv/lib/python3.10/site-packages/airflow/example_dags/example_external_task_marker_dag.py
[2025-05-09T16:00:09.825-0600] {processor.py:840} INFO - DAG(s) 'example_external_task_marker_child', 'example_external_task_marker_parent' retrieved from /Users/crobles18/Downloads/fire_incidents_pipeline/airflow/venv/lib/python3.10/site-packages/airflow/example_dags/example_external_task_marker_dag.py
[2025-05-09T16:00:09.867-0600] {logging_mixin.py:188} INFO - [2025-05-09T16:00:09.867-0600] {dag.py:3036} INFO - Sync 2 DAGs
[2025-05-09T16:00:09.871-0600] {logging_mixin.py:188} INFO - [2025-05-09T16:00:09.870-0600] {dag.py:3823} INFO - Setting next_dagrun for example_external_task_marker_child to None, run_after=None
[2025-05-09T16:00:09.872-0600] {logging_mixin.py:188} INFO - [2025-05-09T16:00:09.872-0600] {dag.py:3823} INFO - Setting next_dagrun for example_external_task_marker_parent to None, run_after=None
[2025-05-09T16:00:09.878-0600] {processor.py:183} INFO - Processing /Users/crobles18/Downloads/fire_incidents_pipeline/airflow/venv/lib/python3.10/site-packages/airflow/example_dags/example_external_task_marker_dag.py took 0.082 seconds
[2025-05-09T16:01:39.211-0600] {processor.py:161} INFO - Started process (PID=54614) to work on /Users/crobles18/Downloads/fire_incidents_pipeline/airflow/venv/lib/python3.10/site-packages/airflow/example_dags/example_external_task_marker_dag.py
[2025-05-09T16:01:39.212-0600] {processor.py:830} INFO - Processing file /Users/crobles18/Downloads/fire_incidents_pipeline/airflow/venv/lib/python3.10/site-packages/airflow/example_dags/example_external_task_marker_dag.py for tasks to queue
[2025-05-09T16:01:39.212-0600] {logging_mixin.py:188} INFO - [2025-05-09T16:01:39.212-0600] {dagbag.py:538} INFO - Filling up the DagBag from /Users/crobles18/Downloads/fire_incidents_pipeline/airflow/venv/lib/python3.10/site-packages/airflow/example_dags/example_external_task_marker_dag.py
[2025-05-09T16:01:39.248-0600] {processor.py:840} INFO - DAG(s) 'example_external_task_marker_parent', 'example_external_task_marker_child' retrieved from /Users/crobles18/Downloads/fire_incidents_pipeline/airflow/venv/lib/python3.10/site-packages/airflow/example_dags/example_external_task_marker_dag.py
[2025-05-09T16:01:39.313-0600] {logging_mixin.py:188} INFO - [2025-05-09T16:01:39.313-0600] {dag.py:3036} INFO - Sync 2 DAGs
[2025-05-09T16:01:39.319-0600] {logging_mixin.py:188} INFO - [2025-05-09T16:01:39.319-0600] {dag.py:3823} INFO - Setting next_dagrun for example_external_task_marker_child to None, run_after=None
[2025-05-09T16:01:39.320-0600] {logging_mixin.py:188} INFO - [2025-05-09T16:01:39.320-0600] {dag.py:3823} INFO - Setting next_dagrun for example_external_task_marker_parent to None, run_after=None
[2025-05-09T16:01:39.328-0600] {processor.py:183} INFO - Processing /Users/crobles18/Downloads/fire_incidents_pipeline/airflow/venv/lib/python3.10/site-packages/airflow/example_dags/example_external_task_marker_dag.py took 0.118 seconds
