[2025-05-09T15:57:08.787-0600] {processor.py:161} INFO - Started process (PID=53867) to work on /Users/crobles18/Downloads/fire_incidents_pipeline/airflow/venv/lib/python3.10/site-packages/airflow/example_dags/example_time_delta_sensor_async.py
[2025-05-09T15:57:08.788-0600] {processor.py:830} INFO - Processing file /Users/crobles18/Downloads/fire_incidents_pipeline/airflow/venv/lib/python3.10/site-packages/airflow/example_dags/example_time_delta_sensor_async.py for tasks to queue
[2025-05-09T15:57:08.788-0600] {logging_mixin.py:188} INFO - [2025-05-09T15:57:08.788-0600] {dagbag.py:538} INFO - Filling up the DagBag from /Users/crobles18/Downloads/fire_incidents_pipeline/airflow/venv/lib/python3.10/site-packages/airflow/example_dags/example_time_delta_sensor_async.py
[2025-05-09T15:57:08.812-0600] {processor.py:840} INFO - DAG(s) 'example_time_delta_sensor_async' retrieved from /Users/crobles18/Downloads/fire_incidents_pipeline/airflow/venv/lib/python3.10/site-packages/airflow/example_dags/example_time_delta_sensor_async.py
[2025-05-09T15:57:08.887-0600] {logging_mixin.py:188} INFO - [2025-05-09T15:57:08.887-0600] {override.py:1769} INFO - Created Permission View: can edit on DAG:example_time_delta_sensor_async
[2025-05-09T15:57:08.890-0600] {logging_mixin.py:188} INFO - [2025-05-09T15:57:08.890-0600] {override.py:1769} INFO - Created Permission View: can read on DAG:example_time_delta_sensor_async
[2025-05-09T15:57:08.892-0600] {logging_mixin.py:188} INFO - [2025-05-09T15:57:08.892-0600] {override.py:1769} INFO - Created Permission View: can delete on DAG:example_time_delta_sensor_async
[2025-05-09T15:57:08.892-0600] {logging_mixin.py:188} INFO - [2025-05-09T15:57:08.892-0600] {dag.py:3036} INFO - Sync 1 DAGs
[2025-05-09T15:57:08.897-0600] {logging_mixin.py:188} INFO - [2025-05-09T15:57:08.897-0600] {dag.py:3058} INFO - Creating ORM DAG for example_time_delta_sensor_async
[2025-05-09T15:57:08.897-0600] {logging_mixin.py:188} INFO - [2025-05-09T15:57:08.897-0600] {dag.py:3823} INFO - Setting next_dagrun for example_time_delta_sensor_async to None, run_after=None
[2025-05-09T15:57:08.903-0600] {processor.py:183} INFO - Processing /Users/crobles18/Downloads/fire_incidents_pipeline/airflow/venv/lib/python3.10/site-packages/airflow/example_dags/example_time_delta_sensor_async.py took 0.116 seconds
[2025-05-09T15:58:38.687-0600] {processor.py:161} INFO - Started process (PID=54047) to work on /Users/crobles18/Downloads/fire_incidents_pipeline/airflow/venv/lib/python3.10/site-packages/airflow/example_dags/example_time_delta_sensor_async.py
[2025-05-09T15:58:38.688-0600] {processor.py:830} INFO - Processing file /Users/crobles18/Downloads/fire_incidents_pipeline/airflow/venv/lib/python3.10/site-packages/airflow/example_dags/example_time_delta_sensor_async.py for tasks to queue
[2025-05-09T15:58:38.689-0600] {logging_mixin.py:188} INFO - [2025-05-09T15:58:38.688-0600] {dagbag.py:538} INFO - Filling up the DagBag from /Users/crobles18/Downloads/fire_incidents_pipeline/airflow/venv/lib/python3.10/site-packages/airflow/example_dags/example_time_delta_sensor_async.py
[2025-05-09T15:58:38.714-0600] {processor.py:840} INFO - DAG(s) 'example_time_delta_sensor_async' retrieved from /Users/crobles18/Downloads/fire_incidents_pipeline/airflow/venv/lib/python3.10/site-packages/airflow/example_dags/example_time_delta_sensor_async.py
[2025-05-09T15:58:38.758-0600] {logging_mixin.py:188} INFO - [2025-05-09T15:58:38.758-0600] {dag.py:3036} INFO - Sync 1 DAGs
[2025-05-09T15:58:38.762-0600] {logging_mixin.py:188} INFO - [2025-05-09T15:58:38.761-0600] {dag.py:3823} INFO - Setting next_dagrun for example_time_delta_sensor_async to None, run_after=None
[2025-05-09T15:58:38.769-0600] {processor.py:183} INFO - Processing /Users/crobles18/Downloads/fire_incidents_pipeline/airflow/venv/lib/python3.10/site-packages/airflow/example_dags/example_time_delta_sensor_async.py took 0.082 seconds
[2025-05-09T15:59:31.769-0600] {processor.py:161} INFO - Started process (PID=54275) to work on /Users/crobles18/Downloads/fire_incidents_pipeline/airflow/venv/lib/python3.10/site-packages/airflow/example_dags/example_time_delta_sensor_async.py
[2025-05-09T15:59:31.770-0600] {processor.py:830} INFO - Processing file /Users/crobles18/Downloads/fire_incidents_pipeline/airflow/venv/lib/python3.10/site-packages/airflow/example_dags/example_time_delta_sensor_async.py for tasks to queue
[2025-05-09T15:59:31.770-0600] {logging_mixin.py:188} INFO - [2025-05-09T15:59:31.770-0600] {dagbag.py:538} INFO - Filling up the DagBag from /Users/crobles18/Downloads/fire_incidents_pipeline/airflow/venv/lib/python3.10/site-packages/airflow/example_dags/example_time_delta_sensor_async.py
[2025-05-09T15:59:31.793-0600] {processor.py:840} INFO - DAG(s) 'example_time_delta_sensor_async' retrieved from /Users/crobles18/Downloads/fire_incidents_pipeline/airflow/venv/lib/python3.10/site-packages/airflow/example_dags/example_time_delta_sensor_async.py
[2025-05-09T15:59:31.837-0600] {logging_mixin.py:188} INFO - [2025-05-09T15:59:31.837-0600] {dag.py:3036} INFO - Sync 1 DAGs
[2025-05-09T15:59:31.840-0600] {logging_mixin.py:188} INFO - [2025-05-09T15:59:31.840-0600] {dag.py:3823} INFO - Setting next_dagrun for example_time_delta_sensor_async to None, run_after=None
[2025-05-09T15:59:31.848-0600] {processor.py:183} INFO - Processing /Users/crobles18/Downloads/fire_incidents_pipeline/airflow/venv/lib/python3.10/site-packages/airflow/example_dags/example_time_delta_sensor_async.py took 0.079 seconds
[2025-05-09T16:00:58.875-0600] {processor.py:161} INFO - Started process (PID=54568) to work on /Users/crobles18/Downloads/fire_incidents_pipeline/airflow/venv/lib/python3.10/site-packages/airflow/example_dags/example_time_delta_sensor_async.py
[2025-05-09T16:00:58.876-0600] {processor.py:830} INFO - Processing file /Users/crobles18/Downloads/fire_incidents_pipeline/airflow/venv/lib/python3.10/site-packages/airflow/example_dags/example_time_delta_sensor_async.py for tasks to queue
[2025-05-09T16:00:58.876-0600] {logging_mixin.py:188} INFO - [2025-05-09T16:00:58.876-0600] {dagbag.py:538} INFO - Filling up the DagBag from /Users/crobles18/Downloads/fire_incidents_pipeline/airflow/venv/lib/python3.10/site-packages/airflow/example_dags/example_time_delta_sensor_async.py
[2025-05-09T16:00:58.898-0600] {processor.py:840} INFO - DAG(s) 'example_time_delta_sensor_async' retrieved from /Users/crobles18/Downloads/fire_incidents_pipeline/airflow/venv/lib/python3.10/site-packages/airflow/example_dags/example_time_delta_sensor_async.py
[2025-05-09T16:00:58.939-0600] {logging_mixin.py:188} INFO - [2025-05-09T16:00:58.939-0600] {dag.py:3036} INFO - Sync 1 DAGs
[2025-05-09T16:00:58.942-0600] {logging_mixin.py:188} INFO - [2025-05-09T16:00:58.942-0600] {dag.py:3823} INFO - Setting next_dagrun for example_time_delta_sensor_async to None, run_after=None
[2025-05-09T16:00:58.949-0600] {processor.py:183} INFO - Processing /Users/crobles18/Downloads/fire_incidents_pipeline/airflow/venv/lib/python3.10/site-packages/airflow/example_dags/example_time_delta_sensor_async.py took 0.074 seconds
[2025-05-09T16:02:24.157-0600] {processor.py:161} INFO - Started process (PID=54667) to work on /Users/crobles18/Downloads/fire_incidents_pipeline/airflow/venv/lib/python3.10/site-packages/airflow/example_dags/example_time_delta_sensor_async.py
[2025-05-09T16:02:24.158-0600] {processor.py:830} INFO - Processing file /Users/crobles18/Downloads/fire_incidents_pipeline/airflow/venv/lib/python3.10/site-packages/airflow/example_dags/example_time_delta_sensor_async.py for tasks to queue
[2025-05-09T16:02:24.158-0600] {logging_mixin.py:188} INFO - [2025-05-09T16:02:24.158-0600] {dagbag.py:538} INFO - Filling up the DagBag from /Users/crobles18/Downloads/fire_incidents_pipeline/airflow/venv/lib/python3.10/site-packages/airflow/example_dags/example_time_delta_sensor_async.py
[2025-05-09T16:02:24.183-0600] {processor.py:840} INFO - DAG(s) 'example_time_delta_sensor_async' retrieved from /Users/crobles18/Downloads/fire_incidents_pipeline/airflow/venv/lib/python3.10/site-packages/airflow/example_dags/example_time_delta_sensor_async.py
[2025-05-09T16:02:24.227-0600] {logging_mixin.py:188} INFO - [2025-05-09T16:02:24.226-0600] {dag.py:3036} INFO - Sync 1 DAGs
[2025-05-09T16:02:24.231-0600] {logging_mixin.py:188} INFO - [2025-05-09T16:02:24.231-0600] {dag.py:3823} INFO - Setting next_dagrun for example_time_delta_sensor_async to None, run_after=None
[2025-05-09T16:02:24.238-0600] {processor.py:183} INFO - Processing /Users/crobles18/Downloads/fire_incidents_pipeline/airflow/venv/lib/python3.10/site-packages/airflow/example_dags/example_time_delta_sensor_async.py took 0.082 seconds
