[2025-05-09T15:57:06.896-0600] {processor.py:161} INFO - Started process (PID=53864) to work on /Users/crobles18/Downloads/fire_incidents_pipeline/airflow/venv/lib/python3.10/site-packages/airflow/example_dags/example_trigger_controller_dag.py
[2025-05-09T15:57:06.896-0600] {processor.py:830} INFO - Processing file /Users/crobles18/Downloads/fire_incidents_pipeline/airflow/venv/lib/python3.10/site-packages/airflow/example_dags/example_trigger_controller_dag.py for tasks to queue
[2025-05-09T15:57:06.897-0600] {logging_mixin.py:188} INFO - [2025-05-09T15:57:06.897-0600] {dagbag.py:538} INFO - Filling up the DagBag from /Users/crobles18/Downloads/fire_incidents_pipeline/airflow/venv/lib/python3.10/site-packages/airflow/example_dags/example_trigger_controller_dag.py
[2025-05-09T15:57:06.927-0600] {processor.py:840} INFO - DAG(s) 'example_trigger_controller_dag' retrieved from /Users/crobles18/Downloads/fire_incidents_pipeline/airflow/venv/lib/python3.10/site-packages/airflow/example_dags/example_trigger_controller_dag.py
[2025-05-09T15:57:07.002-0600] {logging_mixin.py:188} INFO - [2025-05-09T15:57:07.002-0600] {override.py:1769} INFO - Created Permission View: can read on DAG:example_trigger_controller_dag
[2025-05-09T15:57:07.006-0600] {logging_mixin.py:188} INFO - [2025-05-09T15:57:07.006-0600] {override.py:1769} INFO - Created Permission View: can delete on DAG:example_trigger_controller_dag
[2025-05-09T15:57:07.008-0600] {logging_mixin.py:188} INFO - [2025-05-09T15:57:07.008-0600] {override.py:1769} INFO - Created Permission View: can edit on DAG:example_trigger_controller_dag
[2025-05-09T15:57:07.008-0600] {logging_mixin.py:188} INFO - [2025-05-09T15:57:07.008-0600] {dag.py:3036} INFO - Sync 1 DAGs
[2025-05-09T15:57:07.013-0600] {logging_mixin.py:188} INFO - [2025-05-09T15:57:07.013-0600] {dag.py:3058} INFO - Creating ORM DAG for example_trigger_controller_dag
[2025-05-09T15:57:07.016-0600] {logging_mixin.py:188} INFO - [2025-05-09T15:57:07.016-0600] {dag.py:3823} INFO - Setting next_dagrun for example_trigger_controller_dag to 2021-01-01 00:00:00+00:00, run_after=2021-01-01 00:00:00+00:00
[2025-05-09T15:57:07.023-0600] {processor.py:183} INFO - Processing /Users/crobles18/Downloads/fire_incidents_pipeline/airflow/venv/lib/python3.10/site-packages/airflow/example_dags/example_trigger_controller_dag.py took 0.128 seconds
[2025-05-09T15:58:36.810-0600] {processor.py:161} INFO - Started process (PID=54040) to work on /Users/crobles18/Downloads/fire_incidents_pipeline/airflow/venv/lib/python3.10/site-packages/airflow/example_dags/example_trigger_controller_dag.py
[2025-05-09T15:58:36.811-0600] {processor.py:830} INFO - Processing file /Users/crobles18/Downloads/fire_incidents_pipeline/airflow/venv/lib/python3.10/site-packages/airflow/example_dags/example_trigger_controller_dag.py for tasks to queue
[2025-05-09T15:58:36.811-0600] {logging_mixin.py:188} INFO - [2025-05-09T15:58:36.811-0600] {dagbag.py:538} INFO - Filling up the DagBag from /Users/crobles18/Downloads/fire_incidents_pipeline/airflow/venv/lib/python3.10/site-packages/airflow/example_dags/example_trigger_controller_dag.py
[2025-05-09T15:58:36.838-0600] {processor.py:840} INFO - DAG(s) 'example_trigger_controller_dag' retrieved from /Users/crobles18/Downloads/fire_incidents_pipeline/airflow/venv/lib/python3.10/site-packages/airflow/example_dags/example_trigger_controller_dag.py
[2025-05-09T15:58:36.878-0600] {logging_mixin.py:188} INFO - [2025-05-09T15:58:36.878-0600] {dag.py:3036} INFO - Sync 1 DAGs
[2025-05-09T15:58:36.886-0600] {logging_mixin.py:188} INFO - [2025-05-09T15:58:36.886-0600] {dag.py:3823} INFO - Setting next_dagrun for example_trigger_controller_dag to 2021-01-01 00:00:00+00:00, run_after=2021-01-01 00:00:00+00:00
[2025-05-09T15:58:36.893-0600] {processor.py:183} INFO - Processing /Users/crobles18/Downloads/fire_incidents_pipeline/airflow/venv/lib/python3.10/site-packages/airflow/example_dags/example_trigger_controller_dag.py took 0.083 seconds
[2025-05-09T15:59:29.947-0600] {processor.py:161} INFO - Started process (PID=54274) to work on /Users/crobles18/Downloads/fire_incidents_pipeline/airflow/venv/lib/python3.10/site-packages/airflow/example_dags/example_trigger_controller_dag.py
[2025-05-09T15:59:29.948-0600] {processor.py:830} INFO - Processing file /Users/crobles18/Downloads/fire_incidents_pipeline/airflow/venv/lib/python3.10/site-packages/airflow/example_dags/example_trigger_controller_dag.py for tasks to queue
[2025-05-09T15:59:29.948-0600] {logging_mixin.py:188} INFO - [2025-05-09T15:59:29.948-0600] {dagbag.py:538} INFO - Filling up the DagBag from /Users/crobles18/Downloads/fire_incidents_pipeline/airflow/venv/lib/python3.10/site-packages/airflow/example_dags/example_trigger_controller_dag.py
[2025-05-09T15:59:29.974-0600] {processor.py:840} INFO - DAG(s) 'example_trigger_controller_dag' retrieved from /Users/crobles18/Downloads/fire_incidents_pipeline/airflow/venv/lib/python3.10/site-packages/airflow/example_dags/example_trigger_controller_dag.py
[2025-05-09T15:59:30.010-0600] {logging_mixin.py:188} INFO - [2025-05-09T15:59:30.009-0600] {dag.py:3036} INFO - Sync 1 DAGs
[2025-05-09T15:59:30.016-0600] {logging_mixin.py:188} INFO - [2025-05-09T15:59:30.016-0600] {dag.py:3823} INFO - Setting next_dagrun for example_trigger_controller_dag to 2021-01-01 00:00:00+00:00, run_after=2021-01-01 00:00:00+00:00
[2025-05-09T15:59:30.023-0600] {processor.py:183} INFO - Processing /Users/crobles18/Downloads/fire_incidents_pipeline/airflow/venv/lib/python3.10/site-packages/airflow/example_dags/example_trigger_controller_dag.py took 0.076 seconds
[2025-05-09T16:00:57.077-0600] {processor.py:161} INFO - Started process (PID=54563) to work on /Users/crobles18/Downloads/fire_incidents_pipeline/airflow/venv/lib/python3.10/site-packages/airflow/example_dags/example_trigger_controller_dag.py
[2025-05-09T16:00:57.078-0600] {processor.py:830} INFO - Processing file /Users/crobles18/Downloads/fire_incidents_pipeline/airflow/venv/lib/python3.10/site-packages/airflow/example_dags/example_trigger_controller_dag.py for tasks to queue
[2025-05-09T16:00:57.078-0600] {logging_mixin.py:188} INFO - [2025-05-09T16:00:57.078-0600] {dagbag.py:538} INFO - Filling up the DagBag from /Users/crobles18/Downloads/fire_incidents_pipeline/airflow/venv/lib/python3.10/site-packages/airflow/example_dags/example_trigger_controller_dag.py
[2025-05-09T16:00:57.106-0600] {processor.py:840} INFO - DAG(s) 'example_trigger_controller_dag' retrieved from /Users/crobles18/Downloads/fire_incidents_pipeline/airflow/venv/lib/python3.10/site-packages/airflow/example_dags/example_trigger_controller_dag.py
[2025-05-09T16:00:57.145-0600] {logging_mixin.py:188} INFO - [2025-05-09T16:00:57.144-0600] {dag.py:3036} INFO - Sync 1 DAGs
[2025-05-09T16:00:57.151-0600] {logging_mixin.py:188} INFO - [2025-05-09T16:00:57.151-0600] {dag.py:3823} INFO - Setting next_dagrun for example_trigger_controller_dag to 2021-01-01 00:00:00+00:00, run_after=2021-01-01 00:00:00+00:00
[2025-05-09T16:00:57.158-0600] {processor.py:183} INFO - Processing /Users/crobles18/Downloads/fire_incidents_pipeline/airflow/venv/lib/python3.10/site-packages/airflow/example_dags/example_trigger_controller_dag.py took 0.082 seconds
[2025-05-09T16:02:23.193-0600] {processor.py:161} INFO - Started process (PID=54666) to work on /Users/crobles18/Downloads/fire_incidents_pipeline/airflow/venv/lib/python3.10/site-packages/airflow/example_dags/example_trigger_controller_dag.py
[2025-05-09T16:02:23.196-0600] {processor.py:830} INFO - Processing file /Users/crobles18/Downloads/fire_incidents_pipeline/airflow/venv/lib/python3.10/site-packages/airflow/example_dags/example_trigger_controller_dag.py for tasks to queue
[2025-05-09T16:02:23.196-0600] {logging_mixin.py:188} INFO - [2025-05-09T16:02:23.196-0600] {dagbag.py:538} INFO - Filling up the DagBag from /Users/crobles18/Downloads/fire_incidents_pipeline/airflow/venv/lib/python3.10/site-packages/airflow/example_dags/example_trigger_controller_dag.py
[2025-05-09T16:02:23.222-0600] {processor.py:840} INFO - DAG(s) 'example_trigger_controller_dag' retrieved from /Users/crobles18/Downloads/fire_incidents_pipeline/airflow/venv/lib/python3.10/site-packages/airflow/example_dags/example_trigger_controller_dag.py
[2025-05-09T16:02:23.258-0600] {logging_mixin.py:188} INFO - [2025-05-09T16:02:23.257-0600] {dag.py:3036} INFO - Sync 1 DAGs
[2025-05-09T16:02:23.264-0600] {logging_mixin.py:188} INFO - [2025-05-09T16:02:23.264-0600] {dag.py:3823} INFO - Setting next_dagrun for example_trigger_controller_dag to 2021-01-01 00:00:00+00:00, run_after=2021-01-01 00:00:00+00:00
[2025-05-09T16:02:23.271-0600] {processor.py:183} INFO - Processing /Users/crobles18/Downloads/fire_incidents_pipeline/airflow/venv/lib/python3.10/site-packages/airflow/example_dags/example_trigger_controller_dag.py took 0.078 seconds
