[2025-05-09T15:57:10.744-0600] {processor.py:161} INFO - Started process (PID=53871) to work on /Users/crobles18/Downloads/fire_incidents_pipeline/airflow/venv/lib/python3.10/site-packages/airflow/example_dags/example_task_group_decorator.py
[2025-05-09T15:57:10.745-0600] {processor.py:830} INFO - Processing file /Users/crobles18/Downloads/fire_incidents_pipeline/airflow/venv/lib/python3.10/site-packages/airflow/example_dags/example_task_group_decorator.py for tasks to queue
[2025-05-09T15:57:10.745-0600] {logging_mixin.py:188} INFO - [2025-05-09T15:57:10.745-0600] {dagbag.py:538} INFO - Filling up the DagBag from /Users/crobles18/Downloads/fire_incidents_pipeline/airflow/venv/lib/python3.10/site-packages/airflow/example_dags/example_task_group_decorator.py
[2025-05-09T15:57:10.787-0600] {processor.py:840} INFO - DAG(s) 'example_task_group_decorator' retrieved from /Users/crobles18/Downloads/fire_incidents_pipeline/airflow/venv/lib/python3.10/site-packages/airflow/example_dags/example_task_group_decorator.py
[2025-05-09T15:57:10.864-0600] {logging_mixin.py:188} INFO - [2025-05-09T15:57:10.864-0600] {override.py:1769} INFO - Created Permission View: can delete on DAG:example_task_group_decorator
[2025-05-09T15:57:10.868-0600] {logging_mixin.py:188} INFO - [2025-05-09T15:57:10.868-0600] {override.py:1769} INFO - Created Permission View: can read on DAG:example_task_group_decorator
[2025-05-09T15:57:10.870-0600] {logging_mixin.py:188} INFO - [2025-05-09T15:57:10.870-0600] {override.py:1769} INFO - Created Permission View: can edit on DAG:example_task_group_decorator
[2025-05-09T15:57:10.870-0600] {logging_mixin.py:188} INFO - [2025-05-09T15:57:10.870-0600] {dag.py:3036} INFO - Sync 1 DAGs
[2025-05-09T15:57:10.874-0600] {logging_mixin.py:188} INFO - [2025-05-09T15:57:10.874-0600] {dag.py:3058} INFO - Creating ORM DAG for example_task_group_decorator
[2025-05-09T15:57:10.877-0600] {logging_mixin.py:188} INFO - [2025-05-09T15:57:10.877-0600] {dag.py:3823} INFO - Setting next_dagrun for example_task_group_decorator to 2025-05-08 00:00:00+00:00, run_after=2025-05-09 00:00:00+00:00
[2025-05-09T15:57:10.885-0600] {processor.py:183} INFO - Processing /Users/crobles18/Downloads/fire_incidents_pipeline/airflow/venv/lib/python3.10/site-packages/airflow/example_dags/example_task_group_decorator.py took 0.141 seconds
[2025-05-09T15:59:33.625-0600] {processor.py:161} INFO - Started process (PID=54278) to work on /Users/crobles18/Downloads/fire_incidents_pipeline/airflow/venv/lib/python3.10/site-packages/airflow/example_dags/example_task_group_decorator.py
[2025-05-09T15:59:33.626-0600] {processor.py:830} INFO - Processing file /Users/crobles18/Downloads/fire_incidents_pipeline/airflow/venv/lib/python3.10/site-packages/airflow/example_dags/example_task_group_decorator.py for tasks to queue
[2025-05-09T15:59:33.626-0600] {logging_mixin.py:188} INFO - [2025-05-09T15:59:33.626-0600] {dagbag.py:538} INFO - Filling up the DagBag from /Users/crobles18/Downloads/fire_incidents_pipeline/airflow/venv/lib/python3.10/site-packages/airflow/example_dags/example_task_group_decorator.py
[2025-05-09T15:59:33.670-0600] {processor.py:840} INFO - DAG(s) 'example_task_group_decorator' retrieved from /Users/crobles18/Downloads/fire_incidents_pipeline/airflow/venv/lib/python3.10/site-packages/airflow/example_dags/example_task_group_decorator.py
[2025-05-09T15:59:33.712-0600] {logging_mixin.py:188} INFO - [2025-05-09T15:59:33.712-0600] {dag.py:3036} INFO - Sync 1 DAGs
[2025-05-09T15:59:33.721-0600] {logging_mixin.py:188} INFO - [2025-05-09T15:59:33.721-0600] {dag.py:3823} INFO - Setting next_dagrun for example_task_group_decorator to 2025-05-08 00:00:00+00:00, run_after=2025-05-09 00:00:00+00:00
[2025-05-09T15:59:33.728-0600] {processor.py:183} INFO - Processing /Users/crobles18/Downloads/fire_incidents_pipeline/airflow/venv/lib/python3.10/site-packages/airflow/example_dags/example_task_group_decorator.py took 0.104 seconds
[2025-05-09T16:01:00.671-0600] {processor.py:161} INFO - Started process (PID=54571) to work on /Users/crobles18/Downloads/fire_incidents_pipeline/airflow/venv/lib/python3.10/site-packages/airflow/example_dags/example_task_group_decorator.py
[2025-05-09T16:01:00.672-0600] {processor.py:830} INFO - Processing file /Users/crobles18/Downloads/fire_incidents_pipeline/airflow/venv/lib/python3.10/site-packages/airflow/example_dags/example_task_group_decorator.py for tasks to queue
[2025-05-09T16:01:00.672-0600] {logging_mixin.py:188} INFO - [2025-05-09T16:01:00.672-0600] {dagbag.py:538} INFO - Filling up the DagBag from /Users/crobles18/Downloads/fire_incidents_pipeline/airflow/venv/lib/python3.10/site-packages/airflow/example_dags/example_task_group_decorator.py
[2025-05-09T16:01:00.712-0600] {processor.py:840} INFO - DAG(s) 'example_task_group_decorator' retrieved from /Users/crobles18/Downloads/fire_incidents_pipeline/airflow/venv/lib/python3.10/site-packages/airflow/example_dags/example_task_group_decorator.py
[2025-05-09T16:01:00.753-0600] {logging_mixin.py:188} INFO - [2025-05-09T16:01:00.753-0600] {dag.py:3036} INFO - Sync 1 DAGs
[2025-05-09T16:01:00.761-0600] {logging_mixin.py:188} INFO - [2025-05-09T16:01:00.761-0600] {dag.py:3823} INFO - Setting next_dagrun for example_task_group_decorator to 2025-05-08 00:00:00+00:00, run_after=2025-05-09 00:00:00+00:00
[2025-05-09T16:01:00.768-0600] {processor.py:183} INFO - Processing /Users/crobles18/Downloads/fire_incidents_pipeline/airflow/venv/lib/python3.10/site-packages/airflow/example_dags/example_task_group_decorator.py took 0.098 seconds
[2025-05-09T16:02:26.052-0600] {processor.py:161} INFO - Started process (PID=54670) to work on /Users/crobles18/Downloads/fire_incidents_pipeline/airflow/venv/lib/python3.10/site-packages/airflow/example_dags/example_task_group_decorator.py
[2025-05-09T16:02:26.052-0600] {processor.py:830} INFO - Processing file /Users/crobles18/Downloads/fire_incidents_pipeline/airflow/venv/lib/python3.10/site-packages/airflow/example_dags/example_task_group_decorator.py for tasks to queue
[2025-05-09T16:02:26.053-0600] {logging_mixin.py:188} INFO - [2025-05-09T16:02:26.052-0600] {dagbag.py:538} INFO - Filling up the DagBag from /Users/crobles18/Downloads/fire_incidents_pipeline/airflow/venv/lib/python3.10/site-packages/airflow/example_dags/example_task_group_decorator.py
[2025-05-09T16:02:26.089-0600] {processor.py:840} INFO - DAG(s) 'example_task_group_decorator' retrieved from /Users/crobles18/Downloads/fire_incidents_pipeline/airflow/venv/lib/python3.10/site-packages/airflow/example_dags/example_task_group_decorator.py
[2025-05-09T16:02:26.127-0600] {logging_mixin.py:188} INFO - [2025-05-09T16:02:26.127-0600] {dag.py:3036} INFO - Sync 1 DAGs
[2025-05-09T16:02:26.134-0600] {logging_mixin.py:188} INFO - [2025-05-09T16:02:26.134-0600] {dag.py:3823} INFO - Setting next_dagrun for example_task_group_decorator to 2025-05-08 00:00:00+00:00, run_after=2025-05-09 00:00:00+00:00
[2025-05-09T16:02:26.142-0600] {processor.py:183} INFO - Processing /Users/crobles18/Downloads/fire_incidents_pipeline/airflow/venv/lib/python3.10/site-packages/airflow/example_dags/example_task_group_decorator.py took 0.090 seconds
