[2025-05-09T15:58:11.070-0600] {processor.py:161} INFO - Started process (PID=53988) to work on /Users/crobles18/Downloads/fire_incidents_pipeline/airflow/venv/lib/python3.10/site-packages/airflow/example_dags/example_branch_datetime_operator.py
[2025-05-09T15:58:11.071-0600] {processor.py:830} INFO - Processing file /Users/crobles18/Downloads/fire_incidents_pipeline/airflow/venv/lib/python3.10/site-packages/airflow/example_dags/example_branch_datetime_operator.py for tasks to queue
[2025-05-09T15:58:11.071-0600] {logging_mixin.py:188} INFO - [2025-05-09T15:58:11.071-0600] {dagbag.py:538} INFO - Filling up the DagBag from /Users/crobles18/Downloads/fire_incidents_pipeline/airflow/venv/lib/python3.10/site-packages/airflow/example_dags/example_branch_datetime_operator.py
[2025-05-09T15:58:11.110-0600] {processor.py:840} INFO - DAG(s) 'example_branch_datetime_operator_2', 'example_branch_datetime_operator', 'example_branch_datetime_operator_3' retrieved from /Users/crobles18/Downloads/fire_incidents_pipeline/airflow/venv/lib/python3.10/site-packages/airflow/example_dags/example_branch_datetime_operator.py
[2025-05-09T15:58:11.196-0600] {logging_mixin.py:188} INFO - [2025-05-09T15:58:11.195-0600] {override.py:1769} INFO - Created Permission View: can edit on DAG:example_branch_datetime_operator_2
[2025-05-09T15:58:11.200-0600] {logging_mixin.py:188} INFO - [2025-05-09T15:58:11.200-0600] {override.py:1769} INFO - Created Permission View: can read on DAG:example_branch_datetime_operator_2
[2025-05-09T15:58:11.202-0600] {logging_mixin.py:188} INFO - [2025-05-09T15:58:11.202-0600] {override.py:1769} INFO - Created Permission View: can delete on DAG:example_branch_datetime_operator_2
[2025-05-09T15:58:11.209-0600] {logging_mixin.py:188} INFO - [2025-05-09T15:58:11.209-0600] {override.py:1769} INFO - Created Permission View: can edit on DAG:example_branch_datetime_operator
[2025-05-09T15:58:11.212-0600] {logging_mixin.py:188} INFO - [2025-05-09T15:58:11.212-0600] {override.py:1769} INFO - Created Permission View: can read on DAG:example_branch_datetime_operator
[2025-05-09T15:58:11.214-0600] {logging_mixin.py:188} INFO - [2025-05-09T15:58:11.214-0600] {override.py:1769} INFO - Created Permission View: can delete on DAG:example_branch_datetime_operator
[2025-05-09T15:58:11.219-0600] {logging_mixin.py:188} INFO - [2025-05-09T15:58:11.219-0600] {override.py:1769} INFO - Created Permission View: can edit on DAG:example_branch_datetime_operator_3
[2025-05-09T15:58:11.222-0600] {logging_mixin.py:188} INFO - [2025-05-09T15:58:11.221-0600] {override.py:1769} INFO - Created Permission View: can read on DAG:example_branch_datetime_operator_3
[2025-05-09T15:58:11.224-0600] {logging_mixin.py:188} INFO - [2025-05-09T15:58:11.224-0600] {override.py:1769} INFO - Created Permission View: can delete on DAG:example_branch_datetime_operator_3
[2025-05-09T15:58:11.225-0600] {logging_mixin.py:188} INFO - [2025-05-09T15:58:11.225-0600] {dag.py:3036} INFO - Sync 3 DAGs
[2025-05-09T15:58:11.229-0600] {logging_mixin.py:188} INFO - [2025-05-09T15:58:11.229-0600] {dag.py:3058} INFO - Creating ORM DAG for example_branch_datetime_operator
[2025-05-09T15:58:11.230-0600] {logging_mixin.py:188} INFO - [2025-05-09T15:58:11.230-0600] {dag.py:3058} INFO - Creating ORM DAG for example_branch_datetime_operator_3
[2025-05-09T15:58:11.230-0600] {logging_mixin.py:188} INFO - [2025-05-09T15:58:11.230-0600] {dag.py:3058} INFO - Creating ORM DAG for example_branch_datetime_operator_2
[2025-05-09T15:58:11.234-0600] {logging_mixin.py:188} INFO - [2025-05-09T15:58:11.234-0600] {dag.py:3823} INFO - Setting next_dagrun for example_branch_datetime_operator to 2025-05-08 00:00:00+00:00, run_after=2025-05-09 00:00:00+00:00
[2025-05-09T15:58:11.235-0600] {logging_mixin.py:188} INFO - [2025-05-09T15:58:11.235-0600] {dag.py:3823} INFO - Setting next_dagrun for example_branch_datetime_operator_2 to 2025-05-08 00:00:00+00:00, run_after=2025-05-09 00:00:00+00:00
[2025-05-09T15:58:11.236-0600] {logging_mixin.py:188} INFO - [2025-05-09T15:58:11.235-0600] {dag.py:3823} INFO - Setting next_dagrun for example_branch_datetime_operator_3 to 2025-05-08 00:00:00+00:00, run_after=2025-05-09 00:00:00+00:00
[2025-05-09T15:58:11.244-0600] {processor.py:183} INFO - Processing /Users/crobles18/Downloads/fire_incidents_pipeline/airflow/venv/lib/python3.10/site-packages/airflow/example_dags/example_branch_datetime_operator.py took 0.174 seconds
[2025-05-09T16:01:58.070-0600] {processor.py:161} INFO - Started process (PID=54636) to work on /Users/crobles18/Downloads/fire_incidents_pipeline/airflow/venv/lib/python3.10/site-packages/airflow/example_dags/example_branch_datetime_operator.py
[2025-05-09T16:01:58.071-0600] {processor.py:830} INFO - Processing file /Users/crobles18/Downloads/fire_incidents_pipeline/airflow/venv/lib/python3.10/site-packages/airflow/example_dags/example_branch_datetime_operator.py for tasks to queue
[2025-05-09T16:01:58.071-0600] {logging_mixin.py:188} INFO - [2025-05-09T16:01:58.071-0600] {dagbag.py:538} INFO - Filling up the DagBag from /Users/crobles18/Downloads/fire_incidents_pipeline/airflow/venv/lib/python3.10/site-packages/airflow/example_dags/example_branch_datetime_operator.py
[2025-05-09T16:01:58.101-0600] {processor.py:840} INFO - DAG(s) 'example_branch_datetime_operator_2', 'example_branch_datetime_operator', 'example_branch_datetime_operator_3' retrieved from /Users/crobles18/Downloads/fire_incidents_pipeline/airflow/venv/lib/python3.10/site-packages/airflow/example_dags/example_branch_datetime_operator.py
[2025-05-09T16:01:58.144-0600] {logging_mixin.py:188} INFO - [2025-05-09T16:01:58.144-0600] {dag.py:3036} INFO - Sync 3 DAGs
[2025-05-09T16:01:58.151-0600] {logging_mixin.py:188} INFO - [2025-05-09T16:01:58.151-0600] {dag.py:3823} INFO - Setting next_dagrun for example_branch_datetime_operator to 2025-05-08 00:00:00+00:00, run_after=2025-05-09 00:00:00+00:00
[2025-05-09T16:01:58.152-0600] {logging_mixin.py:188} INFO - [2025-05-09T16:01:58.152-0600] {dag.py:3823} INFO - Setting next_dagrun for example_branch_datetime_operator_2 to 2025-05-08 00:00:00+00:00, run_after=2025-05-09 00:00:00+00:00
[2025-05-09T16:01:58.153-0600] {logging_mixin.py:188} INFO - [2025-05-09T16:01:58.153-0600] {dag.py:3823} INFO - Setting next_dagrun for example_branch_datetime_operator_3 to 2025-05-08 00:00:00+00:00, run_after=2025-05-09 00:00:00+00:00
[2025-05-09T16:01:58.159-0600] {processor.py:183} INFO - Processing /Users/crobles18/Downloads/fire_incidents_pipeline/airflow/venv/lib/python3.10/site-packages/airflow/example_dags/example_branch_datetime_operator.py took 0.090 seconds
