[2025-05-09T15:57:32.619-0600] {processor.py:161} INFO - Started process (PID=53918) to work on /Users/crobles18/Downloads/fire_incidents_pipeline/airflow/venv/lib/python3.10/site-packages/airflow/example_dags/example_python_decorator.py
[2025-05-09T15:57:32.620-0600] {processor.py:830} INFO - Processing file /Users/crobles18/Downloads/fire_incidents_pipeline/airflow/venv/lib/python3.10/site-packages/airflow/example_dags/example_python_decorator.py for tasks to queue
[2025-05-09T15:57:32.620-0600] {logging_mixin.py:188} INFO - [2025-05-09T15:57:32.620-0600] {dagbag.py:538} INFO - Filling up the DagBag from /Users/crobles18/Downloads/fire_incidents_pipeline/airflow/venv/lib/python3.10/site-packages/airflow/example_dags/example_python_decorator.py
[2025-05-09T15:57:32.657-0600] {processor.py:840} INFO - DAG(s) 'example_python_decorator' retrieved from /Users/crobles18/Downloads/fire_incidents_pipeline/airflow/venv/lib/python3.10/site-packages/airflow/example_dags/example_python_decorator.py
[2025-05-09T15:57:32.731-0600] {logging_mixin.py:188} INFO - [2025-05-09T15:57:32.730-0600] {override.py:1769} INFO - Created Permission View: can read on DAG:example_python_decorator
[2025-05-09T15:57:32.734-0600] {logging_mixin.py:188} INFO - [2025-05-09T15:57:32.734-0600] {override.py:1769} INFO - Created Permission View: can delete on DAG:example_python_decorator
[2025-05-09T15:57:32.737-0600] {logging_mixin.py:188} INFO - [2025-05-09T15:57:32.737-0600] {override.py:1769} INFO - Created Permission View: can edit on DAG:example_python_decorator
[2025-05-09T15:57:32.737-0600] {logging_mixin.py:188} INFO - [2025-05-09T15:57:32.737-0600] {dag.py:3036} INFO - Sync 1 DAGs
[2025-05-09T15:57:32.741-0600] {logging_mixin.py:188} INFO - [2025-05-09T15:57:32.741-0600] {dag.py:3058} INFO - Creating ORM DAG for example_python_decorator
[2025-05-09T15:57:32.741-0600] {logging_mixin.py:188} INFO - [2025-05-09T15:57:32.741-0600] {dag.py:3823} INFO - Setting next_dagrun for example_python_decorator to None, run_after=None
[2025-05-09T15:57:32.748-0600] {processor.py:183} INFO - Processing /Users/crobles18/Downloads/fire_incidents_pipeline/airflow/venv/lib/python3.10/site-packages/airflow/example_dags/example_python_decorator.py took 0.129 seconds
[2025-05-09T15:59:54.462-0600] {processor.py:161} INFO - Started process (PID=54294) to work on /Users/crobles18/Downloads/fire_incidents_pipeline/airflow/venv/lib/python3.10/site-packages/airflow/example_dags/example_python_decorator.py
[2025-05-09T15:59:54.463-0600] {processor.py:830} INFO - Processing file /Users/crobles18/Downloads/fire_incidents_pipeline/airflow/venv/lib/python3.10/site-packages/airflow/example_dags/example_python_decorator.py for tasks to queue
[2025-05-09T15:59:54.463-0600] {logging_mixin.py:188} INFO - [2025-05-09T15:59:54.463-0600] {dagbag.py:538} INFO - Filling up the DagBag from /Users/crobles18/Downloads/fire_incidents_pipeline/airflow/venv/lib/python3.10/site-packages/airflow/example_dags/example_python_decorator.py
[2025-05-09T15:59:54.504-0600] {processor.py:840} INFO - DAG(s) 'example_python_decorator' retrieved from /Users/crobles18/Downloads/fire_incidents_pipeline/airflow/venv/lib/python3.10/site-packages/airflow/example_dags/example_python_decorator.py
[2025-05-09T15:59:54.593-0600] {logging_mixin.py:188} INFO - [2025-05-09T15:59:54.593-0600] {dag.py:3036} INFO - Sync 1 DAGs
[2025-05-09T15:59:54.597-0600] {logging_mixin.py:188} INFO - [2025-05-09T15:59:54.597-0600] {dag.py:3823} INFO - Setting next_dagrun for example_python_decorator to None, run_after=None
[2025-05-09T15:59:54.605-0600] {processor.py:183} INFO - Processing /Users/crobles18/Downloads/fire_incidents_pipeline/airflow/venv/lib/python3.10/site-packages/airflow/example_dags/example_python_decorator.py took 0.143 seconds
[2025-05-09T16:01:22.277-0600] {processor.py:161} INFO - Started process (PID=54597) to work on /Users/crobles18/Downloads/fire_incidents_pipeline/airflow/venv/lib/python3.10/site-packages/airflow/example_dags/example_python_decorator.py
[2025-05-09T16:01:22.277-0600] {processor.py:830} INFO - Processing file /Users/crobles18/Downloads/fire_incidents_pipeline/airflow/venv/lib/python3.10/site-packages/airflow/example_dags/example_python_decorator.py for tasks to queue
[2025-05-09T16:01:22.278-0600] {logging_mixin.py:188} INFO - [2025-05-09T16:01:22.278-0600] {dagbag.py:538} INFO - Filling up the DagBag from /Users/crobles18/Downloads/fire_incidents_pipeline/airflow/venv/lib/python3.10/site-packages/airflow/example_dags/example_python_decorator.py
[2025-05-09T16:01:22.311-0600] {processor.py:840} INFO - DAG(s) 'example_python_decorator' retrieved from /Users/crobles18/Downloads/fire_incidents_pipeline/airflow/venv/lib/python3.10/site-packages/airflow/example_dags/example_python_decorator.py
[2025-05-09T16:01:22.380-0600] {logging_mixin.py:188} INFO - [2025-05-09T16:01:22.380-0600] {dag.py:3036} INFO - Sync 1 DAGs
[2025-05-09T16:01:22.383-0600] {logging_mixin.py:188} INFO - [2025-05-09T16:01:22.383-0600] {dag.py:3823} INFO - Setting next_dagrun for example_python_decorator to None, run_after=None
[2025-05-09T16:01:22.391-0600] {processor.py:183} INFO - Processing /Users/crobles18/Downloads/fire_incidents_pipeline/airflow/venv/lib/python3.10/site-packages/airflow/example_dags/example_python_decorator.py took 0.114 seconds
