[2025-05-09T15:57:06.042-0600] {processor.py:161} INFO - Started process (PID=53863) to work on /Users/crobles18/Downloads/fire_incidents_pipeline/airflow/venv/lib/python3.10/site-packages/airflow/example_dags/example_trigger_target_dag.py
[2025-05-09T15:57:06.042-0600] {processor.py:830} INFO - Processing file /Users/crobles18/Downloads/fire_incidents_pipeline/airflow/venv/lib/python3.10/site-packages/airflow/example_dags/example_trigger_target_dag.py for tasks to queue
[2025-05-09T15:57:06.042-0600] {logging_mixin.py:188} INFO - [2025-05-09T15:57:06.042-0600] {dagbag.py:538} INFO - Filling up the DagBag from /Users/crobles18/Downloads/fire_incidents_pipeline/airflow/venv/lib/python3.10/site-packages/airflow/example_dags/example_trigger_target_dag.py
[2025-05-09T15:57:06.076-0600] {processor.py:840} INFO - DAG(s) 'example_trigger_target_dag' retrieved from /Users/crobles18/Downloads/fire_incidents_pipeline/airflow/venv/lib/python3.10/site-packages/airflow/example_dags/example_trigger_target_dag.py
[2025-05-09T15:57:06.147-0600] {logging_mixin.py:188} INFO - [2025-05-09T15:57:06.146-0600] {override.py:1769} INFO - Created Permission View: can edit on DAG:example_trigger_target_dag
[2025-05-09T15:57:06.150-0600] {logging_mixin.py:188} INFO - [2025-05-09T15:57:06.150-0600] {override.py:1769} INFO - Created Permission View: can delete on DAG:example_trigger_target_dag
[2025-05-09T15:57:06.152-0600] {logging_mixin.py:188} INFO - [2025-05-09T15:57:06.152-0600] {override.py:1769} INFO - Created Permission View: can read on DAG:example_trigger_target_dag
[2025-05-09T15:57:06.152-0600] {logging_mixin.py:188} INFO - [2025-05-09T15:57:06.152-0600] {dag.py:3036} INFO - Sync 1 DAGs
[2025-05-09T15:57:06.155-0600] {logging_mixin.py:188} INFO - [2025-05-09T15:57:06.155-0600] {dag.py:3058} INFO - Creating ORM DAG for example_trigger_target_dag
[2025-05-09T15:57:06.155-0600] {logging_mixin.py:188} INFO - [2025-05-09T15:57:06.155-0600] {dag.py:3823} INFO - Setting next_dagrun for example_trigger_target_dag to None, run_after=None
[2025-05-09T15:57:06.161-0600] {processor.py:183} INFO - Processing /Users/crobles18/Downloads/fire_incidents_pipeline/airflow/venv/lib/python3.10/site-packages/airflow/example_dags/example_trigger_target_dag.py took 0.120 seconds
[2025-05-09T15:58:34.892-0600] {processor.py:161} INFO - Started process (PID=54039) to work on /Users/crobles18/Downloads/fire_incidents_pipeline/airflow/venv/lib/python3.10/site-packages/airflow/example_dags/example_trigger_target_dag.py
[2025-05-09T15:58:34.893-0600] {processor.py:830} INFO - Processing file /Users/crobles18/Downloads/fire_incidents_pipeline/airflow/venv/lib/python3.10/site-packages/airflow/example_dags/example_trigger_target_dag.py for tasks to queue
[2025-05-09T15:58:34.893-0600] {logging_mixin.py:188} INFO - [2025-05-09T15:58:34.893-0600] {dagbag.py:538} INFO - Filling up the DagBag from /Users/crobles18/Downloads/fire_incidents_pipeline/airflow/venv/lib/python3.10/site-packages/airflow/example_dags/example_trigger_target_dag.py
[2025-05-09T15:58:34.926-0600] {processor.py:840} INFO - DAG(s) 'example_trigger_target_dag' retrieved from /Users/crobles18/Downloads/fire_incidents_pipeline/airflow/venv/lib/python3.10/site-packages/airflow/example_dags/example_trigger_target_dag.py
[2025-05-09T15:58:34.963-0600] {logging_mixin.py:188} INFO - [2025-05-09T15:58:34.963-0600] {dag.py:3036} INFO - Sync 1 DAGs
[2025-05-09T15:58:34.967-0600] {logging_mixin.py:188} INFO - [2025-05-09T15:58:34.967-0600] {dag.py:3823} INFO - Setting next_dagrun for example_trigger_target_dag to None, run_after=None
[2025-05-09T15:58:34.975-0600] {processor.py:183} INFO - Processing /Users/crobles18/Downloads/fire_incidents_pipeline/airflow/venv/lib/python3.10/site-packages/airflow/example_dags/example_trigger_target_dag.py took 0.083 seconds
[2025-05-09T15:59:28.107-0600] {processor.py:161} INFO - Started process (PID=54273) to work on /Users/crobles18/Downloads/fire_incidents_pipeline/airflow/venv/lib/python3.10/site-packages/airflow/example_dags/example_trigger_target_dag.py
[2025-05-09T15:59:28.107-0600] {processor.py:830} INFO - Processing file /Users/crobles18/Downloads/fire_incidents_pipeline/airflow/venv/lib/python3.10/site-packages/airflow/example_dags/example_trigger_target_dag.py for tasks to queue
[2025-05-09T15:59:28.108-0600] {logging_mixin.py:188} INFO - [2025-05-09T15:59:28.108-0600] {dagbag.py:538} INFO - Filling up the DagBag from /Users/crobles18/Downloads/fire_incidents_pipeline/airflow/venv/lib/python3.10/site-packages/airflow/example_dags/example_trigger_target_dag.py
[2025-05-09T15:59:28.145-0600] {processor.py:840} INFO - DAG(s) 'example_trigger_target_dag' retrieved from /Users/crobles18/Downloads/fire_incidents_pipeline/airflow/venv/lib/python3.10/site-packages/airflow/example_dags/example_trigger_target_dag.py
[2025-05-09T15:59:28.183-0600] {logging_mixin.py:188} INFO - [2025-05-09T15:59:28.183-0600] {dag.py:3036} INFO - Sync 1 DAGs
[2025-05-09T15:59:28.187-0600] {logging_mixin.py:188} INFO - [2025-05-09T15:59:28.187-0600] {dag.py:3823} INFO - Setting next_dagrun for example_trigger_target_dag to None, run_after=None
[2025-05-09T15:59:28.194-0600] {processor.py:183} INFO - Processing /Users/crobles18/Downloads/fire_incidents_pipeline/airflow/venv/lib/python3.10/site-packages/airflow/example_dags/example_trigger_target_dag.py took 0.088 seconds
[2025-05-09T16:00:49.495-0600] {processor.py:161} INFO - Started process (PID=54549) to work on /Users/crobles18/Downloads/fire_incidents_pipeline/airflow/venv/lib/python3.10/site-packages/airflow/example_dags/example_trigger_target_dag.py
[2025-05-09T16:00:49.495-0600] {processor.py:830} INFO - Processing file /Users/crobles18/Downloads/fire_incidents_pipeline/airflow/venv/lib/python3.10/site-packages/airflow/example_dags/example_trigger_target_dag.py for tasks to queue
[2025-05-09T16:00:49.496-0600] {logging_mixin.py:188} INFO - [2025-05-09T16:00:49.496-0600] {dagbag.py:538} INFO - Filling up the DagBag from /Users/crobles18/Downloads/fire_incidents_pipeline/airflow/venv/lib/python3.10/site-packages/airflow/example_dags/example_trigger_target_dag.py
[2025-05-09T16:00:49.532-0600] {processor.py:840} INFO - DAG(s) 'example_trigger_target_dag' retrieved from /Users/crobles18/Downloads/fire_incidents_pipeline/airflow/venv/lib/python3.10/site-packages/airflow/example_dags/example_trigger_target_dag.py
[2025-05-09T16:00:49.570-0600] {logging_mixin.py:188} INFO - [2025-05-09T16:00:49.570-0600] {dag.py:3036} INFO - Sync 1 DAGs
[2025-05-09T16:00:49.574-0600] {logging_mixin.py:188} INFO - [2025-05-09T16:00:49.574-0600] {dag.py:3823} INFO - Setting next_dagrun for example_trigger_target_dag to None, run_after=None
[2025-05-09T16:00:49.582-0600] {processor.py:183} INFO - Processing /Users/crobles18/Downloads/fire_incidents_pipeline/airflow/venv/lib/python3.10/site-packages/airflow/example_dags/example_trigger_target_dag.py took 0.088 seconds
[2025-05-09T16:02:22.291-0600] {processor.py:161} INFO - Started process (PID=54665) to work on /Users/crobles18/Downloads/fire_incidents_pipeline/airflow/venv/lib/python3.10/site-packages/airflow/example_dags/example_trigger_target_dag.py
[2025-05-09T16:02:22.292-0600] {processor.py:830} INFO - Processing file /Users/crobles18/Downloads/fire_incidents_pipeline/airflow/venv/lib/python3.10/site-packages/airflow/example_dags/example_trigger_target_dag.py for tasks to queue
[2025-05-09T16:02:22.292-0600] {logging_mixin.py:188} INFO - [2025-05-09T16:02:22.292-0600] {dagbag.py:538} INFO - Filling up the DagBag from /Users/crobles18/Downloads/fire_incidents_pipeline/airflow/venv/lib/python3.10/site-packages/airflow/example_dags/example_trigger_target_dag.py
[2025-05-09T16:02:22.331-0600] {processor.py:840} INFO - DAG(s) 'example_trigger_target_dag' retrieved from /Users/crobles18/Downloads/fire_incidents_pipeline/airflow/venv/lib/python3.10/site-packages/airflow/example_dags/example_trigger_target_dag.py
[2025-05-09T16:02:22.371-0600] {logging_mixin.py:188} INFO - [2025-05-09T16:02:22.371-0600] {dag.py:3036} INFO - Sync 1 DAGs
[2025-05-09T16:02:22.375-0600] {logging_mixin.py:188} INFO - [2025-05-09T16:02:22.375-0600] {dag.py:3823} INFO - Setting next_dagrun for example_trigger_target_dag to None, run_after=None
[2025-05-09T16:02:22.383-0600] {processor.py:183} INFO - Processing /Users/crobles18/Downloads/fire_incidents_pipeline/airflow/venv/lib/python3.10/site-packages/airflow/example_dags/example_trigger_target_dag.py took 0.093 seconds
