[2025-05-09T15:57:40.306-0600] {processor.py:161} INFO - Started process (PID=53926) to work on /Users/crobles18/Downloads/fire_incidents_pipeline/airflow/venv/lib/python3.10/site-packages/airflow/example_dags/example_nested_branch_dag.py
[2025-05-09T15:57:40.307-0600] {processor.py:830} INFO - Processing file /Users/crobles18/Downloads/fire_incidents_pipeline/airflow/venv/lib/python3.10/site-packages/airflow/example_dags/example_nested_branch_dag.py for tasks to queue
[2025-05-09T15:57:40.307-0600] {logging_mixin.py:188} INFO - [2025-05-09T15:57:40.307-0600] {dagbag.py:538} INFO - Filling up the DagBag from /Users/crobles18/Downloads/fire_incidents_pipeline/airflow/venv/lib/python3.10/site-packages/airflow/example_dags/example_nested_branch_dag.py
[2025-05-09T15:57:40.343-0600] {processor.py:840} INFO - DAG(s) 'example_nested_branch_dag' retrieved from /Users/crobles18/Downloads/fire_incidents_pipeline/airflow/venv/lib/python3.10/site-packages/airflow/example_dags/example_nested_branch_dag.py
[2025-05-09T15:57:40.415-0600] {logging_mixin.py:188} INFO - [2025-05-09T15:57:40.415-0600] {override.py:1769} INFO - Created Permission View: can read on DAG:example_nested_branch_dag
[2025-05-09T15:57:40.418-0600] {logging_mixin.py:188} INFO - [2025-05-09T15:57:40.418-0600] {override.py:1769} INFO - Created Permission View: can edit on DAG:example_nested_branch_dag
[2025-05-09T15:57:40.420-0600] {logging_mixin.py:188} INFO - [2025-05-09T15:57:40.420-0600] {override.py:1769} INFO - Created Permission View: can delete on DAG:example_nested_branch_dag
[2025-05-09T15:57:40.421-0600] {logging_mixin.py:188} INFO - [2025-05-09T15:57:40.421-0600] {dag.py:3036} INFO - Sync 1 DAGs
[2025-05-09T15:57:40.424-0600] {logging_mixin.py:188} INFO - [2025-05-09T15:57:40.424-0600] {dag.py:3058} INFO - Creating ORM DAG for example_nested_branch_dag
[2025-05-09T15:57:40.428-0600] {logging_mixin.py:188} INFO - [2025-05-09T15:57:40.428-0600] {dag.py:3823} INFO - Setting next_dagrun for example_nested_branch_dag to 2025-05-08 00:00:00+00:00, run_after=2025-05-09 00:00:00+00:00
[2025-05-09T15:57:40.434-0600] {processor.py:183} INFO - Processing /Users/crobles18/Downloads/fire_incidents_pipeline/airflow/venv/lib/python3.10/site-packages/airflow/example_dags/example_nested_branch_dag.py took 0.128 seconds
[2025-05-09T16:00:01.250-0600] {processor.py:161} INFO - Started process (PID=54298) to work on /Users/crobles18/Downloads/fire_incidents_pipeline/airflow/venv/lib/python3.10/site-packages/airflow/example_dags/example_nested_branch_dag.py
[2025-05-09T16:00:01.251-0600] {processor.py:830} INFO - Processing file /Users/crobles18/Downloads/fire_incidents_pipeline/airflow/venv/lib/python3.10/site-packages/airflow/example_dags/example_nested_branch_dag.py for tasks to queue
[2025-05-09T16:00:01.251-0600] {logging_mixin.py:188} INFO - [2025-05-09T16:00:01.251-0600] {dagbag.py:538} INFO - Filling up the DagBag from /Users/crobles18/Downloads/fire_incidents_pipeline/airflow/venv/lib/python3.10/site-packages/airflow/example_dags/example_nested_branch_dag.py
[2025-05-09T16:00:01.288-0600] {processor.py:840} INFO - DAG(s) 'example_nested_branch_dag' retrieved from /Users/crobles18/Downloads/fire_incidents_pipeline/airflow/venv/lib/python3.10/site-packages/airflow/example_dags/example_nested_branch_dag.py
[2025-05-09T16:00:01.326-0600] {logging_mixin.py:188} INFO - [2025-05-09T16:00:01.326-0600] {dag.py:3036} INFO - Sync 1 DAGs
[2025-05-09T16:00:01.335-0600] {logging_mixin.py:188} INFO - [2025-05-09T16:00:01.334-0600] {dag.py:3823} INFO - Setting next_dagrun for example_nested_branch_dag to 2025-05-08 00:00:00+00:00, run_after=2025-05-09 00:00:00+00:00
[2025-05-09T16:00:01.342-0600] {processor.py:183} INFO - Processing /Users/crobles18/Downloads/fire_incidents_pipeline/airflow/venv/lib/python3.10/site-packages/airflow/example_dags/example_nested_branch_dag.py took 0.093 seconds
[2025-05-09T16:01:29.427-0600] {processor.py:161} INFO - Started process (PID=54603) to work on /Users/crobles18/Downloads/fire_incidents_pipeline/airflow/venv/lib/python3.10/site-packages/airflow/example_dags/example_nested_branch_dag.py
[2025-05-09T16:01:29.429-0600] {processor.py:830} INFO - Processing file /Users/crobles18/Downloads/fire_incidents_pipeline/airflow/venv/lib/python3.10/site-packages/airflow/example_dags/example_nested_branch_dag.py for tasks to queue
[2025-05-09T16:01:29.429-0600] {logging_mixin.py:188} INFO - [2025-05-09T16:01:29.429-0600] {dagbag.py:538} INFO - Filling up the DagBag from /Users/crobles18/Downloads/fire_incidents_pipeline/airflow/venv/lib/python3.10/site-packages/airflow/example_dags/example_nested_branch_dag.py
[2025-05-09T16:01:29.470-0600] {processor.py:840} INFO - DAG(s) 'example_nested_branch_dag' retrieved from /Users/crobles18/Downloads/fire_incidents_pipeline/airflow/venv/lib/python3.10/site-packages/airflow/example_dags/example_nested_branch_dag.py
[2025-05-09T16:01:29.510-0600] {logging_mixin.py:188} INFO - [2025-05-09T16:01:29.510-0600] {dag.py:3036} INFO - Sync 1 DAGs
[2025-05-09T16:01:29.518-0600] {logging_mixin.py:188} INFO - [2025-05-09T16:01:29.518-0600] {dag.py:3823} INFO - Setting next_dagrun for example_nested_branch_dag to 2025-05-08 00:00:00+00:00, run_after=2025-05-09 00:00:00+00:00
[2025-05-09T16:01:29.526-0600] {processor.py:183} INFO - Processing /Users/crobles18/Downloads/fire_incidents_pipeline/airflow/venv/lib/python3.10/site-packages/airflow/example_dags/example_nested_branch_dag.py took 0.099 seconds
