[2025-05-09T15:57:48.158-0600] {processor.py:161} INFO - Started process (PID=53940) to work on /Users/crobles18/Downloads/fire_incidents_pipeline/airflow/venv/lib/python3.10/site-packages/airflow/example_dags/example_kubernetes_executor.py
[2025-05-09T15:57:48.158-0600] {processor.py:830} INFO - Processing file /Users/crobles18/Downloads/fire_incidents_pipeline/airflow/venv/lib/python3.10/site-packages/airflow/example_dags/example_kubernetes_executor.py for tasks to queue
[2025-05-09T15:57:48.158-0600] {logging_mixin.py:188} INFO - [2025-05-09T15:57:48.158-0600] {dagbag.py:538} INFO - Filling up the DagBag from /Users/crobles18/Downloads/fire_incidents_pipeline/airflow/venv/lib/python3.10/site-packages/airflow/example_dags/example_kubernetes_executor.py
[2025-05-09T15:57:48.356-0600] {processor.py:840} INFO - DAG(s) 'example_kubernetes_executor' retrieved from /Users/crobles18/Downloads/fire_incidents_pipeline/airflow/venv/lib/python3.10/site-packages/airflow/example_dags/example_kubernetes_executor.py
[2025-05-09T15:57:48.434-0600] {logging_mixin.py:188} WARNING - /Users/crobles18/Downloads/fire_incidents_pipeline/airflow/venv/lib/python3.10/site-packages/airflow/serialization/serialized_objects.py:1564 DeprecationWarning: This module is deprecated. The `cncf.kubernetes` provider before version 7.4.0 uses this module - you should migrate to a newer version of `cncf.kubernetes` to get rid of this warning. If you import the module via `airflow.kubernetes` import, please use `cncf.kubernetes' provider 7.4.0+ and switch all your imports to use `apache.airflow.providers.cncf.kubernetes` to get rid of the warning.
[2025-05-09T15:57:48.474-0600] {logging_mixin.py:188} INFO - [2025-05-09T15:57:48.474-0600] {override.py:1769} INFO - Created Permission View: can delete on DAG:example_kubernetes_executor
[2025-05-09T15:57:48.477-0600] {logging_mixin.py:188} INFO - [2025-05-09T15:57:48.477-0600] {override.py:1769} INFO - Created Permission View: can read on DAG:example_kubernetes_executor
[2025-05-09T15:57:48.480-0600] {logging_mixin.py:188} INFO - [2025-05-09T15:57:48.479-0600] {override.py:1769} INFO - Created Permission View: can edit on DAG:example_kubernetes_executor
[2025-05-09T15:57:48.480-0600] {logging_mixin.py:188} INFO - [2025-05-09T15:57:48.480-0600] {dag.py:3036} INFO - Sync 1 DAGs
[2025-05-09T15:57:48.485-0600] {logging_mixin.py:188} INFO - [2025-05-09T15:57:48.485-0600] {dag.py:3058} INFO - Creating ORM DAG for example_kubernetes_executor
[2025-05-09T15:57:48.485-0600] {logging_mixin.py:188} INFO - [2025-05-09T15:57:48.485-0600] {dag.py:3823} INFO - Setting next_dagrun for example_kubernetes_executor to None, run_after=None
[2025-05-09T15:57:48.492-0600] {processor.py:183} INFO - Processing /Users/crobles18/Downloads/fire_incidents_pipeline/airflow/venv/lib/python3.10/site-packages/airflow/example_dags/example_kubernetes_executor.py took 0.335 seconds
[2025-05-09T16:00:07.778-0600] {processor.py:161} INFO - Started process (PID=54308) to work on /Users/crobles18/Downloads/fire_incidents_pipeline/airflow/venv/lib/python3.10/site-packages/airflow/example_dags/example_kubernetes_executor.py
[2025-05-09T16:00:07.779-0600] {processor.py:830} INFO - Processing file /Users/crobles18/Downloads/fire_incidents_pipeline/airflow/venv/lib/python3.10/site-packages/airflow/example_dags/example_kubernetes_executor.py for tasks to queue
[2025-05-09T16:00:07.779-0600] {logging_mixin.py:188} INFO - [2025-05-09T16:00:07.779-0600] {dagbag.py:538} INFO - Filling up the DagBag from /Users/crobles18/Downloads/fire_incidents_pipeline/airflow/venv/lib/python3.10/site-packages/airflow/example_dags/example_kubernetes_executor.py
[2025-05-09T16:00:07.913-0600] {processor.py:840} INFO - DAG(s) 'example_kubernetes_executor' retrieved from /Users/crobles18/Downloads/fire_incidents_pipeline/airflow/venv/lib/python3.10/site-packages/airflow/example_dags/example_kubernetes_executor.py
[2025-05-09T16:00:07.996-0600] {logging_mixin.py:188} WARNING - /Users/crobles18/Downloads/fire_incidents_pipeline/airflow/venv/lib/python3.10/site-packages/airflow/serialization/serialized_objects.py:1564 DeprecationWarning: This module is deprecated. The `cncf.kubernetes` provider before version 7.4.0 uses this module - you should migrate to a newer version of `cncf.kubernetes` to get rid of this warning. If you import the module via `airflow.kubernetes` import, please use `cncf.kubernetes' provider 7.4.0+ and switch all your imports to use `apache.airflow.providers.cncf.kubernetes` to get rid of the warning.
[2025-05-09T16:00:08.003-0600] {logging_mixin.py:188} INFO - [2025-05-09T16:00:08.002-0600] {dag.py:3036} INFO - Sync 1 DAGs
[2025-05-09T16:00:08.006-0600] {logging_mixin.py:188} INFO - [2025-05-09T16:00:08.006-0600] {dag.py:3823} INFO - Setting next_dagrun for example_kubernetes_executor to None, run_after=None
[2025-05-09T16:00:08.014-0600] {processor.py:183} INFO - Processing /Users/crobles18/Downloads/fire_incidents_pipeline/airflow/venv/lib/python3.10/site-packages/airflow/example_dags/example_kubernetes_executor.py took 0.236 seconds
[2025-05-09T16:01:37.120-0600] {processor.py:161} INFO - Started process (PID=54613) to work on /Users/crobles18/Downloads/fire_incidents_pipeline/airflow/venv/lib/python3.10/site-packages/airflow/example_dags/example_kubernetes_executor.py
[2025-05-09T16:01:37.121-0600] {processor.py:830} INFO - Processing file /Users/crobles18/Downloads/fire_incidents_pipeline/airflow/venv/lib/python3.10/site-packages/airflow/example_dags/example_kubernetes_executor.py for tasks to queue
[2025-05-09T16:01:37.121-0600] {logging_mixin.py:188} INFO - [2025-05-09T16:01:37.121-0600] {dagbag.py:538} INFO - Filling up the DagBag from /Users/crobles18/Downloads/fire_incidents_pipeline/airflow/venv/lib/python3.10/site-packages/airflow/example_dags/example_kubernetes_executor.py
[2025-05-09T16:01:37.265-0600] {processor.py:840} INFO - DAG(s) 'example_kubernetes_executor' retrieved from /Users/crobles18/Downloads/fire_incidents_pipeline/airflow/venv/lib/python3.10/site-packages/airflow/example_dags/example_kubernetes_executor.py
[2025-05-09T16:01:37.348-0600] {logging_mixin.py:188} WARNING - /Users/crobles18/Downloads/fire_incidents_pipeline/airflow/venv/lib/python3.10/site-packages/airflow/serialization/serialized_objects.py:1564 DeprecationWarning: This module is deprecated. The `cncf.kubernetes` provider before version 7.4.0 uses this module - you should migrate to a newer version of `cncf.kubernetes` to get rid of this warning. If you import the module via `airflow.kubernetes` import, please use `cncf.kubernetes' provider 7.4.0+ and switch all your imports to use `apache.airflow.providers.cncf.kubernetes` to get rid of the warning.
[2025-05-09T16:01:37.355-0600] {logging_mixin.py:188} INFO - [2025-05-09T16:01:37.355-0600] {dag.py:3036} INFO - Sync 1 DAGs
[2025-05-09T16:01:37.358-0600] {logging_mixin.py:188} INFO - [2025-05-09T16:01:37.358-0600] {dag.py:3823} INFO - Setting next_dagrun for example_kubernetes_executor to None, run_after=None
[2025-05-09T16:01:37.365-0600] {processor.py:183} INFO - Processing /Users/crobles18/Downloads/fire_incidents_pipeline/airflow/venv/lib/python3.10/site-packages/airflow/example_dags/example_kubernetes_executor.py took 0.245 seconds
