[2025-05-09T15:57:46.272-0600] {processor.py:161} INFO - Started process (PID=53936) to work on /Users/crobles18/Downloads/fire_incidents_pipeline/airflow/venv/lib/python3.10/site-packages/airflow/example_dags/example_latest_only.py
[2025-05-09T15:57:46.272-0600] {processor.py:830} INFO - Processing file /Users/crobles18/Downloads/fire_incidents_pipeline/airflow/venv/lib/python3.10/site-packages/airflow/example_dags/example_latest_only.py for tasks to queue
[2025-05-09T15:57:46.273-0600] {logging_mixin.py:188} INFO - [2025-05-09T15:57:46.273-0600] {dagbag.py:538} INFO - Filling up the DagBag from /Users/crobles18/Downloads/fire_incidents_pipeline/airflow/venv/lib/python3.10/site-packages/airflow/example_dags/example_latest_only.py
[2025-05-09T15:57:46.298-0600] {processor.py:840} INFO - DAG(s) 'latest_only' retrieved from /Users/crobles18/Downloads/fire_incidents_pipeline/airflow/venv/lib/python3.10/site-packages/airflow/example_dags/example_latest_only.py
[2025-05-09T15:57:46.372-0600] {logging_mixin.py:188} INFO - [2025-05-09T15:57:46.371-0600] {override.py:1769} INFO - Created Permission View: can read on DAG:latest_only
[2025-05-09T15:57:46.375-0600] {logging_mixin.py:188} INFO - [2025-05-09T15:57:46.375-0600] {override.py:1769} INFO - Created Permission View: can delete on DAG:latest_only
[2025-05-09T15:57:46.377-0600] {logging_mixin.py:188} INFO - [2025-05-09T15:57:46.377-0600] {override.py:1769} INFO - Created Permission View: can edit on DAG:latest_only
[2025-05-09T15:57:46.377-0600] {logging_mixin.py:188} INFO - [2025-05-09T15:57:46.377-0600] {dag.py:3036} INFO - Sync 1 DAGs
[2025-05-09T15:57:46.382-0600] {logging_mixin.py:188} INFO - [2025-05-09T15:57:46.382-0600] {dag.py:3058} INFO - Creating ORM DAG for latest_only
[2025-05-09T15:57:46.385-0600] {logging_mixin.py:188} INFO - [2025-05-09T15:57:46.385-0600] {dag.py:3823} INFO - Setting next_dagrun for latest_only to 2025-05-09 16:00:00+00:00, run_after=2025-05-09 20:00:00+00:00
[2025-05-09T15:57:46.391-0600] {processor.py:183} INFO - Processing /Users/crobles18/Downloads/fire_incidents_pipeline/airflow/venv/lib/python3.10/site-packages/airflow/example_dags/example_latest_only.py took 0.120 seconds
[2025-05-09T16:00:05.927-0600] {processor.py:161} INFO - Started process (PID=54306) to work on /Users/crobles18/Downloads/fire_incidents_pipeline/airflow/venv/lib/python3.10/site-packages/airflow/example_dags/example_latest_only.py
[2025-05-09T16:00:05.927-0600] {processor.py:830} INFO - Processing file /Users/crobles18/Downloads/fire_incidents_pipeline/airflow/venv/lib/python3.10/site-packages/airflow/example_dags/example_latest_only.py for tasks to queue
[2025-05-09T16:00:05.928-0600] {logging_mixin.py:188} INFO - [2025-05-09T16:00:05.927-0600] {dagbag.py:538} INFO - Filling up the DagBag from /Users/crobles18/Downloads/fire_incidents_pipeline/airflow/venv/lib/python3.10/site-packages/airflow/example_dags/example_latest_only.py
[2025-05-09T16:00:05.950-0600] {processor.py:840} INFO - DAG(s) 'latest_only' retrieved from /Users/crobles18/Downloads/fire_incidents_pipeline/airflow/venv/lib/python3.10/site-packages/airflow/example_dags/example_latest_only.py
[2025-05-09T16:00:05.988-0600] {logging_mixin.py:188} INFO - [2025-05-09T16:00:05.988-0600] {dag.py:3036} INFO - Sync 1 DAGs
[2025-05-09T16:00:05.995-0600] {logging_mixin.py:188} INFO - [2025-05-09T16:00:05.995-0600] {dag.py:3823} INFO - Setting next_dagrun for latest_only to 2025-05-09 16:00:00+00:00, run_after=2025-05-09 20:00:00+00:00
[2025-05-09T16:00:06.004-0600] {processor.py:183} INFO - Processing /Users/crobles18/Downloads/fire_incidents_pipeline/airflow/venv/lib/python3.10/site-packages/airflow/example_dags/example_latest_only.py took 0.078 seconds
[2025-05-09T16:01:35.252-0600] {processor.py:161} INFO - Started process (PID=54612) to work on /Users/crobles18/Downloads/fire_incidents_pipeline/airflow/venv/lib/python3.10/site-packages/airflow/example_dags/example_latest_only.py
[2025-05-09T16:01:35.253-0600] {processor.py:830} INFO - Processing file /Users/crobles18/Downloads/fire_incidents_pipeline/airflow/venv/lib/python3.10/site-packages/airflow/example_dags/example_latest_only.py for tasks to queue
[2025-05-09T16:01:35.254-0600] {logging_mixin.py:188} INFO - [2025-05-09T16:01:35.254-0600] {dagbag.py:538} INFO - Filling up the DagBag from /Users/crobles18/Downloads/fire_incidents_pipeline/airflow/venv/lib/python3.10/site-packages/airflow/example_dags/example_latest_only.py
[2025-05-09T16:01:35.276-0600] {processor.py:840} INFO - DAG(s) 'latest_only' retrieved from /Users/crobles18/Downloads/fire_incidents_pipeline/airflow/venv/lib/python3.10/site-packages/airflow/example_dags/example_latest_only.py
[2025-05-09T16:01:35.313-0600] {logging_mixin.py:188} INFO - [2025-05-09T16:01:35.313-0600] {dag.py:3036} INFO - Sync 1 DAGs
[2025-05-09T16:01:35.319-0600] {logging_mixin.py:188} INFO - [2025-05-09T16:01:35.319-0600] {dag.py:3823} INFO - Setting next_dagrun for latest_only to 2025-05-09 16:00:00+00:00, run_after=2025-05-09 20:00:00+00:00
[2025-05-09T16:01:35.325-0600] {processor.py:183} INFO - Processing /Users/crobles18/Downloads/fire_incidents_pipeline/airflow/venv/lib/python3.10/site-packages/airflow/example_dags/example_latest_only.py took 0.073 seconds
