[2025-05-09T15:57:20.329-0600] {processor.py:161} INFO - Started process (PID=53905) to work on /Users/crobles18/Downloads/fire_incidents_pipeline/airflow/venv/lib/python3.10/site-packages/airflow/example_dags/example_short_circuit_operator.py
[2025-05-09T15:57:20.330-0600] {processor.py:830} INFO - Processing file /Users/crobles18/Downloads/fire_incidents_pipeline/airflow/venv/lib/python3.10/site-packages/airflow/example_dags/example_short_circuit_operator.py for tasks to queue
[2025-05-09T15:57:20.330-0600] {logging_mixin.py:188} INFO - [2025-05-09T15:57:20.330-0600] {dagbag.py:538} INFO - Filling up the DagBag from /Users/crobles18/Downloads/fire_incidents_pipeline/airflow/venv/lib/python3.10/site-packages/airflow/example_dags/example_short_circuit_operator.py
[2025-05-09T15:57:20.362-0600] {processor.py:840} INFO - DAG(s) 'example_short_circuit_operator' retrieved from /Users/crobles18/Downloads/fire_incidents_pipeline/airflow/venv/lib/python3.10/site-packages/airflow/example_dags/example_short_circuit_operator.py
[2025-05-09T15:57:20.432-0600] {logging_mixin.py:188} INFO - [2025-05-09T15:57:20.432-0600] {override.py:1769} INFO - Created Permission View: can read on DAG:example_short_circuit_operator
[2025-05-09T15:57:20.435-0600] {logging_mixin.py:188} INFO - [2025-05-09T15:57:20.435-0600] {override.py:1769} INFO - Created Permission View: can delete on DAG:example_short_circuit_operator
[2025-05-09T15:57:20.437-0600] {logging_mixin.py:188} INFO - [2025-05-09T15:57:20.437-0600] {override.py:1769} INFO - Created Permission View: can edit on DAG:example_short_circuit_operator
[2025-05-09T15:57:20.437-0600] {logging_mixin.py:188} INFO - [2025-05-09T15:57:20.437-0600] {dag.py:3036} INFO - Sync 1 DAGs
[2025-05-09T15:57:20.441-0600] {logging_mixin.py:188} INFO - [2025-05-09T15:57:20.441-0600] {dag.py:3058} INFO - Creating ORM DAG for example_short_circuit_operator
[2025-05-09T15:57:20.444-0600] {logging_mixin.py:188} INFO - [2025-05-09T15:57:20.444-0600] {dag.py:3823} INFO - Setting next_dagrun for example_short_circuit_operator to 2025-05-08 00:00:00+00:00, run_after=2025-05-09 00:00:00+00:00
[2025-05-09T15:57:20.450-0600] {processor.py:183} INFO - Processing /Users/crobles18/Downloads/fire_incidents_pipeline/airflow/venv/lib/python3.10/site-packages/airflow/example_dags/example_short_circuit_operator.py took 0.121 seconds
[2025-05-09T15:59:41.328-0600] {processor.py:161} INFO - Started process (PID=54285) to work on /Users/crobles18/Downloads/fire_incidents_pipeline/airflow/venv/lib/python3.10/site-packages/airflow/example_dags/example_short_circuit_operator.py
[2025-05-09T15:59:41.330-0600] {processor.py:830} INFO - Processing file /Users/crobles18/Downloads/fire_incidents_pipeline/airflow/venv/lib/python3.10/site-packages/airflow/example_dags/example_short_circuit_operator.py for tasks to queue
[2025-05-09T15:59:41.330-0600] {logging_mixin.py:188} INFO - [2025-05-09T15:59:41.330-0600] {dagbag.py:538} INFO - Filling up the DagBag from /Users/crobles18/Downloads/fire_incidents_pipeline/airflow/venv/lib/python3.10/site-packages/airflow/example_dags/example_short_circuit_operator.py
[2025-05-09T15:59:41.359-0600] {processor.py:840} INFO - DAG(s) 'example_short_circuit_operator' retrieved from /Users/crobles18/Downloads/fire_incidents_pipeline/airflow/venv/lib/python3.10/site-packages/airflow/example_dags/example_short_circuit_operator.py
[2025-05-09T15:59:41.397-0600] {logging_mixin.py:188} INFO - [2025-05-09T15:59:41.397-0600] {dag.py:3036} INFO - Sync 1 DAGs
[2025-05-09T15:59:41.403-0600] {logging_mixin.py:188} INFO - [2025-05-09T15:59:41.403-0600] {dag.py:3823} INFO - Setting next_dagrun for example_short_circuit_operator to 2025-05-08 00:00:00+00:00, run_after=2025-05-09 00:00:00+00:00
[2025-05-09T15:59:41.410-0600] {processor.py:183} INFO - Processing /Users/crobles18/Downloads/fire_incidents_pipeline/airflow/venv/lib/python3.10/site-packages/airflow/example_dags/example_short_circuit_operator.py took 0.082 seconds
[2025-05-09T16:01:09.726-0600] {processor.py:161} INFO - Started process (PID=54580) to work on /Users/crobles18/Downloads/fire_incidents_pipeline/airflow/venv/lib/python3.10/site-packages/airflow/example_dags/example_short_circuit_operator.py
[2025-05-09T16:01:09.726-0600] {processor.py:830} INFO - Processing file /Users/crobles18/Downloads/fire_incidents_pipeline/airflow/venv/lib/python3.10/site-packages/airflow/example_dags/example_short_circuit_operator.py for tasks to queue
[2025-05-09T16:01:09.727-0600] {logging_mixin.py:188} INFO - [2025-05-09T16:01:09.727-0600] {dagbag.py:538} INFO - Filling up the DagBag from /Users/crobles18/Downloads/fire_incidents_pipeline/airflow/venv/lib/python3.10/site-packages/airflow/example_dags/example_short_circuit_operator.py
[2025-05-09T16:01:09.768-0600] {processor.py:840} INFO - DAG(s) 'example_short_circuit_operator' retrieved from /Users/crobles18/Downloads/fire_incidents_pipeline/airflow/venv/lib/python3.10/site-packages/airflow/example_dags/example_short_circuit_operator.py
[2025-05-09T16:01:09.815-0600] {logging_mixin.py:188} INFO - [2025-05-09T16:01:09.814-0600] {dag.py:3036} INFO - Sync 1 DAGs
[2025-05-09T16:01:09.821-0600] {logging_mixin.py:188} INFO - [2025-05-09T16:01:09.821-0600] {dag.py:3823} INFO - Setting next_dagrun for example_short_circuit_operator to 2025-05-08 00:00:00+00:00, run_after=2025-05-09 00:00:00+00:00
[2025-05-09T16:01:09.829-0600] {processor.py:183} INFO - Processing /Users/crobles18/Downloads/fire_incidents_pipeline/airflow/venv/lib/python3.10/site-packages/airflow/example_dags/example_short_circuit_operator.py took 0.103 seconds
