[2025-05-09T15:57:18.486-0600] {processor.py:161} INFO - Started process (PID=53902) to work on /Users/crobles18/Downloads/fire_incidents_pipeline/airflow/venv/lib/python3.10/site-packages/airflow/example_dags/example_skip_dag.py
[2025-05-09T15:57:18.486-0600] {processor.py:830} INFO - Processing file /Users/crobles18/Downloads/fire_incidents_pipeline/airflow/venv/lib/python3.10/site-packages/airflow/example_dags/example_skip_dag.py for tasks to queue
[2025-05-09T15:57:18.487-0600] {logging_mixin.py:188} INFO - [2025-05-09T15:57:18.486-0600] {dagbag.py:538} INFO - Filling up the DagBag from /Users/crobles18/Downloads/fire_incidents_pipeline/airflow/venv/lib/python3.10/site-packages/airflow/example_dags/example_skip_dag.py
[2025-05-09T15:57:18.509-0600] {processor.py:840} INFO - DAG(s) 'example_skip_dag' retrieved from /Users/crobles18/Downloads/fire_incidents_pipeline/airflow/venv/lib/python3.10/site-packages/airflow/example_dags/example_skip_dag.py
[2025-05-09T15:57:18.579-0600] {logging_mixin.py:188} INFO - [2025-05-09T15:57:18.578-0600] {override.py:1769} INFO - Created Permission View: can edit on DAG:example_skip_dag
[2025-05-09T15:57:18.582-0600] {logging_mixin.py:188} INFO - [2025-05-09T15:57:18.582-0600] {override.py:1769} INFO - Created Permission View: can delete on DAG:example_skip_dag
[2025-05-09T15:57:18.585-0600] {logging_mixin.py:188} INFO - [2025-05-09T15:57:18.585-0600] {override.py:1769} INFO - Created Permission View: can read on DAG:example_skip_dag
[2025-05-09T15:57:18.585-0600] {logging_mixin.py:188} INFO - [2025-05-09T15:57:18.585-0600] {dag.py:3036} INFO - Sync 1 DAGs
[2025-05-09T15:57:18.589-0600] {logging_mixin.py:188} INFO - [2025-05-09T15:57:18.589-0600] {dag.py:3058} INFO - Creating ORM DAG for example_skip_dag
[2025-05-09T15:57:18.592-0600] {logging_mixin.py:188} INFO - [2025-05-09T15:57:18.592-0600] {dag.py:3823} INFO - Setting next_dagrun for example_skip_dag to 2025-05-08 00:00:00+00:00, run_after=2025-05-09 00:00:00+00:00
[2025-05-09T15:57:18.599-0600] {processor.py:183} INFO - Processing /Users/crobles18/Downloads/fire_incidents_pipeline/airflow/venv/lib/python3.10/site-packages/airflow/example_dags/example_skip_dag.py took 0.113 seconds
[2025-05-09T15:59:40.137-0600] {processor.py:161} INFO - Started process (PID=54284) to work on /Users/crobles18/Downloads/fire_incidents_pipeline/airflow/venv/lib/python3.10/site-packages/airflow/example_dags/example_skip_dag.py
[2025-05-09T15:59:40.137-0600] {processor.py:830} INFO - Processing file /Users/crobles18/Downloads/fire_incidents_pipeline/airflow/venv/lib/python3.10/site-packages/airflow/example_dags/example_skip_dag.py for tasks to queue
[2025-05-09T15:59:40.138-0600] {logging_mixin.py:188} INFO - [2025-05-09T15:59:40.137-0600] {dagbag.py:538} INFO - Filling up the DagBag from /Users/crobles18/Downloads/fire_incidents_pipeline/airflow/venv/lib/python3.10/site-packages/airflow/example_dags/example_skip_dag.py
[2025-05-09T15:59:40.160-0600] {processor.py:840} INFO - DAG(s) 'example_skip_dag' retrieved from /Users/crobles18/Downloads/fire_incidents_pipeline/airflow/venv/lib/python3.10/site-packages/airflow/example_dags/example_skip_dag.py
[2025-05-09T15:59:40.198-0600] {logging_mixin.py:188} INFO - [2025-05-09T15:59:40.198-0600] {dag.py:3036} INFO - Sync 1 DAGs
[2025-05-09T15:59:40.206-0600] {logging_mixin.py:188} INFO - [2025-05-09T15:59:40.206-0600] {dag.py:3823} INFO - Setting next_dagrun for example_skip_dag to 2025-05-08 00:00:00+00:00, run_after=2025-05-09 00:00:00+00:00
[2025-05-09T15:59:40.213-0600] {processor.py:183} INFO - Processing /Users/crobles18/Downloads/fire_incidents_pipeline/airflow/venv/lib/python3.10/site-packages/airflow/example_dags/example_skip_dag.py took 0.077 seconds
[2025-05-09T16:01:08.002-0600] {processor.py:161} INFO - Started process (PID=54579) to work on /Users/crobles18/Downloads/fire_incidents_pipeline/airflow/venv/lib/python3.10/site-packages/airflow/example_dags/example_skip_dag.py
[2025-05-09T16:01:08.002-0600] {processor.py:830} INFO - Processing file /Users/crobles18/Downloads/fire_incidents_pipeline/airflow/venv/lib/python3.10/site-packages/airflow/example_dags/example_skip_dag.py for tasks to queue
[2025-05-09T16:01:08.003-0600] {logging_mixin.py:188} INFO - [2025-05-09T16:01:08.003-0600] {dagbag.py:538} INFO - Filling up the DagBag from /Users/crobles18/Downloads/fire_incidents_pipeline/airflow/venv/lib/python3.10/site-packages/airflow/example_dags/example_skip_dag.py
[2025-05-09T16:01:08.029-0600] {processor.py:840} INFO - DAG(s) 'example_skip_dag' retrieved from /Users/crobles18/Downloads/fire_incidents_pipeline/airflow/venv/lib/python3.10/site-packages/airflow/example_dags/example_skip_dag.py
[2025-05-09T16:01:08.068-0600] {logging_mixin.py:188} INFO - [2025-05-09T16:01:08.068-0600] {dag.py:3036} INFO - Sync 1 DAGs
[2025-05-09T16:01:08.074-0600] {logging_mixin.py:188} INFO - [2025-05-09T16:01:08.074-0600] {dag.py:3823} INFO - Setting next_dagrun for example_skip_dag to 2025-05-08 00:00:00+00:00, run_after=2025-05-09 00:00:00+00:00
[2025-05-09T16:01:08.081-0600] {processor.py:183} INFO - Processing /Users/crobles18/Downloads/fire_incidents_pipeline/airflow/venv/lib/python3.10/site-packages/airflow/example_dags/example_skip_dag.py took 0.079 seconds
