[2025-05-09T15:57:04.790-0600] {processor.py:161} INFO - Started process (PID=53859) to work on /Users/crobles18/Downloads/fire_incidents_pipeline/airflow/venv/lib/python3.10/site-packages/airflow/example_dags/example_xcom.py
[2025-05-09T15:57:04.791-0600] {processor.py:830} INFO - Processing file /Users/crobles18/Downloads/fire_incidents_pipeline/airflow/venv/lib/python3.10/site-packages/airflow/example_dags/example_xcom.py for tasks to queue
[2025-05-09T15:57:04.791-0600] {logging_mixin.py:188} INFO - [2025-05-09T15:57:04.791-0600] {dagbag.py:538} INFO - Filling up the DagBag from /Users/crobles18/Downloads/fire_incidents_pipeline/airflow/venv/lib/python3.10/site-packages/airflow/example_dags/example_xcom.py
[2025-05-09T15:57:04.827-0600] {processor.py:840} INFO - DAG(s) 'example_xcom' retrieved from /Users/crobles18/Downloads/fire_incidents_pipeline/airflow/venv/lib/python3.10/site-packages/airflow/example_dags/example_xcom.py
[2025-05-09T15:57:04.898-0600] {logging_mixin.py:188} INFO - [2025-05-09T15:57:04.898-0600] {override.py:1769} INFO - Created Permission View: can read on DAG:example_xcom
[2025-05-09T15:57:04.902-0600] {logging_mixin.py:188} INFO - [2025-05-09T15:57:04.902-0600] {override.py:1769} INFO - Created Permission View: can edit on DAG:example_xcom
[2025-05-09T15:57:04.904-0600] {logging_mixin.py:188} INFO - [2025-05-09T15:57:04.904-0600] {override.py:1769} INFO - Created Permission View: can delete on DAG:example_xcom
[2025-05-09T15:57:04.904-0600] {logging_mixin.py:188} INFO - [2025-05-09T15:57:04.904-0600] {dag.py:3036} INFO - Sync 1 DAGs
[2025-05-09T15:57:04.908-0600] {logging_mixin.py:188} INFO - [2025-05-09T15:57:04.907-0600] {dag.py:3058} INFO - Creating ORM DAG for example_xcom
[2025-05-09T15:57:04.911-0600] {logging_mixin.py:188} INFO - [2025-05-09T15:57:04.910-0600] {dag.py:3823} INFO - Setting next_dagrun for example_xcom to 2021-01-01 00:00:00+00:00, run_after=2021-01-01 00:00:00+00:00
[2025-05-09T15:57:04.917-0600] {processor.py:183} INFO - Processing /Users/crobles18/Downloads/fire_incidents_pipeline/airflow/venv/lib/python3.10/site-packages/airflow/example_dags/example_xcom.py took 0.126 seconds
[2025-05-09T15:58:33.010-0600] {processor.py:161} INFO - Started process (PID=54031) to work on /Users/crobles18/Downloads/fire_incidents_pipeline/airflow/venv/lib/python3.10/site-packages/airflow/example_dags/example_xcom.py
[2025-05-09T15:58:33.011-0600] {processor.py:830} INFO - Processing file /Users/crobles18/Downloads/fire_incidents_pipeline/airflow/venv/lib/python3.10/site-packages/airflow/example_dags/example_xcom.py for tasks to queue
[2025-05-09T15:58:33.011-0600] {logging_mixin.py:188} INFO - [2025-05-09T15:58:33.011-0600] {dagbag.py:538} INFO - Filling up the DagBag from /Users/crobles18/Downloads/fire_incidents_pipeline/airflow/venv/lib/python3.10/site-packages/airflow/example_dags/example_xcom.py
[2025-05-09T15:58:33.053-0600] {processor.py:840} INFO - DAG(s) 'example_xcom' retrieved from /Users/crobles18/Downloads/fire_incidents_pipeline/airflow/venv/lib/python3.10/site-packages/airflow/example_dags/example_xcom.py
[2025-05-09T15:58:33.095-0600] {logging_mixin.py:188} INFO - [2025-05-09T15:58:33.095-0600] {dag.py:3036} INFO - Sync 1 DAGs
[2025-05-09T15:58:33.103-0600] {logging_mixin.py:188} INFO - [2025-05-09T15:58:33.103-0600] {dag.py:3823} INFO - Setting next_dagrun for example_xcom to 2021-01-01 00:00:00+00:00, run_after=2021-01-01 00:00:00+00:00
[2025-05-09T15:58:33.111-0600] {processor.py:183} INFO - Processing /Users/crobles18/Downloads/fire_incidents_pipeline/airflow/venv/lib/python3.10/site-packages/airflow/example_dags/example_xcom.py took 0.101 seconds
[2025-05-09T15:59:26.276-0600] {processor.py:161} INFO - Started process (PID=54272) to work on /Users/crobles18/Downloads/fire_incidents_pipeline/airflow/venv/lib/python3.10/site-packages/airflow/example_dags/example_xcom.py
[2025-05-09T15:59:26.276-0600] {processor.py:830} INFO - Processing file /Users/crobles18/Downloads/fire_incidents_pipeline/airflow/venv/lib/python3.10/site-packages/airflow/example_dags/example_xcom.py for tasks to queue
[2025-05-09T15:59:26.277-0600] {logging_mixin.py:188} INFO - [2025-05-09T15:59:26.277-0600] {dagbag.py:538} INFO - Filling up the DagBag from /Users/crobles18/Downloads/fire_incidents_pipeline/airflow/venv/lib/python3.10/site-packages/airflow/example_dags/example_xcom.py
[2025-05-09T15:59:26.313-0600] {processor.py:840} INFO - DAG(s) 'example_xcom' retrieved from /Users/crobles18/Downloads/fire_incidents_pipeline/airflow/venv/lib/python3.10/site-packages/airflow/example_dags/example_xcom.py
[2025-05-09T15:59:26.353-0600] {logging_mixin.py:188} INFO - [2025-05-09T15:59:26.353-0600] {dag.py:3036} INFO - Sync 1 DAGs
[2025-05-09T15:59:26.360-0600] {logging_mixin.py:188} INFO - [2025-05-09T15:59:26.360-0600] {dag.py:3823} INFO - Setting next_dagrun for example_xcom to 2021-01-01 00:00:00+00:00, run_after=2021-01-01 00:00:00+00:00
[2025-05-09T15:59:26.367-0600] {processor.py:183} INFO - Processing /Users/crobles18/Downloads/fire_incidents_pipeline/airflow/venv/lib/python3.10/site-packages/airflow/example_dags/example_xcom.py took 0.091 seconds
[2025-05-09T16:00:41.957-0600] {processor.py:161} INFO - Started process (PID=54539) to work on /Users/crobles18/Downloads/fire_incidents_pipeline/airflow/venv/lib/python3.10/site-packages/airflow/example_dags/example_xcom.py
[2025-05-09T16:00:41.958-0600] {processor.py:830} INFO - Processing file /Users/crobles18/Downloads/fire_incidents_pipeline/airflow/venv/lib/python3.10/site-packages/airflow/example_dags/example_xcom.py for tasks to queue
[2025-05-09T16:00:41.959-0600] {logging_mixin.py:188} INFO - [2025-05-09T16:00:41.959-0600] {dagbag.py:538} INFO - Filling up the DagBag from /Users/crobles18/Downloads/fire_incidents_pipeline/airflow/venv/lib/python3.10/site-packages/airflow/example_dags/example_xcom.py
[2025-05-09T16:00:41.998-0600] {processor.py:840} INFO - DAG(s) 'example_xcom' retrieved from /Users/crobles18/Downloads/fire_incidents_pipeline/airflow/venv/lib/python3.10/site-packages/airflow/example_dags/example_xcom.py
[2025-05-09T16:00:42.038-0600] {logging_mixin.py:188} INFO - [2025-05-09T16:00:42.038-0600] {dag.py:3036} INFO - Sync 1 DAGs
[2025-05-09T16:00:42.045-0600] {logging_mixin.py:188} INFO - [2025-05-09T16:00:42.045-0600] {dag.py:3823} INFO - Setting next_dagrun for example_xcom to 2021-01-01 00:00:00+00:00, run_after=2021-01-01 00:00:00+00:00
[2025-05-09T16:00:42.052-0600] {processor.py:183} INFO - Processing /Users/crobles18/Downloads/fire_incidents_pipeline/airflow/venv/lib/python3.10/site-packages/airflow/example_dags/example_xcom.py took 0.095 seconds
[2025-05-09T16:02:20.706-0600] {processor.py:161} INFO - Started process (PID=54664) to work on /Users/crobles18/Downloads/fire_incidents_pipeline/airflow/venv/lib/python3.10/site-packages/airflow/example_dags/example_xcom.py
[2025-05-09T16:02:20.707-0600] {processor.py:830} INFO - Processing file /Users/crobles18/Downloads/fire_incidents_pipeline/airflow/venv/lib/python3.10/site-packages/airflow/example_dags/example_xcom.py for tasks to queue
[2025-05-09T16:02:20.707-0600] {logging_mixin.py:188} INFO - [2025-05-09T16:02:20.707-0600] {dagbag.py:538} INFO - Filling up the DagBag from /Users/crobles18/Downloads/fire_incidents_pipeline/airflow/venv/lib/python3.10/site-packages/airflow/example_dags/example_xcom.py
[2025-05-09T16:02:20.757-0600] {processor.py:840} INFO - DAG(s) 'example_xcom' retrieved from /Users/crobles18/Downloads/fire_incidents_pipeline/airflow/venv/lib/python3.10/site-packages/airflow/example_dags/example_xcom.py
[2025-05-09T16:02:20.801-0600] {logging_mixin.py:188} INFO - [2025-05-09T16:02:20.801-0600] {dag.py:3036} INFO - Sync 1 DAGs
[2025-05-09T16:02:20.809-0600] {logging_mixin.py:188} INFO - [2025-05-09T16:02:20.808-0600] {dag.py:3823} INFO - Setting next_dagrun for example_xcom to 2021-01-01 00:00:00+00:00, run_after=2021-01-01 00:00:00+00:00
[2025-05-09T16:02:20.816-0600] {processor.py:183} INFO - Processing /Users/crobles18/Downloads/fire_incidents_pipeline/airflow/venv/lib/python3.10/site-packages/airflow/example_dags/example_xcom.py took 0.111 seconds
