[2025-05-09T15:57:44.372-0600] {processor.py:161} INFO - Started process (PID=53930) to work on /Users/crobles18/Downloads/fire_incidents_pipeline/airflow/venv/lib/python3.10/site-packages/airflow/example_dags/example_latest_only_with_trigger.py
[2025-05-09T15:57:44.372-0600] {processor.py:830} INFO - Processing file /Users/crobles18/Downloads/fire_incidents_pipeline/airflow/venv/lib/python3.10/site-packages/airflow/example_dags/example_latest_only_with_trigger.py for tasks to queue
[2025-05-09T15:57:44.373-0600] {logging_mixin.py:188} INFO - [2025-05-09T15:57:44.373-0600] {dagbag.py:538} INFO - Filling up the DagBag from /Users/crobles18/Downloads/fire_incidents_pipeline/airflow/venv/lib/python3.10/site-packages/airflow/example_dags/example_latest_only_with_trigger.py
[2025-05-09T15:57:44.398-0600] {processor.py:840} INFO - DAG(s) 'latest_only_with_trigger' retrieved from /Users/crobles18/Downloads/fire_incidents_pipeline/airflow/venv/lib/python3.10/site-packages/airflow/example_dags/example_latest_only_with_trigger.py
[2025-05-09T15:57:44.482-0600] {logging_mixin.py:188} INFO - [2025-05-09T15:57:44.482-0600] {override.py:1769} INFO - Created Permission View: can read on DAG:latest_only_with_trigger
[2025-05-09T15:57:44.486-0600] {logging_mixin.py:188} INFO - [2025-05-09T15:57:44.486-0600] {override.py:1769} INFO - Created Permission View: can delete on DAG:latest_only_with_trigger
[2025-05-09T15:57:44.489-0600] {logging_mixin.py:188} INFO - [2025-05-09T15:57:44.489-0600] {override.py:1769} INFO - Created Permission View: can edit on DAG:latest_only_with_trigger
[2025-05-09T15:57:44.489-0600] {logging_mixin.py:188} INFO - [2025-05-09T15:57:44.489-0600] {dag.py:3036} INFO - Sync 1 DAGs
[2025-05-09T15:57:44.494-0600] {logging_mixin.py:188} INFO - [2025-05-09T15:57:44.494-0600] {dag.py:3058} INFO - Creating ORM DAG for latest_only_with_trigger
[2025-05-09T15:57:44.498-0600] {logging_mixin.py:188} INFO - [2025-05-09T15:57:44.498-0600] {dag.py:3823} INFO - Setting next_dagrun for latest_only_with_trigger to 2025-05-09 16:00:00+00:00, run_after=2025-05-09 20:00:00+00:00
[2025-05-09T15:57:44.505-0600] {processor.py:183} INFO - Processing /Users/crobles18/Downloads/fire_incidents_pipeline/airflow/venv/lib/python3.10/site-packages/airflow/example_dags/example_latest_only_with_trigger.py took 0.134 seconds
[2025-05-09T16:00:04.129-0600] {processor.py:161} INFO - Started process (PID=54303) to work on /Users/crobles18/Downloads/fire_incidents_pipeline/airflow/venv/lib/python3.10/site-packages/airflow/example_dags/example_latest_only_with_trigger.py
[2025-05-09T16:00:04.129-0600] {processor.py:830} INFO - Processing file /Users/crobles18/Downloads/fire_incidents_pipeline/airflow/venv/lib/python3.10/site-packages/airflow/example_dags/example_latest_only_with_trigger.py for tasks to queue
[2025-05-09T16:00:04.129-0600] {logging_mixin.py:188} INFO - [2025-05-09T16:00:04.129-0600] {dagbag.py:538} INFO - Filling up the DagBag from /Users/crobles18/Downloads/fire_incidents_pipeline/airflow/venv/lib/python3.10/site-packages/airflow/example_dags/example_latest_only_with_trigger.py
[2025-05-09T16:00:04.153-0600] {processor.py:840} INFO - DAG(s) 'latest_only_with_trigger' retrieved from /Users/crobles18/Downloads/fire_incidents_pipeline/airflow/venv/lib/python3.10/site-packages/airflow/example_dags/example_latest_only_with_trigger.py
[2025-05-09T16:00:04.192-0600] {logging_mixin.py:188} INFO - [2025-05-09T16:00:04.192-0600] {dag.py:3036} INFO - Sync 1 DAGs
[2025-05-09T16:00:04.198-0600] {logging_mixin.py:188} INFO - [2025-05-09T16:00:04.198-0600] {dag.py:3823} INFO - Setting next_dagrun for latest_only_with_trigger to 2025-05-09 16:00:00+00:00, run_after=2025-05-09 20:00:00+00:00
[2025-05-09T16:00:04.205-0600] {processor.py:183} INFO - Processing /Users/crobles18/Downloads/fire_incidents_pipeline/airflow/venv/lib/python3.10/site-packages/airflow/example_dags/example_latest_only_with_trigger.py took 0.076 seconds
[2025-05-09T16:01:33.451-0600] {processor.py:161} INFO - Started process (PID=54607) to work on /Users/crobles18/Downloads/fire_incidents_pipeline/airflow/venv/lib/python3.10/site-packages/airflow/example_dags/example_latest_only_with_trigger.py
[2025-05-09T16:01:33.451-0600] {processor.py:830} INFO - Processing file /Users/crobles18/Downloads/fire_incidents_pipeline/airflow/venv/lib/python3.10/site-packages/airflow/example_dags/example_latest_only_with_trigger.py for tasks to queue
[2025-05-09T16:01:33.452-0600] {logging_mixin.py:188} INFO - [2025-05-09T16:01:33.451-0600] {dagbag.py:538} INFO - Filling up the DagBag from /Users/crobles18/Downloads/fire_incidents_pipeline/airflow/venv/lib/python3.10/site-packages/airflow/example_dags/example_latest_only_with_trigger.py
[2025-05-09T16:01:33.482-0600] {processor.py:840} INFO - DAG(s) 'latest_only_with_trigger' retrieved from /Users/crobles18/Downloads/fire_incidents_pipeline/airflow/venv/lib/python3.10/site-packages/airflow/example_dags/example_latest_only_with_trigger.py
[2025-05-09T16:01:33.532-0600] {logging_mixin.py:188} INFO - [2025-05-09T16:01:33.531-0600] {dag.py:3036} INFO - Sync 1 DAGs
[2025-05-09T16:01:33.540-0600] {logging_mixin.py:188} INFO - [2025-05-09T16:01:33.540-0600] {dag.py:3823} INFO - Setting next_dagrun for latest_only_with_trigger to 2025-05-09 16:00:00+00:00, run_after=2025-05-09 20:00:00+00:00
[2025-05-09T16:01:33.548-0600] {processor.py:183} INFO - Processing /Users/crobles18/Downloads/fire_incidents_pipeline/airflow/venv/lib/python3.10/site-packages/airflow/example_dags/example_latest_only_with_trigger.py took 0.098 seconds
