[2025-05-09T15:57:51.453-0600] {processor.py:161} INFO - Started process (PID=53953) to work on /Users/crobles18/Downloads/fire_incidents_pipeline/airflow/venv/lib/python3.10/site-packages/airflow/example_dags/example_dynamic_task_mapping_with_no_taskflow_operators.py
[2025-05-09T15:57:51.454-0600] {processor.py:830} INFO - Processing file /Users/crobles18/Downloads/fire_incidents_pipeline/airflow/venv/lib/python3.10/site-packages/airflow/example_dags/example_dynamic_task_mapping_with_no_taskflow_operators.py for tasks to queue
[2025-05-09T15:57:51.454-0600] {logging_mixin.py:188} INFO - [2025-05-09T15:57:51.454-0600] {dagbag.py:538} INFO - Filling up the DagBag from /Users/crobles18/Downloads/fire_incidents_pipeline/airflow/venv/lib/python3.10/site-packages/airflow/example_dags/example_dynamic_task_mapping_with_no_taskflow_operators.py
[2025-05-09T15:57:51.510-0600] {processor.py:840} INFO - DAG(s) 'example_dynamic_task_mapping_with_no_taskflow_operators' retrieved from /Users/crobles18/Downloads/fire_incidents_pipeline/airflow/venv/lib/python3.10/site-packages/airflow/example_dags/example_dynamic_task_mapping_with_no_taskflow_operators.py
[2025-05-09T15:57:51.598-0600] {logging_mixin.py:188} INFO - [2025-05-09T15:57:51.597-0600] {override.py:1769} INFO - Created Permission View: can edit on DAG:example_dynamic_task_mapping_with_no_taskflow_operators
[2025-05-09T15:57:51.602-0600] {logging_mixin.py:188} INFO - [2025-05-09T15:57:51.601-0600] {override.py:1769} INFO - Created Permission View: can delete on DAG:example_dynamic_task_mapping_with_no_taskflow_operators
[2025-05-09T15:57:51.604-0600] {logging_mixin.py:188} INFO - [2025-05-09T15:57:51.604-0600] {override.py:1769} INFO - Created Permission View: can read on DAG:example_dynamic_task_mapping_with_no_taskflow_operators
[2025-05-09T15:57:51.604-0600] {logging_mixin.py:188} INFO - [2025-05-09T15:57:51.604-0600] {dag.py:3036} INFO - Sync 1 DAGs
[2025-05-09T15:57:51.650-0600] {logging_mixin.py:188} INFO - [2025-05-09T15:57:51.649-0600] {dag.py:3058} INFO - Creating ORM DAG for example_dynamic_task_mapping_with_no_taskflow_operators
[2025-05-09T15:57:51.704-0600] {logging_mixin.py:188} INFO - [2025-05-09T15:57:51.702-0600] {dag.py:3823} INFO - Setting next_dagrun for example_dynamic_task_mapping_with_no_taskflow_operators to 2025-05-08 00:00:00+00:00, run_after=2025-05-09 00:00:00+00:00
[2025-05-09T15:57:51.826-0600] {processor.py:183} INFO - Processing /Users/crobles18/Downloads/fire_incidents_pipeline/airflow/venv/lib/python3.10/site-packages/airflow/example_dags/example_dynamic_task_mapping_with_no_taskflow_operators.py took 0.373 seconds
[2025-05-09T16:00:11.647-0600] {processor.py:161} INFO - Started process (PID=54311) to work on /Users/crobles18/Downloads/fire_incidents_pipeline/airflow/venv/lib/python3.10/site-packages/airflow/example_dags/example_dynamic_task_mapping_with_no_taskflow_operators.py
[2025-05-09T16:00:11.647-0600] {processor.py:830} INFO - Processing file /Users/crobles18/Downloads/fire_incidents_pipeline/airflow/venv/lib/python3.10/site-packages/airflow/example_dags/example_dynamic_task_mapping_with_no_taskflow_operators.py for tasks to queue
[2025-05-09T16:00:11.648-0600] {logging_mixin.py:188} INFO - [2025-05-09T16:00:11.648-0600] {dagbag.py:538} INFO - Filling up the DagBag from /Users/crobles18/Downloads/fire_incidents_pipeline/airflow/venv/lib/python3.10/site-packages/airflow/example_dags/example_dynamic_task_mapping_with_no_taskflow_operators.py
[2025-05-09T16:00:11.672-0600] {processor.py:840} INFO - DAG(s) 'example_dynamic_task_mapping_with_no_taskflow_operators' retrieved from /Users/crobles18/Downloads/fire_incidents_pipeline/airflow/venv/lib/python3.10/site-packages/airflow/example_dags/example_dynamic_task_mapping_with_no_taskflow_operators.py
[2025-05-09T16:00:11.711-0600] {logging_mixin.py:188} INFO - [2025-05-09T16:00:11.710-0600] {dag.py:3036} INFO - Sync 1 DAGs
[2025-05-09T16:00:11.717-0600] {logging_mixin.py:188} INFO - [2025-05-09T16:00:11.717-0600] {dag.py:3823} INFO - Setting next_dagrun for example_dynamic_task_mapping_with_no_taskflow_operators to 2025-05-08 00:00:00+00:00, run_after=2025-05-09 00:00:00+00:00
[2025-05-09T16:00:11.724-0600] {processor.py:183} INFO - Processing /Users/crobles18/Downloads/fire_incidents_pipeline/airflow/venv/lib/python3.10/site-packages/airflow/example_dags/example_dynamic_task_mapping_with_no_taskflow_operators.py took 0.077 seconds
[2025-05-09T16:01:41.064-0600] {processor.py:161} INFO - Started process (PID=54617) to work on /Users/crobles18/Downloads/fire_incidents_pipeline/airflow/venv/lib/python3.10/site-packages/airflow/example_dags/example_dynamic_task_mapping_with_no_taskflow_operators.py
[2025-05-09T16:01:41.065-0600] {processor.py:830} INFO - Processing file /Users/crobles18/Downloads/fire_incidents_pipeline/airflow/venv/lib/python3.10/site-packages/airflow/example_dags/example_dynamic_task_mapping_with_no_taskflow_operators.py for tasks to queue
[2025-05-09T16:01:41.065-0600] {logging_mixin.py:188} INFO - [2025-05-09T16:01:41.065-0600] {dagbag.py:538} INFO - Filling up the DagBag from /Users/crobles18/Downloads/fire_incidents_pipeline/airflow/venv/lib/python3.10/site-packages/airflow/example_dags/example_dynamic_task_mapping_with_no_taskflow_operators.py
[2025-05-09T16:01:41.086-0600] {processor.py:840} INFO - DAG(s) 'example_dynamic_task_mapping_with_no_taskflow_operators' retrieved from /Users/crobles18/Downloads/fire_incidents_pipeline/airflow/venv/lib/python3.10/site-packages/airflow/example_dags/example_dynamic_task_mapping_with_no_taskflow_operators.py
[2025-05-09T16:01:41.123-0600] {logging_mixin.py:188} INFO - [2025-05-09T16:01:41.122-0600] {dag.py:3036} INFO - Sync 1 DAGs
[2025-05-09T16:01:41.129-0600] {logging_mixin.py:188} INFO - [2025-05-09T16:01:41.128-0600] {dag.py:3823} INFO - Setting next_dagrun for example_dynamic_task_mapping_with_no_taskflow_operators to 2025-05-08 00:00:00+00:00, run_after=2025-05-09 00:00:00+00:00
[2025-05-09T16:01:41.135-0600] {processor.py:183} INFO - Processing /Users/crobles18/Downloads/fire_incidents_pipeline/airflow/venv/lib/python3.10/site-packages/airflow/example_dags/example_dynamic_task_mapping_with_no_taskflow_operators.py took 0.071 seconds
