[2025-05-09T15:57:42.198-0600] {processor.py:161} INFO - Started process (PID=53929) to work on /Users/crobles18/Downloads/fire_incidents_pipeline/airflow/venv/lib/python3.10/site-packages/airflow/example_dags/example_local_kubernetes_executor.py
[2025-05-09T15:57:42.199-0600] {processor.py:830} INFO - Processing file /Users/crobles18/Downloads/fire_incidents_pipeline/airflow/venv/lib/python3.10/site-packages/airflow/example_dags/example_local_kubernetes_executor.py for tasks to queue
[2025-05-09T15:57:42.199-0600] {logging_mixin.py:188} INFO - [2025-05-09T15:57:42.199-0600] {dagbag.py:538} INFO - Filling up the DagBag from /Users/crobles18/Downloads/fire_incidents_pipeline/airflow/venv/lib/python3.10/site-packages/airflow/example_dags/example_local_kubernetes_executor.py
[2025-05-09T15:57:42.401-0600] {processor.py:840} INFO - DAG(s) 'example_local_kubernetes_executor' retrieved from /Users/crobles18/Downloads/fire_incidents_pipeline/airflow/venv/lib/python3.10/site-packages/airflow/example_dags/example_local_kubernetes_executor.py
[2025-05-09T15:57:42.502-0600] {logging_mixin.py:188} WARNING - /Users/crobles18/Downloads/fire_incidents_pipeline/airflow/venv/lib/python3.10/site-packages/airflow/serialization/serialized_objects.py:1564 DeprecationWarning: This module is deprecated. The `cncf.kubernetes` provider before version 7.4.0 uses this module - you should migrate to a newer version of `cncf.kubernetes` to get rid of this warning. If you import the module via `airflow.kubernetes` import, please use `cncf.kubernetes' provider 7.4.0+ and switch all your imports to use `apache.airflow.providers.cncf.kubernetes` to get rid of the warning.
[2025-05-09T15:57:42.543-0600] {logging_mixin.py:188} INFO - [2025-05-09T15:57:42.543-0600] {override.py:1769} INFO - Created Permission View: can delete on DAG:example_local_kubernetes_executor
[2025-05-09T15:57:42.547-0600] {logging_mixin.py:188} INFO - [2025-05-09T15:57:42.546-0600] {override.py:1769} INFO - Created Permission View: can edit on DAG:example_local_kubernetes_executor
[2025-05-09T15:57:42.549-0600] {logging_mixin.py:188} INFO - [2025-05-09T15:57:42.548-0600] {override.py:1769} INFO - Created Permission View: can read on DAG:example_local_kubernetes_executor
[2025-05-09T15:57:42.549-0600] {logging_mixin.py:188} INFO - [2025-05-09T15:57:42.549-0600] {dag.py:3036} INFO - Sync 1 DAGs
[2025-05-09T15:57:42.553-0600] {logging_mixin.py:188} INFO - [2025-05-09T15:57:42.553-0600] {dag.py:3058} INFO - Creating ORM DAG for example_local_kubernetes_executor
[2025-05-09T15:57:42.553-0600] {logging_mixin.py:188} INFO - [2025-05-09T15:57:42.553-0600] {dag.py:3823} INFO - Setting next_dagrun for example_local_kubernetes_executor to None, run_after=None
[2025-05-09T15:57:42.560-0600] {processor.py:183} INFO - Processing /Users/crobles18/Downloads/fire_incidents_pipeline/airflow/venv/lib/python3.10/site-packages/airflow/example_dags/example_local_kubernetes_executor.py took 0.362 seconds
[2025-05-09T16:00:03.098-0600] {processor.py:161} INFO - Started process (PID=54299) to work on /Users/crobles18/Downloads/fire_incidents_pipeline/airflow/venv/lib/python3.10/site-packages/airflow/example_dags/example_local_kubernetes_executor.py
[2025-05-09T16:00:03.100-0600] {processor.py:830} INFO - Processing file /Users/crobles18/Downloads/fire_incidents_pipeline/airflow/venv/lib/python3.10/site-packages/airflow/example_dags/example_local_kubernetes_executor.py for tasks to queue
[2025-05-09T16:00:03.100-0600] {logging_mixin.py:188} INFO - [2025-05-09T16:00:03.100-0600] {dagbag.py:538} INFO - Filling up the DagBag from /Users/crobles18/Downloads/fire_incidents_pipeline/airflow/venv/lib/python3.10/site-packages/airflow/example_dags/example_local_kubernetes_executor.py
[2025-05-09T16:00:03.279-0600] {processor.py:840} INFO - DAG(s) 'example_local_kubernetes_executor' retrieved from /Users/crobles18/Downloads/fire_incidents_pipeline/airflow/venv/lib/python3.10/site-packages/airflow/example_dags/example_local_kubernetes_executor.py
[2025-05-09T16:00:03.361-0600] {logging_mixin.py:188} WARNING - /Users/crobles18/Downloads/fire_incidents_pipeline/airflow/venv/lib/python3.10/site-packages/airflow/serialization/serialized_objects.py:1564 DeprecationWarning: This module is deprecated. The `cncf.kubernetes` provider before version 7.4.0 uses this module - you should migrate to a newer version of `cncf.kubernetes` to get rid of this warning. If you import the module via `airflow.kubernetes` import, please use `cncf.kubernetes' provider 7.4.0+ and switch all your imports to use `apache.airflow.providers.cncf.kubernetes` to get rid of the warning.
[2025-05-09T16:00:03.366-0600] {logging_mixin.py:188} INFO - [2025-05-09T16:00:03.366-0600] {dag.py:3036} INFO - Sync 1 DAGs
[2025-05-09T16:00:03.370-0600] {logging_mixin.py:188} INFO - [2025-05-09T16:00:03.370-0600] {dag.py:3823} INFO - Setting next_dagrun for example_local_kubernetes_executor to None, run_after=None
[2025-05-09T16:00:03.377-0600] {processor.py:183} INFO - Processing /Users/crobles18/Downloads/fire_incidents_pipeline/airflow/venv/lib/python3.10/site-packages/airflow/example_dags/example_local_kubernetes_executor.py took 0.279 seconds
[2025-05-09T16:01:31.290-0600] {processor.py:161} INFO - Started process (PID=54606) to work on /Users/crobles18/Downloads/fire_incidents_pipeline/airflow/venv/lib/python3.10/site-packages/airflow/example_dags/example_local_kubernetes_executor.py
[2025-05-09T16:01:31.291-0600] {processor.py:830} INFO - Processing file /Users/crobles18/Downloads/fire_incidents_pipeline/airflow/venv/lib/python3.10/site-packages/airflow/example_dags/example_local_kubernetes_executor.py for tasks to queue
[2025-05-09T16:01:31.291-0600] {logging_mixin.py:188} INFO - [2025-05-09T16:01:31.291-0600] {dagbag.py:538} INFO - Filling up the DagBag from /Users/crobles18/Downloads/fire_incidents_pipeline/airflow/venv/lib/python3.10/site-packages/airflow/example_dags/example_local_kubernetes_executor.py
[2025-05-09T16:01:31.483-0600] {processor.py:840} INFO - DAG(s) 'example_local_kubernetes_executor' retrieved from /Users/crobles18/Downloads/fire_incidents_pipeline/airflow/venv/lib/python3.10/site-packages/airflow/example_dags/example_local_kubernetes_executor.py
[2025-05-09T16:01:31.572-0600] {logging_mixin.py:188} WARNING - /Users/crobles18/Downloads/fire_incidents_pipeline/airflow/venv/lib/python3.10/site-packages/airflow/serialization/serialized_objects.py:1564 DeprecationWarning: This module is deprecated. The `cncf.kubernetes` provider before version 7.4.0 uses this module - you should migrate to a newer version of `cncf.kubernetes` to get rid of this warning. If you import the module via `airflow.kubernetes` import, please use `cncf.kubernetes' provider 7.4.0+ and switch all your imports to use `apache.airflow.providers.cncf.kubernetes` to get rid of the warning.
[2025-05-09T16:01:31.578-0600] {logging_mixin.py:188} INFO - [2025-05-09T16:01:31.578-0600] {dag.py:3036} INFO - Sync 1 DAGs
[2025-05-09T16:01:31.582-0600] {logging_mixin.py:188} INFO - [2025-05-09T16:01:31.582-0600] {dag.py:3823} INFO - Setting next_dagrun for example_local_kubernetes_executor to None, run_after=None
[2025-05-09T16:01:31.589-0600] {processor.py:183} INFO - Processing /Users/crobles18/Downloads/fire_incidents_pipeline/airflow/venv/lib/python3.10/site-packages/airflow/example_dags/example_local_kubernetes_executor.py took 0.299 seconds
