[2025-05-09T15:57:14.712-0600] {processor.py:161} INFO - Started process (PID=53895) to work on /Users/crobles18/Downloads/fire_incidents_pipeline/airflow/venv/lib/python3.10/site-packages/airflow/example_dags/example_subdag_operator.py
[2025-05-09T15:57:14.713-0600] {processor.py:830} INFO - Processing file /Users/crobles18/Downloads/fire_incidents_pipeline/airflow/venv/lib/python3.10/site-packages/airflow/example_dags/example_subdag_operator.py for tasks to queue
[2025-05-09T15:57:14.713-0600] {logging_mixin.py:188} INFO - [2025-05-09T15:57:14.713-0600] {dagbag.py:538} INFO - Filling up the DagBag from /Users/crobles18/Downloads/fire_incidents_pipeline/airflow/venv/lib/python3.10/site-packages/airflow/example_dags/example_subdag_operator.py
[2025-05-09T15:57:14.778-0600] {processor.py:840} INFO - DAG(s) 'example_subdag_operator.section-1', 'example_subdag_operator.section-2', 'example_subdag_operator' retrieved from /Users/crobles18/Downloads/fire_incidents_pipeline/airflow/venv/lib/python3.10/site-packages/airflow/example_dags/example_subdag_operator.py
[2025-05-09T15:57:14.847-0600] {logging_mixin.py:188} INFO - [2025-05-09T15:57:14.847-0600] {override.py:1769} INFO - Created Permission View: can read on DAG:example_subdag_operator
[2025-05-09T15:57:14.851-0600] {logging_mixin.py:188} INFO - [2025-05-09T15:57:14.851-0600] {override.py:1769} INFO - Created Permission View: can edit on DAG:example_subdag_operator
[2025-05-09T15:57:14.853-0600] {logging_mixin.py:188} INFO - [2025-05-09T15:57:14.853-0600] {override.py:1769} INFO - Created Permission View: can delete on DAG:example_subdag_operator
[2025-05-09T15:57:14.853-0600] {logging_mixin.py:188} INFO - [2025-05-09T15:57:14.853-0600] {dag.py:3036} INFO - Sync 3 DAGs
[2025-05-09T15:57:14.858-0600] {logging_mixin.py:188} INFO - [2025-05-09T15:57:14.858-0600] {dag.py:3058} INFO - Creating ORM DAG for example_subdag_operator
[2025-05-09T15:57:14.858-0600] {logging_mixin.py:188} INFO - [2025-05-09T15:57:14.858-0600] {dag.py:3058} INFO - Creating ORM DAG for example_subdag_operator.section-1
[2025-05-09T15:57:14.858-0600] {logging_mixin.py:188} INFO - [2025-05-09T15:57:14.858-0600] {dag.py:3058} INFO - Creating ORM DAG for example_subdag_operator.section-2
[2025-05-09T15:57:14.861-0600] {logging_mixin.py:188} INFO - [2025-05-09T15:57:14.861-0600] {dag.py:3823} INFO - Setting next_dagrun for example_subdag_operator to 2022-01-01 00:00:00+00:00, run_after=2022-01-01 00:00:00+00:00
[2025-05-09T15:57:14.862-0600] {logging_mixin.py:188} INFO - [2025-05-09T15:57:14.861-0600] {dag.py:3823} INFO - Setting next_dagrun for example_subdag_operator.section-1 to None, run_after=None
[2025-05-09T15:57:14.862-0600] {logging_mixin.py:188} INFO - [2025-05-09T15:57:14.862-0600] {dag.py:3823} INFO - Setting next_dagrun for example_subdag_operator.section-2 to None, run_after=None
[2025-05-09T15:57:14.864-0600] {logging_mixin.py:188} INFO - [2025-05-09T15:57:14.864-0600] {dag.py:3036} INFO - Sync 2 DAGs
[2025-05-09T15:57:14.866-0600] {logging_mixin.py:188} INFO - [2025-05-09T15:57:14.866-0600] {dag.py:3823} INFO - Setting next_dagrun for example_subdag_operator.section-1 to None, run_after=None
[2025-05-09T15:57:14.867-0600] {logging_mixin.py:188} INFO - [2025-05-09T15:57:14.867-0600] {dag.py:3823} INFO - Setting next_dagrun for example_subdag_operator.section-2 to None, run_after=None
[2025-05-09T15:57:14.873-0600] {processor.py:183} INFO - Processing /Users/crobles18/Downloads/fire_incidents_pipeline/airflow/venv/lib/python3.10/site-packages/airflow/example_dags/example_subdag_operator.py took 0.161 seconds
[2025-05-09T15:59:37.384-0600] {processor.py:161} INFO - Started process (PID=54282) to work on /Users/crobles18/Downloads/fire_incidents_pipeline/airflow/venv/lib/python3.10/site-packages/airflow/example_dags/example_subdag_operator.py
[2025-05-09T15:59:37.384-0600] {processor.py:830} INFO - Processing file /Users/crobles18/Downloads/fire_incidents_pipeline/airflow/venv/lib/python3.10/site-packages/airflow/example_dags/example_subdag_operator.py for tasks to queue
[2025-05-09T15:59:37.384-0600] {logging_mixin.py:188} INFO - [2025-05-09T15:59:37.384-0600] {dagbag.py:538} INFO - Filling up the DagBag from /Users/crobles18/Downloads/fire_incidents_pipeline/airflow/venv/lib/python3.10/site-packages/airflow/example_dags/example_subdag_operator.py
[2025-05-09T15:59:37.445-0600] {processor.py:840} INFO - DAG(s) 'example_subdag_operator.section-1', 'example_subdag_operator.section-2', 'example_subdag_operator' retrieved from /Users/crobles18/Downloads/fire_incidents_pipeline/airflow/venv/lib/python3.10/site-packages/airflow/example_dags/example_subdag_operator.py
[2025-05-09T15:59:37.461-0600] {logging_mixin.py:188} INFO - [2025-05-09T15:59:37.460-0600] {dag.py:3036} INFO - Sync 3 DAGs
[2025-05-09T15:59:37.467-0600] {logging_mixin.py:188} INFO - [2025-05-09T15:59:37.467-0600] {dag.py:3823} INFO - Setting next_dagrun for example_subdag_operator to 2022-01-01 00:00:00+00:00, run_after=2022-01-01 00:00:00+00:00
[2025-05-09T15:59:37.468-0600] {logging_mixin.py:188} INFO - [2025-05-09T15:59:37.468-0600] {dag.py:3823} INFO - Setting next_dagrun for example_subdag_operator.section-1 to None, run_after=None
[2025-05-09T15:59:37.468-0600] {logging_mixin.py:188} INFO - [2025-05-09T15:59:37.468-0600] {dag.py:3823} INFO - Setting next_dagrun for example_subdag_operator.section-2 to None, run_after=None
[2025-05-09T15:59:37.471-0600] {logging_mixin.py:188} INFO - [2025-05-09T15:59:37.471-0600] {dag.py:3036} INFO - Sync 2 DAGs
[2025-05-09T15:59:37.472-0600] {logging_mixin.py:188} INFO - [2025-05-09T15:59:37.472-0600] {dag.py:3823} INFO - Setting next_dagrun for example_subdag_operator.section-1 to None, run_after=None
[2025-05-09T15:59:37.472-0600] {logging_mixin.py:188} INFO - [2025-05-09T15:59:37.472-0600] {dag.py:3823} INFO - Setting next_dagrun for example_subdag_operator.section-2 to None, run_after=None
[2025-05-09T15:59:37.477-0600] {processor.py:183} INFO - Processing /Users/crobles18/Downloads/fire_incidents_pipeline/airflow/venv/lib/python3.10/site-packages/airflow/example_dags/example_subdag_operator.py took 0.094 seconds
[2025-05-09T16:01:04.077-0600] {processor.py:161} INFO - Started process (PID=54573) to work on /Users/crobles18/Downloads/fire_incidents_pipeline/airflow/venv/lib/python3.10/site-packages/airflow/example_dags/example_subdag_operator.py
[2025-05-09T16:01:04.079-0600] {processor.py:830} INFO - Processing file /Users/crobles18/Downloads/fire_incidents_pipeline/airflow/venv/lib/python3.10/site-packages/airflow/example_dags/example_subdag_operator.py for tasks to queue
[2025-05-09T16:01:04.086-0600] {logging_mixin.py:188} INFO - [2025-05-09T16:01:04.086-0600] {dagbag.py:538} INFO - Filling up the DagBag from /Users/crobles18/Downloads/fire_incidents_pipeline/airflow/venv/lib/python3.10/site-packages/airflow/example_dags/example_subdag_operator.py
[2025-05-09T16:01:04.149-0600] {processor.py:840} INFO - DAG(s) 'example_subdag_operator.section-1', 'example_subdag_operator.section-2', 'example_subdag_operator' retrieved from /Users/crobles18/Downloads/fire_incidents_pipeline/airflow/venv/lib/python3.10/site-packages/airflow/example_dags/example_subdag_operator.py
[2025-05-09T16:01:04.164-0600] {logging_mixin.py:188} INFO - [2025-05-09T16:01:04.164-0600] {dag.py:3036} INFO - Sync 3 DAGs
[2025-05-09T16:01:04.170-0600] {logging_mixin.py:188} INFO - [2025-05-09T16:01:04.170-0600] {dag.py:3823} INFO - Setting next_dagrun for example_subdag_operator to 2022-01-01 00:00:00+00:00, run_after=2022-01-01 00:00:00+00:00
[2025-05-09T16:01:04.171-0600] {logging_mixin.py:188} INFO - [2025-05-09T16:01:04.171-0600] {dag.py:3823} INFO - Setting next_dagrun for example_subdag_operator.section-1 to None, run_after=None
[2025-05-09T16:01:04.172-0600] {logging_mixin.py:188} INFO - [2025-05-09T16:01:04.172-0600] {dag.py:3823} INFO - Setting next_dagrun for example_subdag_operator.section-2 to None, run_after=None
[2025-05-09T16:01:04.174-0600] {logging_mixin.py:188} INFO - [2025-05-09T16:01:04.174-0600] {dag.py:3036} INFO - Sync 2 DAGs
[2025-05-09T16:01:04.175-0600] {logging_mixin.py:188} INFO - [2025-05-09T16:01:04.175-0600] {dag.py:3823} INFO - Setting next_dagrun for example_subdag_operator.section-1 to None, run_after=None
[2025-05-09T16:01:04.176-0600] {logging_mixin.py:188} INFO - [2025-05-09T16:01:04.176-0600] {dag.py:3823} INFO - Setting next_dagrun for example_subdag_operator.section-2 to None, run_after=None
[2025-05-09T16:01:04.181-0600] {processor.py:183} INFO - Processing /Users/crobles18/Downloads/fire_incidents_pipeline/airflow/venv/lib/python3.10/site-packages/airflow/example_dags/example_subdag_operator.py took 0.104 seconds
