[2025-05-09T15:57:22.195-0600] {processor.py:161} INFO - Started process (PID=53906) to work on /Users/crobles18/Downloads/fire_incidents_pipeline/airflow/venv/lib/python3.10/site-packages/airflow/example_dags/example_short_circuit_decorator.py
[2025-05-09T15:57:22.196-0600] {processor.py:830} INFO - Processing file /Users/crobles18/Downloads/fire_incidents_pipeline/airflow/venv/lib/python3.10/site-packages/airflow/example_dags/example_short_circuit_decorator.py for tasks to queue
[2025-05-09T15:57:22.196-0600] {logging_mixin.py:188} INFO - [2025-05-09T15:57:22.196-0600] {dagbag.py:538} INFO - Filling up the DagBag from /Users/crobles18/Downloads/fire_incidents_pipeline/airflow/venv/lib/python3.10/site-packages/airflow/example_dags/example_short_circuit_decorator.py
[2025-05-09T15:57:22.231-0600] {processor.py:840} INFO - DAG(s) 'example_short_circuit_decorator' retrieved from /Users/crobles18/Downloads/fire_incidents_pipeline/airflow/venv/lib/python3.10/site-packages/airflow/example_dags/example_short_circuit_decorator.py
[2025-05-09T15:57:22.302-0600] {logging_mixin.py:188} INFO - [2025-05-09T15:57:22.302-0600] {override.py:1769} INFO - Created Permission View: can delete on DAG:example_short_circuit_decorator
[2025-05-09T15:57:22.305-0600] {logging_mixin.py:188} INFO - [2025-05-09T15:57:22.305-0600] {override.py:1769} INFO - Created Permission View: can read on DAG:example_short_circuit_decorator
[2025-05-09T15:57:22.307-0600] {logging_mixin.py:188} INFO - [2025-05-09T15:57:22.307-0600] {override.py:1769} INFO - Created Permission View: can edit on DAG:example_short_circuit_decorator
[2025-05-09T15:57:22.307-0600] {logging_mixin.py:188} INFO - [2025-05-09T15:57:22.307-0600] {dag.py:3036} INFO - Sync 1 DAGs
[2025-05-09T15:57:22.311-0600] {logging_mixin.py:188} INFO - [2025-05-09T15:57:22.310-0600] {dag.py:3058} INFO - Creating ORM DAG for example_short_circuit_decorator
[2025-05-09T15:57:22.313-0600] {logging_mixin.py:188} INFO - [2025-05-09T15:57:22.313-0600] {dag.py:3823} INFO - Setting next_dagrun for example_short_circuit_decorator to 2025-05-08 00:00:00+00:00, run_after=2025-05-09 00:00:00+00:00
[2025-05-09T15:57:22.319-0600] {processor.py:183} INFO - Processing /Users/crobles18/Downloads/fire_incidents_pipeline/airflow/venv/lib/python3.10/site-packages/airflow/example_dags/example_short_circuit_decorator.py took 0.124 seconds
[2025-05-09T15:59:43.138-0600] {processor.py:161} INFO - Started process (PID=54286) to work on /Users/crobles18/Downloads/fire_incidents_pipeline/airflow/venv/lib/python3.10/site-packages/airflow/example_dags/example_short_circuit_decorator.py
[2025-05-09T15:59:43.139-0600] {processor.py:830} INFO - Processing file /Users/crobles18/Downloads/fire_incidents_pipeline/airflow/venv/lib/python3.10/site-packages/airflow/example_dags/example_short_circuit_decorator.py for tasks to queue
[2025-05-09T15:59:43.139-0600] {logging_mixin.py:188} INFO - [2025-05-09T15:59:43.139-0600] {dagbag.py:538} INFO - Filling up the DagBag from /Users/crobles18/Downloads/fire_incidents_pipeline/airflow/venv/lib/python3.10/site-packages/airflow/example_dags/example_short_circuit_decorator.py
[2025-05-09T15:59:43.175-0600] {processor.py:840} INFO - DAG(s) 'example_short_circuit_decorator' retrieved from /Users/crobles18/Downloads/fire_incidents_pipeline/airflow/venv/lib/python3.10/site-packages/airflow/example_dags/example_short_circuit_decorator.py
[2025-05-09T15:59:43.215-0600] {logging_mixin.py:188} INFO - [2025-05-09T15:59:43.215-0600] {dag.py:3036} INFO - Sync 1 DAGs
[2025-05-09T15:59:43.222-0600] {logging_mixin.py:188} INFO - [2025-05-09T15:59:43.222-0600] {dag.py:3823} INFO - Setting next_dagrun for example_short_circuit_decorator to 2025-05-08 00:00:00+00:00, run_after=2025-05-09 00:00:00+00:00
[2025-05-09T15:59:43.229-0600] {processor.py:183} INFO - Processing /Users/crobles18/Downloads/fire_incidents_pipeline/airflow/venv/lib/python3.10/site-packages/airflow/example_dags/example_short_circuit_decorator.py took 0.091 seconds
[2025-05-09T16:01:11.675-0600] {processor.py:161} INFO - Started process (PID=54583) to work on /Users/crobles18/Downloads/fire_incidents_pipeline/airflow/venv/lib/python3.10/site-packages/airflow/example_dags/example_short_circuit_decorator.py
[2025-05-09T16:01:11.676-0600] {processor.py:830} INFO - Processing file /Users/crobles18/Downloads/fire_incidents_pipeline/airflow/venv/lib/python3.10/site-packages/airflow/example_dags/example_short_circuit_decorator.py for tasks to queue
[2025-05-09T16:01:11.676-0600] {logging_mixin.py:188} INFO - [2025-05-09T16:01:11.676-0600] {dagbag.py:538} INFO - Filling up the DagBag from /Users/crobles18/Downloads/fire_incidents_pipeline/airflow/venv/lib/python3.10/site-packages/airflow/example_dags/example_short_circuit_decorator.py
[2025-05-09T16:01:11.713-0600] {processor.py:840} INFO - DAG(s) 'example_short_circuit_decorator' retrieved from /Users/crobles18/Downloads/fire_incidents_pipeline/airflow/venv/lib/python3.10/site-packages/airflow/example_dags/example_short_circuit_decorator.py
[2025-05-09T16:01:11.753-0600] {logging_mixin.py:188} INFO - [2025-05-09T16:01:11.753-0600] {dag.py:3036} INFO - Sync 1 DAGs
[2025-05-09T16:01:11.760-0600] {logging_mixin.py:188} INFO - [2025-05-09T16:01:11.760-0600] {dag.py:3823} INFO - Setting next_dagrun for example_short_circuit_decorator to 2025-05-08 00:00:00+00:00, run_after=2025-05-09 00:00:00+00:00
[2025-05-09T16:01:11.766-0600] {processor.py:183} INFO - Processing /Users/crobles18/Downloads/fire_incidents_pipeline/airflow/venv/lib/python3.10/site-packages/airflow/example_dags/example_short_circuit_decorator.py took 0.091 seconds
