[2025-05-09T15:57:38.396-0600] {processor.py:161} INFO - Started process (PID=53925) to work on /Users/crobles18/Downloads/fire_incidents_pipeline/airflow/venv/lib/python3.10/site-packages/airflow/example_dags/example_params_trigger_ui.py
[2025-05-09T15:57:38.397-0600] {processor.py:830} INFO - Processing file /Users/crobles18/Downloads/fire_incidents_pipeline/airflow/venv/lib/python3.10/site-packages/airflow/example_dags/example_params_trigger_ui.py for tasks to queue
[2025-05-09T15:57:38.397-0600] {logging_mixin.py:188} INFO - [2025-05-09T15:57:38.397-0600] {dagbag.py:538} INFO - Filling up the DagBag from /Users/crobles18/Downloads/fire_incidents_pipeline/airflow/venv/lib/python3.10/site-packages/airflow/example_dags/example_params_trigger_ui.py
[2025-05-09T15:57:38.438-0600] {processor.py:840} INFO - DAG(s) 'example_params_trigger_ui' retrieved from /Users/crobles18/Downloads/fire_incidents_pipeline/airflow/venv/lib/python3.10/site-packages/airflow/example_dags/example_params_trigger_ui.py
[2025-05-09T15:57:38.526-0600] {logging_mixin.py:188} INFO - [2025-05-09T15:57:38.525-0600] {override.py:1769} INFO - Created Permission View: can delete on DAG:example_params_trigger_ui
[2025-05-09T15:57:38.529-0600] {logging_mixin.py:188} INFO - [2025-05-09T15:57:38.529-0600] {override.py:1769} INFO - Created Permission View: can edit on DAG:example_params_trigger_ui
[2025-05-09T15:57:38.531-0600] {logging_mixin.py:188} INFO - [2025-05-09T15:57:38.531-0600] {override.py:1769} INFO - Created Permission View: can read on DAG:example_params_trigger_ui
[2025-05-09T15:57:38.532-0600] {logging_mixin.py:188} INFO - [2025-05-09T15:57:38.532-0600] {dag.py:3036} INFO - Sync 1 DAGs
[2025-05-09T15:57:38.536-0600] {logging_mixin.py:188} INFO - [2025-05-09T15:57:38.536-0600] {dag.py:3058} INFO - Creating ORM DAG for example_params_trigger_ui
[2025-05-09T15:57:38.536-0600] {logging_mixin.py:188} INFO - [2025-05-09T15:57:38.536-0600] {dag.py:3823} INFO - Setting next_dagrun for example_params_trigger_ui to None, run_after=None
[2025-05-09T15:57:38.543-0600] {processor.py:183} INFO - Processing /Users/crobles18/Downloads/fire_incidents_pipeline/airflow/venv/lib/python3.10/site-packages/airflow/example_dags/example_params_trigger_ui.py took 0.147 seconds
[2025-05-09T15:59:59.385-0600] {processor.py:161} INFO - Started process (PID=54297) to work on /Users/crobles18/Downloads/fire_incidents_pipeline/airflow/venv/lib/python3.10/site-packages/airflow/example_dags/example_params_trigger_ui.py
[2025-05-09T15:59:59.385-0600] {processor.py:830} INFO - Processing file /Users/crobles18/Downloads/fire_incidents_pipeline/airflow/venv/lib/python3.10/site-packages/airflow/example_dags/example_params_trigger_ui.py for tasks to queue
[2025-05-09T15:59:59.386-0600] {logging_mixin.py:188} INFO - [2025-05-09T15:59:59.386-0600] {dagbag.py:538} INFO - Filling up the DagBag from /Users/crobles18/Downloads/fire_incidents_pipeline/airflow/venv/lib/python3.10/site-packages/airflow/example_dags/example_params_trigger_ui.py
[2025-05-09T15:59:59.423-0600] {processor.py:840} INFO - DAG(s) 'example_params_trigger_ui' retrieved from /Users/crobles18/Downloads/fire_incidents_pipeline/airflow/venv/lib/python3.10/site-packages/airflow/example_dags/example_params_trigger_ui.py
[2025-05-09T15:59:59.470-0600] {logging_mixin.py:188} INFO - [2025-05-09T15:59:59.470-0600] {dag.py:3036} INFO - Sync 1 DAGs
[2025-05-09T15:59:59.474-0600] {logging_mixin.py:188} INFO - [2025-05-09T15:59:59.473-0600] {dag.py:3823} INFO - Setting next_dagrun for example_params_trigger_ui to None, run_after=None
[2025-05-09T15:59:59.480-0600] {processor.py:183} INFO - Processing /Users/crobles18/Downloads/fire_incidents_pipeline/airflow/venv/lib/python3.10/site-packages/airflow/example_dags/example_params_trigger_ui.py took 0.096 seconds
[2025-05-09T16:01:27.515-0600] {processor.py:161} INFO - Started process (PID=54602) to work on /Users/crobles18/Downloads/fire_incidents_pipeline/airflow/venv/lib/python3.10/site-packages/airflow/example_dags/example_params_trigger_ui.py
[2025-05-09T16:01:27.516-0600] {processor.py:830} INFO - Processing file /Users/crobles18/Downloads/fire_incidents_pipeline/airflow/venv/lib/python3.10/site-packages/airflow/example_dags/example_params_trigger_ui.py for tasks to queue
[2025-05-09T16:01:27.516-0600] {logging_mixin.py:188} INFO - [2025-05-09T16:01:27.516-0600] {dagbag.py:538} INFO - Filling up the DagBag from /Users/crobles18/Downloads/fire_incidents_pipeline/airflow/venv/lib/python3.10/site-packages/airflow/example_dags/example_params_trigger_ui.py
[2025-05-09T16:01:27.554-0600] {processor.py:840} INFO - DAG(s) 'example_params_trigger_ui' retrieved from /Users/crobles18/Downloads/fire_incidents_pipeline/airflow/venv/lib/python3.10/site-packages/airflow/example_dags/example_params_trigger_ui.py
[2025-05-09T16:01:27.604-0600] {logging_mixin.py:188} INFO - [2025-05-09T16:01:27.603-0600] {dag.py:3036} INFO - Sync 1 DAGs
[2025-05-09T16:01:27.608-0600] {logging_mixin.py:188} INFO - [2025-05-09T16:01:27.608-0600] {dag.py:3823} INFO - Setting next_dagrun for example_params_trigger_ui to None, run_after=None
[2025-05-09T16:01:27.616-0600] {processor.py:183} INFO - Processing /Users/crobles18/Downloads/fire_incidents_pipeline/airflow/venv/lib/python3.10/site-packages/airflow/example_dags/example_params_trigger_ui.py took 0.101 seconds
