[2025-05-09T15:56:59.508-0600] {processor.py:161} INFO - Started process (PID=53849) to work on /Users/crobles18/Downloads/fire_incidents_pipeline/airflow/venv/lib/python3.10/site-packages/airflow/example_dags/tutorial_dag.py
[2025-05-09T15:56:59.509-0600] {processor.py:830} INFO - Processing file /Users/crobles18/Downloads/fire_incidents_pipeline/airflow/venv/lib/python3.10/site-packages/airflow/example_dags/tutorial_dag.py for tasks to queue
[2025-05-09T15:56:59.509-0600] {logging_mixin.py:188} INFO - [2025-05-09T15:56:59.509-0600] {dagbag.py:538} INFO - Filling up the DagBag from /Users/crobles18/Downloads/fire_incidents_pipeline/airflow/venv/lib/python3.10/site-packages/airflow/example_dags/tutorial_dag.py
[2025-05-09T15:56:59.546-0600] {processor.py:840} INFO - DAG(s) 'tutorial_dag' retrieved from /Users/crobles18/Downloads/fire_incidents_pipeline/airflow/venv/lib/python3.10/site-packages/airflow/example_dags/tutorial_dag.py
[2025-05-09T15:56:59.628-0600] {logging_mixin.py:188} INFO - [2025-05-09T15:56:59.628-0600] {override.py:1769} INFO - Created Permission View: can edit on DAG:tutorial_dag
[2025-05-09T15:56:59.632-0600] {logging_mixin.py:188} INFO - [2025-05-09T15:56:59.632-0600] {override.py:1769} INFO - Created Permission View: can read on DAG:tutorial_dag
[2025-05-09T15:56:59.634-0600] {logging_mixin.py:188} INFO - [2025-05-09T15:56:59.634-0600] {override.py:1769} INFO - Created Permission View: can delete on DAG:tutorial_dag
[2025-05-09T15:56:59.635-0600] {logging_mixin.py:188} INFO - [2025-05-09T15:56:59.635-0600] {dag.py:3036} INFO - Sync 1 DAGs
[2025-05-09T15:56:59.639-0600] {logging_mixin.py:188} INFO - [2025-05-09T15:56:59.639-0600] {dag.py:3058} INFO - Creating ORM DAG for tutorial_dag
[2025-05-09T15:56:59.639-0600] {logging_mixin.py:188} INFO - [2025-05-09T15:56:59.639-0600] {dag.py:3823} INFO - Setting next_dagrun for tutorial_dag to None, run_after=None
[2025-05-09T15:56:59.652-0600] {processor.py:183} INFO - Processing /Users/crobles18/Downloads/fire_incidents_pipeline/airflow/venv/lib/python3.10/site-packages/airflow/example_dags/tutorial_dag.py took 0.144 seconds
[2025-05-09T15:58:27.660-0600] {processor.py:161} INFO - Started process (PID=54025) to work on /Users/crobles18/Downloads/fire_incidents_pipeline/airflow/venv/lib/python3.10/site-packages/airflow/example_dags/tutorial_dag.py
[2025-05-09T15:58:27.660-0600] {processor.py:830} INFO - Processing file /Users/crobles18/Downloads/fire_incidents_pipeline/airflow/venv/lib/python3.10/site-packages/airflow/example_dags/tutorial_dag.py for tasks to queue
[2025-05-09T15:58:27.660-0600] {logging_mixin.py:188} INFO - [2025-05-09T15:58:27.660-0600] {dagbag.py:538} INFO - Filling up the DagBag from /Users/crobles18/Downloads/fire_incidents_pipeline/airflow/venv/lib/python3.10/site-packages/airflow/example_dags/tutorial_dag.py
[2025-05-09T15:58:27.693-0600] {processor.py:840} INFO - DAG(s) 'tutorial_dag' retrieved from /Users/crobles18/Downloads/fire_incidents_pipeline/airflow/venv/lib/python3.10/site-packages/airflow/example_dags/tutorial_dag.py
[2025-05-09T15:58:27.733-0600] {logging_mixin.py:188} INFO - [2025-05-09T15:58:27.733-0600] {dag.py:3036} INFO - Sync 1 DAGs
[2025-05-09T15:58:27.737-0600] {logging_mixin.py:188} INFO - [2025-05-09T15:58:27.737-0600] {dag.py:3823} INFO - Setting next_dagrun for tutorial_dag to None, run_after=None
[2025-05-09T15:58:27.744-0600] {processor.py:183} INFO - Processing /Users/crobles18/Downloads/fire_incidents_pipeline/airflow/venv/lib/python3.10/site-packages/airflow/example_dags/tutorial_dag.py took 0.085 seconds
[2025-05-09T15:59:20.687-0600] {processor.py:161} INFO - Started process (PID=54269) to work on /Users/crobles18/Downloads/fire_incidents_pipeline/airflow/venv/lib/python3.10/site-packages/airflow/example_dags/tutorial_dag.py
[2025-05-09T15:59:20.687-0600] {processor.py:830} INFO - Processing file /Users/crobles18/Downloads/fire_incidents_pipeline/airflow/venv/lib/python3.10/site-packages/airflow/example_dags/tutorial_dag.py for tasks to queue
[2025-05-09T15:59:20.687-0600] {logging_mixin.py:188} INFO - [2025-05-09T15:59:20.687-0600] {dagbag.py:538} INFO - Filling up the DagBag from /Users/crobles18/Downloads/fire_incidents_pipeline/airflow/venv/lib/python3.10/site-packages/airflow/example_dags/tutorial_dag.py
[2025-05-09T15:59:20.718-0600] {processor.py:840} INFO - DAG(s) 'tutorial_dag' retrieved from /Users/crobles18/Downloads/fire_incidents_pipeline/airflow/venv/lib/python3.10/site-packages/airflow/example_dags/tutorial_dag.py
[2025-05-09T15:59:20.758-0600] {logging_mixin.py:188} INFO - [2025-05-09T15:59:20.758-0600] {dag.py:3036} INFO - Sync 1 DAGs
[2025-05-09T15:59:20.761-0600] {logging_mixin.py:188} INFO - [2025-05-09T15:59:20.761-0600] {dag.py:3823} INFO - Setting next_dagrun for tutorial_dag to None, run_after=None
[2025-05-09T15:59:20.768-0600] {processor.py:183} INFO - Processing /Users/crobles18/Downloads/fire_incidents_pipeline/airflow/venv/lib/python3.10/site-packages/airflow/example_dags/tutorial_dag.py took 0.082 seconds
[2025-05-09T16:00:37.296-0600] {processor.py:161} INFO - Started process (PID=54532) to work on /Users/crobles18/Downloads/fire_incidents_pipeline/airflow/venv/lib/python3.10/site-packages/airflow/example_dags/tutorial_dag.py
[2025-05-09T16:00:37.297-0600] {processor.py:830} INFO - Processing file /Users/crobles18/Downloads/fire_incidents_pipeline/airflow/venv/lib/python3.10/site-packages/airflow/example_dags/tutorial_dag.py for tasks to queue
[2025-05-09T16:00:37.298-0600] {logging_mixin.py:188} INFO - [2025-05-09T16:00:37.298-0600] {dagbag.py:538} INFO - Filling up the DagBag from /Users/crobles18/Downloads/fire_incidents_pipeline/airflow/venv/lib/python3.10/site-packages/airflow/example_dags/tutorial_dag.py
[2025-05-09T16:00:37.330-0600] {processor.py:840} INFO - DAG(s) 'tutorial_dag' retrieved from /Users/crobles18/Downloads/fire_incidents_pipeline/airflow/venv/lib/python3.10/site-packages/airflow/example_dags/tutorial_dag.py
[2025-05-09T16:00:37.368-0600] {logging_mixin.py:188} INFO - [2025-05-09T16:00:37.368-0600] {dag.py:3036} INFO - Sync 1 DAGs
[2025-05-09T16:00:37.371-0600] {logging_mixin.py:188} INFO - [2025-05-09T16:00:37.371-0600] {dag.py:3823} INFO - Setting next_dagrun for tutorial_dag to None, run_after=None
[2025-05-09T16:00:37.378-0600] {processor.py:183} INFO - Processing /Users/crobles18/Downloads/fire_incidents_pipeline/airflow/venv/lib/python3.10/site-packages/airflow/example_dags/tutorial_dag.py took 0.082 seconds
[2025-05-09T16:02:15.090-0600] {processor.py:161} INFO - Started process (PID=54657) to work on /Users/crobles18/Downloads/fire_incidents_pipeline/airflow/venv/lib/python3.10/site-packages/airflow/example_dags/tutorial_dag.py
[2025-05-09T16:02:15.091-0600] {processor.py:830} INFO - Processing file /Users/crobles18/Downloads/fire_incidents_pipeline/airflow/venv/lib/python3.10/site-packages/airflow/example_dags/tutorial_dag.py for tasks to queue
[2025-05-09T16:02:15.092-0600] {logging_mixin.py:188} INFO - [2025-05-09T16:02:15.092-0600] {dagbag.py:538} INFO - Filling up the DagBag from /Users/crobles18/Downloads/fire_incidents_pipeline/airflow/venv/lib/python3.10/site-packages/airflow/example_dags/tutorial_dag.py
[2025-05-09T16:02:15.121-0600] {processor.py:840} INFO - DAG(s) 'tutorial_dag' retrieved from /Users/crobles18/Downloads/fire_incidents_pipeline/airflow/venv/lib/python3.10/site-packages/airflow/example_dags/tutorial_dag.py
[2025-05-09T16:02:15.157-0600] {logging_mixin.py:188} INFO - [2025-05-09T16:02:15.156-0600] {dag.py:3036} INFO - Sync 1 DAGs
[2025-05-09T16:02:15.160-0600] {logging_mixin.py:188} INFO - [2025-05-09T16:02:15.160-0600] {dag.py:3823} INFO - Setting next_dagrun for tutorial_dag to None, run_after=None
[2025-05-09T16:02:15.167-0600] {processor.py:183} INFO - Processing /Users/crobles18/Downloads/fire_incidents_pipeline/airflow/venv/lib/python3.10/site-packages/airflow/example_dags/tutorial_dag.py took 0.077 seconds
