[2025-05-09T15:56:53.976-0600] {processor.py:161} INFO - Started process (PID=53842) to work on /Users/crobles18/Downloads/fire_incidents_pipeline/airflow/venv/lib/python3.10/site-packages/airflow/example_dags/tutorial_taskflow_api_virtualenv.py
[2025-05-09T15:56:53.977-0600] {processor.py:830} INFO - Processing file /Users/crobles18/Downloads/fire_incidents_pipeline/airflow/venv/lib/python3.10/site-packages/airflow/example_dags/tutorial_taskflow_api_virtualenv.py for tasks to queue
[2025-05-09T15:56:53.977-0600] {logging_mixin.py:188} INFO - [2025-05-09T15:56:53.977-0600] {dagbag.py:538} INFO - Filling up the DagBag from /Users/crobles18/Downloads/fire_incidents_pipeline/airflow/venv/lib/python3.10/site-packages/airflow/example_dags/tutorial_taskflow_api_virtualenv.py
[2025-05-09T15:56:54.019-0600] {processor.py:840} INFO - DAG(s) 'tutorial_taskflow_api_virtualenv' retrieved from /Users/crobles18/Downloads/fire_incidents_pipeline/airflow/venv/lib/python3.10/site-packages/airflow/example_dags/tutorial_taskflow_api_virtualenv.py
[2025-05-09T15:56:54.109-0600] {logging_mixin.py:188} INFO - [2025-05-09T15:56:54.109-0600] {override.py:1769} INFO - Created Permission View: can read on DAG:tutorial_taskflow_api_virtualenv
[2025-05-09T15:56:54.113-0600] {logging_mixin.py:188} INFO - [2025-05-09T15:56:54.113-0600] {override.py:1769} INFO - Created Permission View: can delete on DAG:tutorial_taskflow_api_virtualenv
[2025-05-09T15:56:54.115-0600] {logging_mixin.py:188} INFO - [2025-05-09T15:56:54.115-0600] {override.py:1769} INFO - Created Permission View: can edit on DAG:tutorial_taskflow_api_virtualenv
[2025-05-09T15:56:54.115-0600] {logging_mixin.py:188} INFO - [2025-05-09T15:56:54.115-0600] {dag.py:3036} INFO - Sync 1 DAGs
[2025-05-09T15:56:54.119-0600] {logging_mixin.py:188} INFO - [2025-05-09T15:56:54.119-0600] {dag.py:3058} INFO - Creating ORM DAG for tutorial_taskflow_api_virtualenv
[2025-05-09T15:56:54.119-0600] {logging_mixin.py:188} INFO - [2025-05-09T15:56:54.119-0600] {dag.py:3823} INFO - Setting next_dagrun for tutorial_taskflow_api_virtualenv to None, run_after=None
[2025-05-09T15:56:54.126-0600] {processor.py:183} INFO - Processing /Users/crobles18/Downloads/fire_incidents_pipeline/airflow/venv/lib/python3.10/site-packages/airflow/example_dags/tutorial_taskflow_api_virtualenv.py took 0.150 seconds
[2025-05-09T15:58:22.046-0600] {processor.py:161} INFO - Started process (PID=54012) to work on /Users/crobles18/Downloads/fire_incidents_pipeline/airflow/venv/lib/python3.10/site-packages/airflow/example_dags/tutorial_taskflow_api_virtualenv.py
[2025-05-09T15:58:22.047-0600] {processor.py:830} INFO - Processing file /Users/crobles18/Downloads/fire_incidents_pipeline/airflow/venv/lib/python3.10/site-packages/airflow/example_dags/tutorial_taskflow_api_virtualenv.py for tasks to queue
[2025-05-09T15:58:22.047-0600] {logging_mixin.py:188} INFO - [2025-05-09T15:58:22.047-0600] {dagbag.py:538} INFO - Filling up the DagBag from /Users/crobles18/Downloads/fire_incidents_pipeline/airflow/venv/lib/python3.10/site-packages/airflow/example_dags/tutorial_taskflow_api_virtualenv.py
[2025-05-09T15:58:22.088-0600] {processor.py:840} INFO - DAG(s) 'tutorial_taskflow_api_virtualenv' retrieved from /Users/crobles18/Downloads/fire_incidents_pipeline/airflow/venv/lib/python3.10/site-packages/airflow/example_dags/tutorial_taskflow_api_virtualenv.py
[2025-05-09T15:58:22.164-0600] {logging_mixin.py:188} INFO - [2025-05-09T15:58:22.164-0600] {dag.py:3036} INFO - Sync 1 DAGs
[2025-05-09T15:58:22.167-0600] {logging_mixin.py:188} INFO - [2025-05-09T15:58:22.167-0600] {dag.py:3823} INFO - Setting next_dagrun for tutorial_taskflow_api_virtualenv to None, run_after=None
[2025-05-09T15:58:22.176-0600] {processor.py:183} INFO - Processing /Users/crobles18/Downloads/fire_incidents_pipeline/airflow/venv/lib/python3.10/site-packages/airflow/example_dags/tutorial_taskflow_api_virtualenv.py took 0.130 seconds
[2025-05-09T15:59:16.588-0600] {processor.py:161} INFO - Started process (PID=54264) to work on /Users/crobles18/Downloads/fire_incidents_pipeline/airflow/venv/lib/python3.10/site-packages/airflow/example_dags/tutorial_taskflow_api_virtualenv.py
[2025-05-09T15:59:16.588-0600] {processor.py:830} INFO - Processing file /Users/crobles18/Downloads/fire_incidents_pipeline/airflow/venv/lib/python3.10/site-packages/airflow/example_dags/tutorial_taskflow_api_virtualenv.py for tasks to queue
[2025-05-09T15:59:16.589-0600] {logging_mixin.py:188} INFO - [2025-05-09T15:59:16.588-0600] {dagbag.py:538} INFO - Filling up the DagBag from /Users/crobles18/Downloads/fire_incidents_pipeline/airflow/venv/lib/python3.10/site-packages/airflow/example_dags/tutorial_taskflow_api_virtualenv.py
[2025-05-09T15:59:16.629-0600] {processor.py:840} INFO - DAG(s) 'tutorial_taskflow_api_virtualenv' retrieved from /Users/crobles18/Downloads/fire_incidents_pipeline/airflow/venv/lib/python3.10/site-packages/airflow/example_dags/tutorial_taskflow_api_virtualenv.py
[2025-05-09T15:59:16.710-0600] {logging_mixin.py:188} INFO - [2025-05-09T15:59:16.710-0600] {dag.py:3036} INFO - Sync 1 DAGs
[2025-05-09T15:59:16.714-0600] {logging_mixin.py:188} INFO - [2025-05-09T15:59:16.714-0600] {dag.py:3823} INFO - Setting next_dagrun for tutorial_taskflow_api_virtualenv to None, run_after=None
[2025-05-09T15:59:16.721-0600] {processor.py:183} INFO - Processing /Users/crobles18/Downloads/fire_incidents_pipeline/airflow/venv/lib/python3.10/site-packages/airflow/example_dags/tutorial_taskflow_api_virtualenv.py took 0.134 seconds
[2025-05-09T16:00:32.304-0600] {processor.py:161} INFO - Started process (PID=54521) to work on /Users/crobles18/Downloads/fire_incidents_pipeline/airflow/venv/lib/python3.10/site-packages/airflow/example_dags/tutorial_taskflow_api_virtualenv.py
[2025-05-09T16:00:32.305-0600] {processor.py:830} INFO - Processing file /Users/crobles18/Downloads/fire_incidents_pipeline/airflow/venv/lib/python3.10/site-packages/airflow/example_dags/tutorial_taskflow_api_virtualenv.py for tasks to queue
[2025-05-09T16:00:32.305-0600] {logging_mixin.py:188} INFO - [2025-05-09T16:00:32.305-0600] {dagbag.py:538} INFO - Filling up the DagBag from /Users/crobles18/Downloads/fire_incidents_pipeline/airflow/venv/lib/python3.10/site-packages/airflow/example_dags/tutorial_taskflow_api_virtualenv.py
[2025-05-09T16:00:32.340-0600] {processor.py:840} INFO - DAG(s) 'tutorial_taskflow_api_virtualenv' retrieved from /Users/crobles18/Downloads/fire_incidents_pipeline/airflow/venv/lib/python3.10/site-packages/airflow/example_dags/tutorial_taskflow_api_virtualenv.py
[2025-05-09T16:00:32.420-0600] {logging_mixin.py:188} INFO - [2025-05-09T16:00:32.420-0600] {dag.py:3036} INFO - Sync 1 DAGs
[2025-05-09T16:00:32.424-0600] {logging_mixin.py:188} INFO - [2025-05-09T16:00:32.424-0600] {dag.py:3823} INFO - Setting next_dagrun for tutorial_taskflow_api_virtualenv to None, run_after=None
[2025-05-09T16:00:32.430-0600] {processor.py:183} INFO - Processing /Users/crobles18/Downloads/fire_incidents_pipeline/airflow/venv/lib/python3.10/site-packages/airflow/example_dags/tutorial_taskflow_api_virtualenv.py took 0.126 seconds
[2025-05-09T16:02:09.599-0600] {processor.py:161} INFO - Started process (PID=54650) to work on /Users/crobles18/Downloads/fire_incidents_pipeline/airflow/venv/lib/python3.10/site-packages/airflow/example_dags/tutorial_taskflow_api_virtualenv.py
[2025-05-09T16:02:09.600-0600] {processor.py:830} INFO - Processing file /Users/crobles18/Downloads/fire_incidents_pipeline/airflow/venv/lib/python3.10/site-packages/airflow/example_dags/tutorial_taskflow_api_virtualenv.py for tasks to queue
[2025-05-09T16:02:09.600-0600] {logging_mixin.py:188} INFO - [2025-05-09T16:02:09.600-0600] {dagbag.py:538} INFO - Filling up the DagBag from /Users/crobles18/Downloads/fire_incidents_pipeline/airflow/venv/lib/python3.10/site-packages/airflow/example_dags/tutorial_taskflow_api_virtualenv.py
[2025-05-09T16:02:09.637-0600] {processor.py:840} INFO - DAG(s) 'tutorial_taskflow_api_virtualenv' retrieved from /Users/crobles18/Downloads/fire_incidents_pipeline/airflow/venv/lib/python3.10/site-packages/airflow/example_dags/tutorial_taskflow_api_virtualenv.py
[2025-05-09T16:02:09.720-0600] {logging_mixin.py:188} INFO - [2025-05-09T16:02:09.720-0600] {dag.py:3036} INFO - Sync 1 DAGs
[2025-05-09T16:02:09.723-0600] {logging_mixin.py:188} INFO - [2025-05-09T16:02:09.723-0600] {dag.py:3823} INFO - Setting next_dagrun for tutorial_taskflow_api_virtualenv to None, run_after=None
[2025-05-09T16:02:09.732-0600] {processor.py:183} INFO - Processing /Users/crobles18/Downloads/fire_incidents_pipeline/airflow/venv/lib/python3.10/site-packages/airflow/example_dags/tutorial_taskflow_api_virtualenv.py took 0.134 seconds
