[2025-05-09T15:56:55.124-0600] {processor.py:161} INFO - Started process (PID=53843) to work on /Users/crobles18/Downloads/fire_incidents_pipeline/airflow/venv/lib/python3.10/site-packages/airflow/example_dags/tutorial_taskflow_api.py
[2025-05-09T15:56:55.124-0600] {processor.py:830} INFO - Processing file /Users/crobles18/Downloads/fire_incidents_pipeline/airflow/venv/lib/python3.10/site-packages/airflow/example_dags/tutorial_taskflow_api.py for tasks to queue
[2025-05-09T15:56:55.124-0600] {logging_mixin.py:188} INFO - [2025-05-09T15:56:55.124-0600] {dagbag.py:538} INFO - Filling up the DagBag from /Users/crobles18/Downloads/fire_incidents_pipeline/airflow/venv/lib/python3.10/site-packages/airflow/example_dags/tutorial_taskflow_api.py
[2025-05-09T15:56:55.158-0600] {processor.py:840} INFO - DAG(s) 'tutorial_taskflow_api' retrieved from /Users/crobles18/Downloads/fire_incidents_pipeline/airflow/venv/lib/python3.10/site-packages/airflow/example_dags/tutorial_taskflow_api.py
[2025-05-09T15:56:55.228-0600] {logging_mixin.py:188} INFO - [2025-05-09T15:56:55.228-0600] {override.py:1769} INFO - Created Permission View: can delete on DAG:tutorial_taskflow_api
[2025-05-09T15:56:55.231-0600] {logging_mixin.py:188} INFO - [2025-05-09T15:56:55.231-0600] {override.py:1769} INFO - Created Permission View: can read on DAG:tutorial_taskflow_api
[2025-05-09T15:56:55.233-0600] {logging_mixin.py:188} INFO - [2025-05-09T15:56:55.233-0600] {override.py:1769} INFO - Created Permission View: can edit on DAG:tutorial_taskflow_api
[2025-05-09T15:56:55.234-0600] {logging_mixin.py:188} INFO - [2025-05-09T15:56:55.233-0600] {dag.py:3036} INFO - Sync 1 DAGs
[2025-05-09T15:56:55.237-0600] {logging_mixin.py:188} INFO - [2025-05-09T15:56:55.237-0600] {dag.py:3058} INFO - Creating ORM DAG for tutorial_taskflow_api
[2025-05-09T15:56:55.237-0600] {logging_mixin.py:188} INFO - [2025-05-09T15:56:55.237-0600] {dag.py:3823} INFO - Setting next_dagrun for tutorial_taskflow_api to None, run_after=None
[2025-05-09T15:56:55.243-0600] {processor.py:183} INFO - Processing /Users/crobles18/Downloads/fire_incidents_pipeline/airflow/venv/lib/python3.10/site-packages/airflow/example_dags/tutorial_taskflow_api.py took 0.119 seconds
[2025-05-09T15:58:23.977-0600] {processor.py:161} INFO - Started process (PID=54018) to work on /Users/crobles18/Downloads/fire_incidents_pipeline/airflow/venv/lib/python3.10/site-packages/airflow/example_dags/tutorial_taskflow_api.py
[2025-05-09T15:58:23.977-0600] {processor.py:830} INFO - Processing file /Users/crobles18/Downloads/fire_incidents_pipeline/airflow/venv/lib/python3.10/site-packages/airflow/example_dags/tutorial_taskflow_api.py for tasks to queue
[2025-05-09T15:58:23.978-0600] {logging_mixin.py:188} INFO - [2025-05-09T15:58:23.978-0600] {dagbag.py:538} INFO - Filling up the DagBag from /Users/crobles18/Downloads/fire_incidents_pipeline/airflow/venv/lib/python3.10/site-packages/airflow/example_dags/tutorial_taskflow_api.py
[2025-05-09T15:58:24.014-0600] {processor.py:840} INFO - DAG(s) 'tutorial_taskflow_api' retrieved from /Users/crobles18/Downloads/fire_incidents_pipeline/airflow/venv/lib/python3.10/site-packages/airflow/example_dags/tutorial_taskflow_api.py
[2025-05-09T15:58:24.054-0600] {logging_mixin.py:188} INFO - [2025-05-09T15:58:24.054-0600] {dag.py:3036} INFO - Sync 1 DAGs
[2025-05-09T15:58:24.060-0600] {logging_mixin.py:188} INFO - [2025-05-09T15:58:24.060-0600] {dag.py:3823} INFO - Setting next_dagrun for tutorial_taskflow_api to None, run_after=None
[2025-05-09T15:58:24.068-0600] {processor.py:183} INFO - Processing /Users/crobles18/Downloads/fire_incidents_pipeline/airflow/venv/lib/python3.10/site-packages/airflow/example_dags/tutorial_taskflow_api.py took 0.092 seconds
[2025-05-09T15:59:17.783-0600] {processor.py:161} INFO - Started process (PID=54265) to work on /Users/crobles18/Downloads/fire_incidents_pipeline/airflow/venv/lib/python3.10/site-packages/airflow/example_dags/tutorial_taskflow_api.py
[2025-05-09T15:59:17.784-0600] {processor.py:830} INFO - Processing file /Users/crobles18/Downloads/fire_incidents_pipeline/airflow/venv/lib/python3.10/site-packages/airflow/example_dags/tutorial_taskflow_api.py for tasks to queue
[2025-05-09T15:59:17.784-0600] {logging_mixin.py:188} INFO - [2025-05-09T15:59:17.784-0600] {dagbag.py:538} INFO - Filling up the DagBag from /Users/crobles18/Downloads/fire_incidents_pipeline/airflow/venv/lib/python3.10/site-packages/airflow/example_dags/tutorial_taskflow_api.py
[2025-05-09T15:59:17.823-0600] {processor.py:840} INFO - DAG(s) 'tutorial_taskflow_api' retrieved from /Users/crobles18/Downloads/fire_incidents_pipeline/airflow/venv/lib/python3.10/site-packages/airflow/example_dags/tutorial_taskflow_api.py
[2025-05-09T15:59:17.859-0600] {logging_mixin.py:188} INFO - [2025-05-09T15:59:17.859-0600] {dag.py:3036} INFO - Sync 1 DAGs
[2025-05-09T15:59:17.863-0600] {logging_mixin.py:188} INFO - [2025-05-09T15:59:17.863-0600] {dag.py:3823} INFO - Setting next_dagrun for tutorial_taskflow_api to None, run_after=None
[2025-05-09T15:59:17.870-0600] {processor.py:183} INFO - Processing /Users/crobles18/Downloads/fire_incidents_pipeline/airflow/venv/lib/python3.10/site-packages/airflow/example_dags/tutorial_taskflow_api.py took 0.087 seconds
[2025-05-09T16:00:34.297-0600] {processor.py:161} INFO - Started process (PID=54523) to work on /Users/crobles18/Downloads/fire_incidents_pipeline/airflow/venv/lib/python3.10/site-packages/airflow/example_dags/tutorial_taskflow_api.py
[2025-05-09T16:00:34.298-0600] {processor.py:830} INFO - Processing file /Users/crobles18/Downloads/fire_incidents_pipeline/airflow/venv/lib/python3.10/site-packages/airflow/example_dags/tutorial_taskflow_api.py for tasks to queue
[2025-05-09T16:00:34.298-0600] {logging_mixin.py:188} INFO - [2025-05-09T16:00:34.298-0600] {dagbag.py:538} INFO - Filling up the DagBag from /Users/crobles18/Downloads/fire_incidents_pipeline/airflow/venv/lib/python3.10/site-packages/airflow/example_dags/tutorial_taskflow_api.py
[2025-05-09T16:00:34.357-0600] {processor.py:840} INFO - DAG(s) 'tutorial_taskflow_api' retrieved from /Users/crobles18/Downloads/fire_incidents_pipeline/airflow/venv/lib/python3.10/site-packages/airflow/example_dags/tutorial_taskflow_api.py
[2025-05-09T16:00:34.410-0600] {logging_mixin.py:188} INFO - [2025-05-09T16:00:34.410-0600] {dag.py:3036} INFO - Sync 1 DAGs
[2025-05-09T16:00:34.414-0600] {logging_mixin.py:188} INFO - [2025-05-09T16:00:34.414-0600] {dag.py:3823} INFO - Setting next_dagrun for tutorial_taskflow_api to None, run_after=None
[2025-05-09T16:00:34.425-0600] {processor.py:183} INFO - Processing /Users/crobles18/Downloads/fire_incidents_pipeline/airflow/venv/lib/python3.10/site-packages/airflow/example_dags/tutorial_taskflow_api.py took 0.129 seconds
[2025-05-09T16:02:11.483-0600] {processor.py:161} INFO - Started process (PID=54653) to work on /Users/crobles18/Downloads/fire_incidents_pipeline/airflow/venv/lib/python3.10/site-packages/airflow/example_dags/tutorial_taskflow_api.py
[2025-05-09T16:02:11.483-0600] {processor.py:830} INFO - Processing file /Users/crobles18/Downloads/fire_incidents_pipeline/airflow/venv/lib/python3.10/site-packages/airflow/example_dags/tutorial_taskflow_api.py for tasks to queue
[2025-05-09T16:02:11.484-0600] {logging_mixin.py:188} INFO - [2025-05-09T16:02:11.484-0600] {dagbag.py:538} INFO - Filling up the DagBag from /Users/crobles18/Downloads/fire_incidents_pipeline/airflow/venv/lib/python3.10/site-packages/airflow/example_dags/tutorial_taskflow_api.py
[2025-05-09T16:02:11.518-0600] {processor.py:840} INFO - DAG(s) 'tutorial_taskflow_api' retrieved from /Users/crobles18/Downloads/fire_incidents_pipeline/airflow/venv/lib/python3.10/site-packages/airflow/example_dags/tutorial_taskflow_api.py
[2025-05-09T16:02:11.554-0600] {logging_mixin.py:188} INFO - [2025-05-09T16:02:11.554-0600] {dag.py:3036} INFO - Sync 1 DAGs
[2025-05-09T16:02:11.558-0600] {logging_mixin.py:188} INFO - [2025-05-09T16:02:11.558-0600] {dag.py:3823} INFO - Setting next_dagrun for tutorial_taskflow_api to None, run_after=None
[2025-05-09T16:02:11.565-0600] {processor.py:183} INFO - Processing /Users/crobles18/Downloads/fire_incidents_pipeline/airflow/venv/lib/python3.10/site-packages/airflow/example_dags/tutorial_taskflow_api.py took 0.082 seconds
