[2025-05-09T15:56:57.199-0600] {processor.py:161} INFO - Started process (PID=53848) to work on /Users/crobles18/Downloads/fire_incidents_pipeline/airflow/venv/lib/python3.10/site-packages/airflow/example_dags/tutorial_objectstorage.py
[2025-05-09T15:56:57.199-0600] {processor.py:830} INFO - Processing file /Users/crobles18/Downloads/fire_incidents_pipeline/airflow/venv/lib/python3.10/site-packages/airflow/example_dags/tutorial_objectstorage.py for tasks to queue
[2025-05-09T15:56:57.199-0600] {logging_mixin.py:188} INFO - [2025-05-09T15:56:57.199-0600] {dagbag.py:538} INFO - Filling up the DagBag from /Users/crobles18/Downloads/fire_incidents_pipeline/airflow/venv/lib/python3.10/site-packages/airflow/example_dags/tutorial_objectstorage.py
[2025-05-09T15:56:57.281-0600] {processor.py:840} INFO - DAG(s) 'tutorial_objectstorage' retrieved from /Users/crobles18/Downloads/fire_incidents_pipeline/airflow/venv/lib/python3.10/site-packages/airflow/example_dags/tutorial_objectstorage.py
[2025-05-09T15:56:57.389-0600] {logging_mixin.py:188} INFO - [2025-05-09T15:56:57.389-0600] {override.py:1769} INFO - Created Permission View: can delete on DAG:tutorial_objectstorage
[2025-05-09T15:56:57.396-0600] {logging_mixin.py:188} INFO - [2025-05-09T15:56:57.396-0600] {override.py:1769} INFO - Created Permission View: can edit on DAG:tutorial_objectstorage
[2025-05-09T15:56:57.403-0600] {logging_mixin.py:188} INFO - [2025-05-09T15:56:57.403-0600] {override.py:1769} INFO - Created Permission View: can read on DAG:tutorial_objectstorage
[2025-05-09T15:56:57.403-0600] {logging_mixin.py:188} INFO - [2025-05-09T15:56:57.403-0600] {dag.py:3036} INFO - Sync 1 DAGs
[2025-05-09T15:56:57.468-0600] {logging_mixin.py:188} INFO - [2025-05-09T15:56:57.468-0600] {dag.py:3058} INFO - Creating ORM DAG for tutorial_objectstorage
[2025-05-09T15:56:57.468-0600] {logging_mixin.py:188} INFO - [2025-05-09T15:56:57.468-0600] {dag.py:3823} INFO - Setting next_dagrun for tutorial_objectstorage to None, run_after=None
[2025-05-09T15:56:57.475-0600] {processor.py:183} INFO - Processing /Users/crobles18/Downloads/fire_incidents_pipeline/airflow/venv/lib/python3.10/site-packages/airflow/example_dags/tutorial_objectstorage.py took 0.277 seconds
[2025-05-09T15:58:25.810-0600] {processor.py:161} INFO - Started process (PID=54020) to work on /Users/crobles18/Downloads/fire_incidents_pipeline/airflow/venv/lib/python3.10/site-packages/airflow/example_dags/tutorial_objectstorage.py
[2025-05-09T15:58:25.811-0600] {processor.py:830} INFO - Processing file /Users/crobles18/Downloads/fire_incidents_pipeline/airflow/venv/lib/python3.10/site-packages/airflow/example_dags/tutorial_objectstorage.py for tasks to queue
[2025-05-09T15:58:25.811-0600] {logging_mixin.py:188} INFO - [2025-05-09T15:58:25.811-0600] {dagbag.py:538} INFO - Filling up the DagBag from /Users/crobles18/Downloads/fire_incidents_pipeline/airflow/venv/lib/python3.10/site-packages/airflow/example_dags/tutorial_objectstorage.py
[2025-05-09T15:58:25.866-0600] {processor.py:840} INFO - DAG(s) 'tutorial_objectstorage' retrieved from /Users/crobles18/Downloads/fire_incidents_pipeline/airflow/venv/lib/python3.10/site-packages/airflow/example_dags/tutorial_objectstorage.py
[2025-05-09T15:58:25.903-0600] {logging_mixin.py:188} INFO - [2025-05-09T15:58:25.903-0600] {dag.py:3036} INFO - Sync 1 DAGs
[2025-05-09T15:58:25.907-0600] {logging_mixin.py:188} INFO - [2025-05-09T15:58:25.907-0600] {dag.py:3823} INFO - Setting next_dagrun for tutorial_objectstorage to None, run_after=None
[2025-05-09T15:58:25.913-0600] {processor.py:183} INFO - Processing /Users/crobles18/Downloads/fire_incidents_pipeline/airflow/venv/lib/python3.10/site-packages/airflow/example_dags/tutorial_objectstorage.py took 0.104 seconds
[2025-05-09T15:59:18.816-0600] {processor.py:161} INFO - Started process (PID=54266) to work on /Users/crobles18/Downloads/fire_incidents_pipeline/airflow/venv/lib/python3.10/site-packages/airflow/example_dags/tutorial_objectstorage.py
[2025-05-09T15:59:18.817-0600] {processor.py:830} INFO - Processing file /Users/crobles18/Downloads/fire_incidents_pipeline/airflow/venv/lib/python3.10/site-packages/airflow/example_dags/tutorial_objectstorage.py for tasks to queue
[2025-05-09T15:59:18.817-0600] {logging_mixin.py:188} INFO - [2025-05-09T15:59:18.817-0600] {dagbag.py:538} INFO - Filling up the DagBag from /Users/crobles18/Downloads/fire_incidents_pipeline/airflow/venv/lib/python3.10/site-packages/airflow/example_dags/tutorial_objectstorage.py
[2025-05-09T15:59:18.871-0600] {processor.py:840} INFO - DAG(s) 'tutorial_objectstorage' retrieved from /Users/crobles18/Downloads/fire_incidents_pipeline/airflow/venv/lib/python3.10/site-packages/airflow/example_dags/tutorial_objectstorage.py
[2025-05-09T15:59:18.910-0600] {logging_mixin.py:188} INFO - [2025-05-09T15:59:18.910-0600] {dag.py:3036} INFO - Sync 1 DAGs
[2025-05-09T15:59:18.914-0600] {logging_mixin.py:188} INFO - [2025-05-09T15:59:18.914-0600] {dag.py:3823} INFO - Setting next_dagrun for tutorial_objectstorage to None, run_after=None
[2025-05-09T15:59:18.921-0600] {processor.py:183} INFO - Processing /Users/crobles18/Downloads/fire_incidents_pipeline/airflow/venv/lib/python3.10/site-packages/airflow/example_dags/tutorial_objectstorage.py took 0.105 seconds
[2025-05-09T16:00:36.206-0600] {processor.py:161} INFO - Started process (PID=54529) to work on /Users/crobles18/Downloads/fire_incidents_pipeline/airflow/venv/lib/python3.10/site-packages/airflow/example_dags/tutorial_objectstorage.py
[2025-05-09T16:00:36.206-0600] {processor.py:830} INFO - Processing file /Users/crobles18/Downloads/fire_incidents_pipeline/airflow/venv/lib/python3.10/site-packages/airflow/example_dags/tutorial_objectstorage.py for tasks to queue
[2025-05-09T16:00:36.207-0600] {logging_mixin.py:188} INFO - [2025-05-09T16:00:36.206-0600] {dagbag.py:538} INFO - Filling up the DagBag from /Users/crobles18/Downloads/fire_incidents_pipeline/airflow/venv/lib/python3.10/site-packages/airflow/example_dags/tutorial_objectstorage.py
[2025-05-09T16:00:36.256-0600] {processor.py:840} INFO - DAG(s) 'tutorial_objectstorage' retrieved from /Users/crobles18/Downloads/fire_incidents_pipeline/airflow/venv/lib/python3.10/site-packages/airflow/example_dags/tutorial_objectstorage.py
[2025-05-09T16:00:36.294-0600] {logging_mixin.py:188} INFO - [2025-05-09T16:00:36.294-0600] {dag.py:3036} INFO - Sync 1 DAGs
[2025-05-09T16:00:36.297-0600] {logging_mixin.py:188} INFO - [2025-05-09T16:00:36.297-0600] {dag.py:3823} INFO - Setting next_dagrun for tutorial_objectstorage to None, run_after=None
[2025-05-09T16:00:36.304-0600] {processor.py:183} INFO - Processing /Users/crobles18/Downloads/fire_incidents_pipeline/airflow/venv/lib/python3.10/site-packages/airflow/example_dags/tutorial_objectstorage.py took 0.099 seconds
[2025-05-09T16:02:13.268-0600] {processor.py:161} INFO - Started process (PID=54654) to work on /Users/crobles18/Downloads/fire_incidents_pipeline/airflow/venv/lib/python3.10/site-packages/airflow/example_dags/tutorial_objectstorage.py
[2025-05-09T16:02:13.269-0600] {processor.py:830} INFO - Processing file /Users/crobles18/Downloads/fire_incidents_pipeline/airflow/venv/lib/python3.10/site-packages/airflow/example_dags/tutorial_objectstorage.py for tasks to queue
[2025-05-09T16:02:13.270-0600] {logging_mixin.py:188} INFO - [2025-05-09T16:02:13.270-0600] {dagbag.py:538} INFO - Filling up the DagBag from /Users/crobles18/Downloads/fire_incidents_pipeline/airflow/venv/lib/python3.10/site-packages/airflow/example_dags/tutorial_objectstorage.py
[2025-05-09T16:02:13.321-0600] {processor.py:840} INFO - DAG(s) 'tutorial_objectstorage' retrieved from /Users/crobles18/Downloads/fire_incidents_pipeline/airflow/venv/lib/python3.10/site-packages/airflow/example_dags/tutorial_objectstorage.py
[2025-05-09T16:02:13.357-0600] {logging_mixin.py:188} INFO - [2025-05-09T16:02:13.357-0600] {dag.py:3036} INFO - Sync 1 DAGs
[2025-05-09T16:02:13.360-0600] {logging_mixin.py:188} INFO - [2025-05-09T16:02:13.360-0600] {dag.py:3823} INFO - Setting next_dagrun for tutorial_objectstorage to None, run_after=None
[2025-05-09T16:02:13.367-0600] {processor.py:183} INFO - Processing /Users/crobles18/Downloads/fire_incidents_pipeline/airflow/venv/lib/python3.10/site-packages/airflow/example_dags/tutorial_objectstorage.py took 0.099 seconds
