[2025-05-09T15:57:01.040-0600] {processor.py:161} INFO - Started process (PID=53852) to work on /Users/crobles18/Downloads/fire_incidents_pipeline/airflow/venv/lib/python3.10/site-packages/airflow/example_dags/tutorial.py
[2025-05-09T15:57:01.041-0600] {processor.py:830} INFO - Processing file /Users/crobles18/Downloads/fire_incidents_pipeline/airflow/venv/lib/python3.10/site-packages/airflow/example_dags/tutorial.py for tasks to queue
[2025-05-09T15:57:01.041-0600] {logging_mixin.py:188} INFO - [2025-05-09T15:57:01.041-0600] {dagbag.py:538} INFO - Filling up the DagBag from /Users/crobles18/Downloads/fire_incidents_pipeline/airflow/venv/lib/python3.10/site-packages/airflow/example_dags/tutorial.py
[2025-05-09T15:57:01.067-0600] {processor.py:840} INFO - DAG(s) 'tutorial' retrieved from /Users/crobles18/Downloads/fire_incidents_pipeline/airflow/venv/lib/python3.10/site-packages/airflow/example_dags/tutorial.py
[2025-05-09T15:57:01.140-0600] {logging_mixin.py:188} INFO - [2025-05-09T15:57:01.140-0600] {override.py:1769} INFO - Created Permission View: can read on DAG:tutorial
[2025-05-09T15:57:01.144-0600] {logging_mixin.py:188} INFO - [2025-05-09T15:57:01.144-0600] {override.py:1769} INFO - Created Permission View: can edit on DAG:tutorial
[2025-05-09T15:57:01.146-0600] {logging_mixin.py:188} INFO - [2025-05-09T15:57:01.146-0600] {override.py:1769} INFO - Created Permission View: can delete on DAG:tutorial
[2025-05-09T15:57:01.146-0600] {logging_mixin.py:188} INFO - [2025-05-09T15:57:01.146-0600] {dag.py:3036} INFO - Sync 1 DAGs
[2025-05-09T15:57:01.150-0600] {logging_mixin.py:188} INFO - [2025-05-09T15:57:01.150-0600] {dag.py:3058} INFO - Creating ORM DAG for tutorial
[2025-05-09T15:57:01.153-0600] {logging_mixin.py:188} INFO - [2025-05-09T15:57:01.153-0600] {dag.py:3823} INFO - Setting next_dagrun for tutorial to 2025-05-08 00:00:00+00:00, run_after=2025-05-09 00:00:00+00:00
[2025-05-09T15:57:01.159-0600] {processor.py:183} INFO - Processing /Users/crobles18/Downloads/fire_incidents_pipeline/airflow/venv/lib/python3.10/site-packages/airflow/example_dags/tutorial.py took 0.119 seconds
[2025-05-09T15:58:29.533-0600] {processor.py:161} INFO - Started process (PID=54029) to work on /Users/crobles18/Downloads/fire_incidents_pipeline/airflow/venv/lib/python3.10/site-packages/airflow/example_dags/tutorial.py
[2025-05-09T15:58:29.534-0600] {processor.py:830} INFO - Processing file /Users/crobles18/Downloads/fire_incidents_pipeline/airflow/venv/lib/python3.10/site-packages/airflow/example_dags/tutorial.py for tasks to queue
[2025-05-09T15:58:29.534-0600] {logging_mixin.py:188} INFO - [2025-05-09T15:58:29.534-0600] {dagbag.py:538} INFO - Filling up the DagBag from /Users/crobles18/Downloads/fire_incidents_pipeline/airflow/venv/lib/python3.10/site-packages/airflow/example_dags/tutorial.py
[2025-05-09T15:58:29.562-0600] {processor.py:840} INFO - DAG(s) 'tutorial' retrieved from /Users/crobles18/Downloads/fire_incidents_pipeline/airflow/venv/lib/python3.10/site-packages/airflow/example_dags/tutorial.py
[2025-05-09T15:58:29.637-0600] {logging_mixin.py:188} INFO - [2025-05-09T15:58:29.637-0600] {dag.py:3036} INFO - Sync 1 DAGs
[2025-05-09T15:58:29.645-0600] {logging_mixin.py:188} INFO - [2025-05-09T15:58:29.645-0600] {dag.py:3823} INFO - Setting next_dagrun for tutorial to 2025-05-08 00:00:00+00:00, run_after=2025-05-09 00:00:00+00:00
[2025-05-09T15:58:29.658-0600] {processor.py:183} INFO - Processing /Users/crobles18/Downloads/fire_incidents_pipeline/airflow/venv/lib/python3.10/site-packages/airflow/example_dags/tutorial.py took 0.125 seconds
[2025-05-09T15:59:22.544-0600] {processor.py:161} INFO - Started process (PID=54270) to work on /Users/crobles18/Downloads/fire_incidents_pipeline/airflow/venv/lib/python3.10/site-packages/airflow/example_dags/tutorial.py
[2025-05-09T15:59:22.544-0600] {processor.py:830} INFO - Processing file /Users/crobles18/Downloads/fire_incidents_pipeline/airflow/venv/lib/python3.10/site-packages/airflow/example_dags/tutorial.py for tasks to queue
[2025-05-09T15:59:22.545-0600] {logging_mixin.py:188} INFO - [2025-05-09T15:59:22.544-0600] {dagbag.py:538} INFO - Filling up the DagBag from /Users/crobles18/Downloads/fire_incidents_pipeline/airflow/venv/lib/python3.10/site-packages/airflow/example_dags/tutorial.py
[2025-05-09T15:59:22.569-0600] {processor.py:840} INFO - DAG(s) 'tutorial' retrieved from /Users/crobles18/Downloads/fire_incidents_pipeline/airflow/venv/lib/python3.10/site-packages/airflow/example_dags/tutorial.py
[2025-05-09T15:59:22.609-0600] {logging_mixin.py:188} INFO - [2025-05-09T15:59:22.609-0600] {dag.py:3036} INFO - Sync 1 DAGs
[2025-05-09T15:59:22.618-0600] {logging_mixin.py:188} INFO - [2025-05-09T15:59:22.618-0600] {dag.py:3823} INFO - Setting next_dagrun for tutorial to 2025-05-08 00:00:00+00:00, run_after=2025-05-09 00:00:00+00:00
[2025-05-09T15:59:22.625-0600] {processor.py:183} INFO - Processing /Users/crobles18/Downloads/fire_incidents_pipeline/airflow/venv/lib/python3.10/site-packages/airflow/example_dags/tutorial.py took 0.082 seconds
[2025-05-09T16:00:38.204-0600] {processor.py:161} INFO - Started process (PID=54534) to work on /Users/crobles18/Downloads/fire_incidents_pipeline/airflow/venv/lib/python3.10/site-packages/airflow/example_dags/tutorial.py
[2025-05-09T16:00:38.205-0600] {processor.py:830} INFO - Processing file /Users/crobles18/Downloads/fire_incidents_pipeline/airflow/venv/lib/python3.10/site-packages/airflow/example_dags/tutorial.py for tasks to queue
[2025-05-09T16:00:38.205-0600] {logging_mixin.py:188} INFO - [2025-05-09T16:00:38.205-0600] {dagbag.py:538} INFO - Filling up the DagBag from /Users/crobles18/Downloads/fire_incidents_pipeline/airflow/venv/lib/python3.10/site-packages/airflow/example_dags/tutorial.py
[2025-05-09T16:00:38.231-0600] {processor.py:840} INFO - DAG(s) 'tutorial' retrieved from /Users/crobles18/Downloads/fire_incidents_pipeline/airflow/venv/lib/python3.10/site-packages/airflow/example_dags/tutorial.py
[2025-05-09T16:00:38.271-0600] {logging_mixin.py:188} INFO - [2025-05-09T16:00:38.271-0600] {dag.py:3036} INFO - Sync 1 DAGs
[2025-05-09T16:00:38.277-0600] {logging_mixin.py:188} INFO - [2025-05-09T16:00:38.277-0600] {dag.py:3823} INFO - Setting next_dagrun for tutorial to 2025-05-08 00:00:00+00:00, run_after=2025-05-09 00:00:00+00:00
[2025-05-09T16:00:38.284-0600] {processor.py:183} INFO - Processing /Users/crobles18/Downloads/fire_incidents_pipeline/airflow/venv/lib/python3.10/site-packages/airflow/example_dags/tutorial.py took 0.080 seconds
[2025-05-09T16:02:16.878-0600] {processor.py:161} INFO - Started process (PID=54658) to work on /Users/crobles18/Downloads/fire_incidents_pipeline/airflow/venv/lib/python3.10/site-packages/airflow/example_dags/tutorial.py
[2025-05-09T16:02:16.879-0600] {processor.py:830} INFO - Processing file /Users/crobles18/Downloads/fire_incidents_pipeline/airflow/venv/lib/python3.10/site-packages/airflow/example_dags/tutorial.py for tasks to queue
[2025-05-09T16:02:16.879-0600] {logging_mixin.py:188} INFO - [2025-05-09T16:02:16.879-0600] {dagbag.py:538} INFO - Filling up the DagBag from /Users/crobles18/Downloads/fire_incidents_pipeline/airflow/venv/lib/python3.10/site-packages/airflow/example_dags/tutorial.py
[2025-05-09T16:02:16.901-0600] {processor.py:840} INFO - DAG(s) 'tutorial' retrieved from /Users/crobles18/Downloads/fire_incidents_pipeline/airflow/venv/lib/python3.10/site-packages/airflow/example_dags/tutorial.py
[2025-05-09T16:02:16.939-0600] {logging_mixin.py:188} INFO - [2025-05-09T16:02:16.939-0600] {dag.py:3036} INFO - Sync 1 DAGs
[2025-05-09T16:02:16.945-0600] {logging_mixin.py:188} INFO - [2025-05-09T16:02:16.945-0600] {dag.py:3823} INFO - Setting next_dagrun for tutorial to 2025-05-08 00:00:00+00:00, run_after=2025-05-09 00:00:00+00:00
[2025-05-09T16:02:16.952-0600] {processor.py:183} INFO - Processing /Users/crobles18/Downloads/fire_incidents_pipeline/airflow/venv/lib/python3.10/site-packages/airflow/example_dags/tutorial.py took 0.074 seconds
