[2025-05-09T15:56:52.037-0600] {processor.py:161} INFO - Started process (PID=53839) to work on /Users/crobles18/Downloads/fire_incidents_pipeline/airflow/venv/lib/python3.10/site-packages/airflow/example_dags/plugins/event_listener.py
[2025-05-09T15:56:52.038-0600] {processor.py:830} INFO - Processing file /Users/crobles18/Downloads/fire_incidents_pipeline/airflow/venv/lib/python3.10/site-packages/airflow/example_dags/plugins/event_listener.py for tasks to queue
[2025-05-09T15:56:52.039-0600] {logging_mixin.py:188} INFO - [2025-05-09T15:56:52.039-0600] {dagbag.py:538} INFO - Filling up the DagBag from /Users/crobles18/Downloads/fire_incidents_pipeline/airflow/venv/lib/python3.10/site-packages/airflow/example_dags/plugins/event_listener.py
[2025-05-09T15:56:52.039-0600] {processor.py:842} WARNING - No viable dags retrieved from /Users/crobles18/Downloads/fire_incidents_pipeline/airflow/venv/lib/python3.10/site-packages/airflow/example_dags/plugins/event_listener.py
[2025-05-09T15:56:52.122-0600] {processor.py:183} INFO - Processing /Users/crobles18/Downloads/fire_incidents_pipeline/airflow/venv/lib/python3.10/site-packages/airflow/example_dags/plugins/event_listener.py took 0.085 seconds
[2025-05-09T15:58:20.701-0600] {processor.py:161} INFO - Started process (PID=54011) to work on /Users/crobles18/Downloads/fire_incidents_pipeline/airflow/venv/lib/python3.10/site-packages/airflow/example_dags/plugins/event_listener.py
[2025-05-09T15:58:20.702-0600] {processor.py:830} INFO - Processing file /Users/crobles18/Downloads/fire_incidents_pipeline/airflow/venv/lib/python3.10/site-packages/airflow/example_dags/plugins/event_listener.py for tasks to queue
[2025-05-09T15:58:20.702-0600] {logging_mixin.py:188} INFO - [2025-05-09T15:58:20.702-0600] {dagbag.py:538} INFO - Filling up the DagBag from /Users/crobles18/Downloads/fire_incidents_pipeline/airflow/venv/lib/python3.10/site-packages/airflow/example_dags/plugins/event_listener.py
[2025-05-09T15:58:20.702-0600] {processor.py:842} WARNING - No viable dags retrieved from /Users/crobles18/Downloads/fire_incidents_pipeline/airflow/venv/lib/python3.10/site-packages/airflow/example_dags/plugins/event_listener.py
[2025-05-09T15:58:20.758-0600] {processor.py:183} INFO - Processing /Users/crobles18/Downloads/fire_incidents_pipeline/airflow/venv/lib/python3.10/site-packages/airflow/example_dags/plugins/event_listener.py took 0.057 seconds
[2025-05-09T15:59:14.768-0600] {processor.py:161} INFO - Started process (PID=54262) to work on /Users/crobles18/Downloads/fire_incidents_pipeline/airflow/venv/lib/python3.10/site-packages/airflow/example_dags/plugins/event_listener.py
[2025-05-09T15:59:14.768-0600] {processor.py:830} INFO - Processing file /Users/crobles18/Downloads/fire_incidents_pipeline/airflow/venv/lib/python3.10/site-packages/airflow/example_dags/plugins/event_listener.py for tasks to queue
[2025-05-09T15:59:14.769-0600] {logging_mixin.py:188} INFO - [2025-05-09T15:59:14.769-0600] {dagbag.py:538} INFO - Filling up the DagBag from /Users/crobles18/Downloads/fire_incidents_pipeline/airflow/venv/lib/python3.10/site-packages/airflow/example_dags/plugins/event_listener.py
[2025-05-09T15:59:14.769-0600] {processor.py:842} WARNING - No viable dags retrieved from /Users/crobles18/Downloads/fire_incidents_pipeline/airflow/venv/lib/python3.10/site-packages/airflow/example_dags/plugins/event_listener.py
[2025-05-09T15:59:14.824-0600] {processor.py:183} INFO - Processing /Users/crobles18/Downloads/fire_incidents_pipeline/airflow/venv/lib/python3.10/site-packages/airflow/example_dags/plugins/event_listener.py took 0.057 seconds
[2025-05-09T16:00:31.103-0600] {processor.py:161} INFO - Started process (PID=54519) to work on /Users/crobles18/Downloads/fire_incidents_pipeline/airflow/venv/lib/python3.10/site-packages/airflow/example_dags/plugins/event_listener.py
[2025-05-09T16:00:31.104-0600] {processor.py:830} INFO - Processing file /Users/crobles18/Downloads/fire_incidents_pipeline/airflow/venv/lib/python3.10/site-packages/airflow/example_dags/plugins/event_listener.py for tasks to queue
[2025-05-09T16:00:31.104-0600] {logging_mixin.py:188} INFO - [2025-05-09T16:00:31.104-0600] {dagbag.py:538} INFO - Filling up the DagBag from /Users/crobles18/Downloads/fire_incidents_pipeline/airflow/venv/lib/python3.10/site-packages/airflow/example_dags/plugins/event_listener.py
[2025-05-09T16:00:31.105-0600] {processor.py:842} WARNING - No viable dags retrieved from /Users/crobles18/Downloads/fire_incidents_pipeline/airflow/venv/lib/python3.10/site-packages/airflow/example_dags/plugins/event_listener.py
[2025-05-09T16:00:31.171-0600] {processor.py:183} INFO - Processing /Users/crobles18/Downloads/fire_incidents_pipeline/airflow/venv/lib/python3.10/site-packages/airflow/example_dags/plugins/event_listener.py took 0.068 seconds
[2025-05-09T16:02:07.873-0600] {processor.py:161} INFO - Started process (PID=54649) to work on /Users/crobles18/Downloads/fire_incidents_pipeline/airflow/venv/lib/python3.10/site-packages/airflow/example_dags/plugins/event_listener.py
[2025-05-09T16:02:07.874-0600] {processor.py:830} INFO - Processing file /Users/crobles18/Downloads/fire_incidents_pipeline/airflow/venv/lib/python3.10/site-packages/airflow/example_dags/plugins/event_listener.py for tasks to queue
[2025-05-09T16:02:07.874-0600] {logging_mixin.py:188} INFO - [2025-05-09T16:02:07.874-0600] {dagbag.py:538} INFO - Filling up the DagBag from /Users/crobles18/Downloads/fire_incidents_pipeline/airflow/venv/lib/python3.10/site-packages/airflow/example_dags/plugins/event_listener.py
[2025-05-09T16:02:07.875-0600] {processor.py:842} WARNING - No viable dags retrieved from /Users/crobles18/Downloads/fire_incidents_pipeline/airflow/venv/lib/python3.10/site-packages/airflow/example_dags/plugins/event_listener.py
[2025-05-09T16:02:07.924-0600] {processor.py:183} INFO - Processing /Users/crobles18/Downloads/fire_incidents_pipeline/airflow/venv/lib/python3.10/site-packages/airflow/example_dags/plugins/event_listener.py took 0.052 seconds
