[2025-05-09T15:56:49.854-0600] {processor.py:161} INFO - Started process (PID=53835) to work on /Users/crobles18/Downloads/fire_incidents_pipeline/airflow/venv/lib/python3.10/site-packages/airflow/example_dags/plugins/listener_plugin.py
[2025-05-09T15:56:49.854-0600] {processor.py:830} INFO - Processing file /Users/crobles18/Downloads/fire_incidents_pipeline/airflow/venv/lib/python3.10/site-packages/airflow/example_dags/plugins/listener_plugin.py for tasks to queue
[2025-05-09T15:56:49.855-0600] {logging_mixin.py:188} INFO - [2025-05-09T15:56:49.855-0600] {dagbag.py:538} INFO - Filling up the DagBag from /Users/crobles18/Downloads/fire_incidents_pipeline/airflow/venv/lib/python3.10/site-packages/airflow/example_dags/plugins/listener_plugin.py
[2025-05-09T15:56:49.855-0600] {processor.py:842} WARNING - No viable dags retrieved from /Users/crobles18/Downloads/fire_incidents_pipeline/airflow/venv/lib/python3.10/site-packages/airflow/example_dags/plugins/listener_plugin.py
[2025-05-09T15:56:49.909-0600] {processor.py:183} INFO - Processing /Users/crobles18/Downloads/fire_incidents_pipeline/airflow/venv/lib/python3.10/site-packages/airflow/example_dags/plugins/listener_plugin.py took 0.055 seconds
[2025-05-09T15:58:18.908-0600] {processor.py:161} INFO - Started process (PID=54008) to work on /Users/crobles18/Downloads/fire_incidents_pipeline/airflow/venv/lib/python3.10/site-packages/airflow/example_dags/plugins/listener_plugin.py
[2025-05-09T15:58:18.909-0600] {processor.py:830} INFO - Processing file /Users/crobles18/Downloads/fire_incidents_pipeline/airflow/venv/lib/python3.10/site-packages/airflow/example_dags/plugins/listener_plugin.py for tasks to queue
[2025-05-09T15:58:18.909-0600] {logging_mixin.py:188} INFO - [2025-05-09T15:58:18.909-0600] {dagbag.py:538} INFO - Filling up the DagBag from /Users/crobles18/Downloads/fire_incidents_pipeline/airflow/venv/lib/python3.10/site-packages/airflow/example_dags/plugins/listener_plugin.py
[2025-05-09T15:58:18.911-0600] {processor.py:842} WARNING - No viable dags retrieved from /Users/crobles18/Downloads/fire_incidents_pipeline/airflow/venv/lib/python3.10/site-packages/airflow/example_dags/plugins/listener_plugin.py
[2025-05-09T15:58:18.964-0600] {processor.py:183} INFO - Processing /Users/crobles18/Downloads/fire_incidents_pipeline/airflow/venv/lib/python3.10/site-packages/airflow/example_dags/plugins/listener_plugin.py took 0.056 seconds
[2025-05-09T15:59:12.803-0600] {processor.py:161} INFO - Started process (PID=54261) to work on /Users/crobles18/Downloads/fire_incidents_pipeline/airflow/venv/lib/python3.10/site-packages/airflow/example_dags/plugins/listener_plugin.py
[2025-05-09T15:59:12.803-0600] {processor.py:830} INFO - Processing file /Users/crobles18/Downloads/fire_incidents_pipeline/airflow/venv/lib/python3.10/site-packages/airflow/example_dags/plugins/listener_plugin.py for tasks to queue
[2025-05-09T15:59:12.804-0600] {logging_mixin.py:188} INFO - [2025-05-09T15:59:12.804-0600] {dagbag.py:538} INFO - Filling up the DagBag from /Users/crobles18/Downloads/fire_incidents_pipeline/airflow/venv/lib/python3.10/site-packages/airflow/example_dags/plugins/listener_plugin.py
[2025-05-09T15:59:12.805-0600] {processor.py:842} WARNING - No viable dags retrieved from /Users/crobles18/Downloads/fire_incidents_pipeline/airflow/venv/lib/python3.10/site-packages/airflow/example_dags/plugins/listener_plugin.py
[2025-05-09T15:59:12.903-0600] {processor.py:183} INFO - Processing /Users/crobles18/Downloads/fire_incidents_pipeline/airflow/venv/lib/python3.10/site-packages/airflow/example_dags/plugins/listener_plugin.py took 0.101 seconds
[2025-05-09T16:00:29.147-0600] {processor.py:161} INFO - Started process (PID=54513) to work on /Users/crobles18/Downloads/fire_incidents_pipeline/airflow/venv/lib/python3.10/site-packages/airflow/example_dags/plugins/listener_plugin.py
[2025-05-09T16:00:29.147-0600] {processor.py:830} INFO - Processing file /Users/crobles18/Downloads/fire_incidents_pipeline/airflow/venv/lib/python3.10/site-packages/airflow/example_dags/plugins/listener_plugin.py for tasks to queue
[2025-05-09T16:00:29.148-0600] {logging_mixin.py:188} INFO - [2025-05-09T16:00:29.148-0600] {dagbag.py:538} INFO - Filling up the DagBag from /Users/crobles18/Downloads/fire_incidents_pipeline/airflow/venv/lib/python3.10/site-packages/airflow/example_dags/plugins/listener_plugin.py
[2025-05-09T16:00:29.149-0600] {processor.py:842} WARNING - No viable dags retrieved from /Users/crobles18/Downloads/fire_incidents_pipeline/airflow/venv/lib/python3.10/site-packages/airflow/example_dags/plugins/listener_plugin.py
[2025-05-09T16:00:29.213-0600] {processor.py:183} INFO - Processing /Users/crobles18/Downloads/fire_incidents_pipeline/airflow/venv/lib/python3.10/site-packages/airflow/example_dags/plugins/listener_plugin.py took 0.067 seconds
[2025-05-09T16:02:06.127-0600] {processor.py:161} INFO - Started process (PID=54648) to work on /Users/crobles18/Downloads/fire_incidents_pipeline/airflow/venv/lib/python3.10/site-packages/airflow/example_dags/plugins/listener_plugin.py
[2025-05-09T16:02:06.127-0600] {processor.py:830} INFO - Processing file /Users/crobles18/Downloads/fire_incidents_pipeline/airflow/venv/lib/python3.10/site-packages/airflow/example_dags/plugins/listener_plugin.py for tasks to queue
[2025-05-09T16:02:06.127-0600] {logging_mixin.py:188} INFO - [2025-05-09T16:02:06.127-0600] {dagbag.py:538} INFO - Filling up the DagBag from /Users/crobles18/Downloads/fire_incidents_pipeline/airflow/venv/lib/python3.10/site-packages/airflow/example_dags/plugins/listener_plugin.py
[2025-05-09T16:02:06.129-0600] {processor.py:842} WARNING - No viable dags retrieved from /Users/crobles18/Downloads/fire_incidents_pipeline/airflow/venv/lib/python3.10/site-packages/airflow/example_dags/plugins/listener_plugin.py
[2025-05-09T16:02:06.179-0600] {processor.py:183} INFO - Processing /Users/crobles18/Downloads/fire_incidents_pipeline/airflow/venv/lib/python3.10/site-packages/airflow/example_dags/plugins/listener_plugin.py took 0.053 seconds
