[2025-05-09T15:56:47.642-0600] {processor.py:161} INFO - Started process (PID=53832) to work on /Users/crobles18/Downloads/fire_incidents_pipeline/airflow/venv/lib/python3.10/site-packages/airflow/example_dags/plugins/workday.py
[2025-05-09T15:56:47.643-0600] {processor.py:830} INFO - Processing file /Users/crobles18/Downloads/fire_incidents_pipeline/airflow/venv/lib/python3.10/site-packages/airflow/example_dags/plugins/workday.py for tasks to queue
[2025-05-09T15:56:47.643-0600] {logging_mixin.py:188} INFO - [2025-05-09T15:56:47.643-0600] {dagbag.py:538} INFO - Filling up the DagBag from /Users/crobles18/Downloads/fire_incidents_pipeline/airflow/venv/lib/python3.10/site-packages/airflow/example_dags/plugins/workday.py
[2025-05-09T15:56:48.032-0600] {processor.py:842} WARNING - No viable dags retrieved from /Users/crobles18/Downloads/fire_incidents_pipeline/airflow/venv/lib/python3.10/site-packages/airflow/example_dags/plugins/workday.py
[2025-05-09T15:56:48.063-0600] {processor.py:183} INFO - Processing /Users/crobles18/Downloads/fire_incidents_pipeline/airflow/venv/lib/python3.10/site-packages/airflow/example_dags/plugins/workday.py took 0.422 seconds
[2025-05-09T15:58:16.794-0600] {processor.py:161} INFO - Started process (PID=54003) to work on /Users/crobles18/Downloads/fire_incidents_pipeline/airflow/venv/lib/python3.10/site-packages/airflow/example_dags/plugins/workday.py
[2025-05-09T15:58:16.795-0600] {processor.py:830} INFO - Processing file /Users/crobles18/Downloads/fire_incidents_pipeline/airflow/venv/lib/python3.10/site-packages/airflow/example_dags/plugins/workday.py for tasks to queue
[2025-05-09T15:58:16.795-0600] {logging_mixin.py:188} INFO - [2025-05-09T15:58:16.795-0600] {dagbag.py:538} INFO - Filling up the DagBag from /Users/crobles18/Downloads/fire_incidents_pipeline/airflow/venv/lib/python3.10/site-packages/airflow/example_dags/plugins/workday.py
[2025-05-09T15:58:17.134-0600] {processor.py:842} WARNING - No viable dags retrieved from /Users/crobles18/Downloads/fire_incidents_pipeline/airflow/venv/lib/python3.10/site-packages/airflow/example_dags/plugins/workday.py
[2025-05-09T15:58:17.166-0600] {processor.py:183} INFO - Processing /Users/crobles18/Downloads/fire_incidents_pipeline/airflow/venv/lib/python3.10/site-packages/airflow/example_dags/plugins/workday.py took 0.372 seconds
[2025-05-09T15:59:10.439-0600] {processor.py:161} INFO - Started process (PID=54258) to work on /Users/crobles18/Downloads/fire_incidents_pipeline/airflow/venv/lib/python3.10/site-packages/airflow/example_dags/plugins/workday.py
[2025-05-09T15:59:10.440-0600] {processor.py:830} INFO - Processing file /Users/crobles18/Downloads/fire_incidents_pipeline/airflow/venv/lib/python3.10/site-packages/airflow/example_dags/plugins/workday.py for tasks to queue
[2025-05-09T15:59:10.440-0600] {logging_mixin.py:188} INFO - [2025-05-09T15:59:10.440-0600] {dagbag.py:538} INFO - Filling up the DagBag from /Users/crobles18/Downloads/fire_incidents_pipeline/airflow/venv/lib/python3.10/site-packages/airflow/example_dags/plugins/workday.py
[2025-05-09T15:59:10.878-0600] {processor.py:842} WARNING - No viable dags retrieved from /Users/crobles18/Downloads/fire_incidents_pipeline/airflow/venv/lib/python3.10/site-packages/airflow/example_dags/plugins/workday.py
[2025-05-09T15:59:10.911-0600] {processor.py:183} INFO - Processing /Users/crobles18/Downloads/fire_incidents_pipeline/airflow/venv/lib/python3.10/site-packages/airflow/example_dags/plugins/workday.py took 0.472 seconds
[2025-05-09T16:00:26.745-0600] {processor.py:161} INFO - Started process (PID=54509) to work on /Users/crobles18/Downloads/fire_incidents_pipeline/airflow/venv/lib/python3.10/site-packages/airflow/example_dags/plugins/workday.py
[2025-05-09T16:00:26.746-0600] {processor.py:830} INFO - Processing file /Users/crobles18/Downloads/fire_incidents_pipeline/airflow/venv/lib/python3.10/site-packages/airflow/example_dags/plugins/workday.py for tasks to queue
[2025-05-09T16:00:26.747-0600] {logging_mixin.py:188} INFO - [2025-05-09T16:00:26.747-0600] {dagbag.py:538} INFO - Filling up the DagBag from /Users/crobles18/Downloads/fire_incidents_pipeline/airflow/venv/lib/python3.10/site-packages/airflow/example_dags/plugins/workday.py
[2025-05-09T16:00:27.240-0600] {processor.py:842} WARNING - No viable dags retrieved from /Users/crobles18/Downloads/fire_incidents_pipeline/airflow/venv/lib/python3.10/site-packages/airflow/example_dags/plugins/workday.py
[2025-05-09T16:00:27.275-0600] {processor.py:183} INFO - Processing /Users/crobles18/Downloads/fire_incidents_pipeline/airflow/venv/lib/python3.10/site-packages/airflow/example_dags/plugins/workday.py took 0.533 seconds
[2025-05-09T16:02:03.872-0600] {processor.py:161} INFO - Started process (PID=54643) to work on /Users/crobles18/Downloads/fire_incidents_pipeline/airflow/venv/lib/python3.10/site-packages/airflow/example_dags/plugins/workday.py
[2025-05-09T16:02:03.873-0600] {processor.py:830} INFO - Processing file /Users/crobles18/Downloads/fire_incidents_pipeline/airflow/venv/lib/python3.10/site-packages/airflow/example_dags/plugins/workday.py for tasks to queue
[2025-05-09T16:02:03.873-0600] {logging_mixin.py:188} INFO - [2025-05-09T16:02:03.873-0600] {dagbag.py:538} INFO - Filling up the DagBag from /Users/crobles18/Downloads/fire_incidents_pipeline/airflow/venv/lib/python3.10/site-packages/airflow/example_dags/plugins/workday.py
[2025-05-09T16:02:04.344-0600] {processor.py:842} WARNING - No viable dags retrieved from /Users/crobles18/Downloads/fire_incidents_pipeline/airflow/venv/lib/python3.10/site-packages/airflow/example_dags/plugins/workday.py
[2025-05-09T16:02:04.379-0600] {processor.py:183} INFO - Processing /Users/crobles18/Downloads/fire_incidents_pipeline/airflow/venv/lib/python3.10/site-packages/airflow/example_dags/plugins/workday.py took 0.507 seconds
